Log file open, 03/29/20 22:48:07
LogWindows: Failed to load 'aqProf.dll' (GetLastError=126)
LogWindows: File 'aqProf.dll' does not exist
LogWindows: Failed to load 'VtuneApi.dll' (GetLastError=126)
LogWindows: File 'VtuneApi.dll' does not exist
LogWindows: Failed to load 'VtuneApi32e.dll' (GetLastError=126)
LogWindows: File 'VtuneApi32e.dll' does not exist
LogConsoleResponse: Display: Failed to find resolution value strings in scalability ini. Falling back to default.
LogInit: Display: Running engine for game: EXAMEN_ALVARO_OLIVET
LogPlatformFile: Not using cached read wrapper
LogTaskGraph: Started task graph with 5 named threads and 23 total threads with 3 sets of task threads.
LogStats: Stats thread started at 0.078374
LogD3D11RHI: Loaded GFSDK_Aftermath_Lib.x64.dll
LogICUInternationalization: ICU TimeZone Detection - Raw Offset: +1:00, Platform Override: ''
LogPluginManager: Mounting plugin Paper2D
LogPluginManager: Mounting plugin AISupport
LogPluginManager: Mounting plugin LightPropagationVolume
LogPluginManager: Mounting plugin ActorLayerUtilities
LogPluginManager: Mounting plugin AnimationSharing
LogPluginManager: Mounting plugin CLionSourceCodeAccess
LogPluginManager: Mounting plugin CodeLiteSourceCodeAccess
LogPluginManager: Mounting plugin GitSourceControl
LogPluginManager: Mounting plugin KDevelopSourceCodeAccess
LogPluginManager: Mounting plugin NullSourceCodeAccess
LogPluginManager: Mounting plugin PerforceSourceControl
LogPluginManager: Mounting plugin PlasticSourceControl
LogPluginManager: Mounting plugin SubversionSourceControl
LogPluginManager: Mounting plugin UObjectPlugin
LogPluginManager: Mounting plugin VisualStudioCodeSourceCodeAccess
LogPluginManager: Mounting plugin VisualStudioSourceCodeAccess
LogPluginManager: Mounting plugin XCodeSourceCodeAccess
LogPluginManager: Mounting plugin AssetManagerEditor
LogPluginManager: Mounting plugin CryptoKeys
LogPluginManager: Mounting plugin CurveEditorTools
LogPluginManager: Mounting plugin DataValidation
LogPluginManager: Mounting plugin FacialAnimation
LogPluginManager: Mounting plugin GameplayTagsEditor
LogPluginManager: Mounting plugin MacGraphicsSwitching
LogPluginManager: Mounting plugin MaterialAnalyzer
LogPluginManager: Mounting plugin MobileLauncherProfileWizard
LogPluginManager: Mounting plugin PluginBrowser
LogPluginManager: Mounting plugin SpeedTreeImporter
LogPluginManager: Mounting plugin DatasmithContent
LogPluginManager: Mounting plugin VariantManagerContent
LogPluginManager: Mounting plugin AlembicImporter
LogPluginManager: Mounting plugin AutomationUtils
LogPluginManager: Mounting plugin BackChannel
LogPluginManager: Mounting plugin CharacterAI
LogPluginManager: Mounting plugin GeometryCache
LogPluginManager: Mounting plugin PlatformCrypto
LogPluginManager: Mounting plugin ProxyLODPlugin
LogPluginManager: Mounting plugin SkeletalReduction
LogPluginManager: Mounting plugin MagicLeap
LogPluginManager: Mounting plugin MagicLeapMedia
LogPluginManager: Mounting plugin MLSDK
LogPluginManager: Mounting plugin AndroidMedia
LogPluginManager: Mounting plugin AvfMedia
LogPluginManager: Mounting plugin ImgMedia
LogPluginManager: Mounting plugin MediaCompositing
LogPluginManager: Mounting plugin MediaPlayerEditor
LogPluginManager: Mounting plugin WebMMedia
LogPluginManager: Mounting plugin WmfMedia
LogPluginManager: Mounting plugin TcpMessaging
LogPluginManager: Mounting plugin UdpMessaging
LogPluginManager: Mounting plugin ActorSequence
LogPluginManager: Mounting plugin LevelSequenceEditor
LogPluginManager: Mounting plugin MatineeToLevelSequence
LogPluginManager: Mounting plugin NetcodeUnitTest
LogPluginManager: Mounting plugin NUTUnrealEngine4
LogPluginManager: Mounting plugin OnlineSubsystemGooglePlay
LogPluginManager: Mounting plugin OnlineSubsystemIOS
LogPluginManager: Mounting plugin OnlineSubsystem
LogPluginManager: Mounting plugin OnlineSubsystemNull
LogPluginManager: Mounting plugin OnlineSubsystemUtils
LogPluginManager: Mounting plugin LauncherChunkInstaller
LogPluginManager: Mounting plugin AndroidDeviceProfileSelector
LogPluginManager: Mounting plugin AndroidMoviePlayer
LogPluginManager: Mounting plugin AndroidPermission
LogPluginManager: Mounting plugin AppleImageUtils
LogPluginManager: Mounting plugin AppleMoviePlayer
LogPluginManager: Mounting plugin ArchVisCharacter
LogPluginManager: Mounting plugin AssetTags
LogPluginManager: Mounting plugin AudioCapture
LogPluginManager: Mounting plugin CableComponent
LogPluginManager: Mounting plugin CustomMeshComponent
LogPluginManager: Mounting plugin EditableMesh
LogPluginManager: Mounting plugin ExampleDeviceProfileSelector
LogPluginManager: Mounting plugin GoogleCloudMessaging
LogPluginManager: Mounting plugin IOSDeviceProfileSelector
LogPluginManager: Mounting plugin LinuxDeviceProfileSelector
LogPluginManager: Mounting plugin LocationServicesBPLibrary
LogPluginManager: Mounting plugin MobilePatchingUtils
LogPluginManager: Mounting plugin OculusVR
LogPluginManager: Mounting plugin PhysXVehicles
LogPluginManager: Mounting plugin PostSplashScreen
LogPluginManager: Mounting plugin ProceduralMeshComponent
LogPluginManager: Mounting plugin RuntimePhysXCooking
LogPluginManager: Mounting plugin SignificanceManager
LogPluginManager: Mounting plugin SteamVR
LogPluginManager: Mounting plugin WebMMoviePlayer
LogPluginManager: Mounting plugin WindowsMoviePlayer
LogPluginManager: Mounting plugin ScreenshotTools
LogInit: Using libcurl 7.55.1-DEV
LogInit:  - built for x86_64-pc-win32
LogInit:  - supports SSL with OpenSSL/1.1.1
LogInit:  - supports HTTP deflate (compression) using libz 1.2.8
LogInit:  - other features:
LogInit:      CURL_VERSION_SSL
LogInit:      CURL_VERSION_LIBZ
LogInit:      CURL_VERSION_IPV6
LogInit:      CURL_VERSION_ASYNCHDNS
LogInit:      CURL_VERSION_LARGEFILE
LogInit:      CURL_VERSION_IDN
LogInit:  CurlRequestOptions (configurable via config and command line):
LogInit:  - bVerifyPeer = true  - Libcurl will verify peer certificate
LogInit:  - bUseHttpProxy = false  - Libcurl will NOT use HTTP proxy
LogInit:  - bDontReuseConnections = false  - Libcurl will reuse connections
LogInit:  - MaxHostConnections = 16  - Libcurl will limit the number of connections to a host
LogInit:  - LocalHostAddr = Default
LogInit:  - BufferSize = 65536
LogOnline: OSS: Creating online subsystem instance for: NULL
LogInit: WinSock: version 1.1 (2.2), MaxSocks=32767, MaxUdp=65467
LogOnline: OSS: TryLoadSubsystemAndSetDefault: Loaded subsystem for module [NULL]
LogInit: Build: ++UE4+Release-4.24-CL-10757647
LogInit: Engine Version: 4.24.1-10757647+++UE4+Release-4.24
LogInit: Compatible Engine Version: 4.24.0-10570792+++UE4+Release-4.24
LogInit: Net CL: 10570792
LogInit: OS: Windows 10 (Release 1903) (), CPU: Intel(R) Core(TM) i7-7700HQ CPU @ 2.80GHz, GPU: NVIDIA GeForce GTX 1070
LogInit: Compiled (64-bit): Dec 17 2019 02:08:03
LogInit: Compiled with Visual C++: 19.16.27032.01
LogInit: Build Configuration: Development
LogInit: Branch Name: ++UE4+Release-4.24
LogInit: Command Line: 
LogInit: Base Directory: D:/Games/Inside/UE_4.24/Engine/Binaries/Win64/
LogInit: Installed Engine Build: 1
LogDevObjectVersion: Number of dev versions registered: 25
LogDevObjectVersion:   Dev-Blueprints (B0D832E4-1F89-4F0D-ACCF-7EB736FD4AA2): 10
LogDevObjectVersion:   Dev-Build (E1C64328-A22C-4D53-A36C-8E866417BD8C): 0
LogDevObjectVersion:   Dev-Core (375EC13C-06E4-48FB-B500-84F0262A717E): 3
LogDevObjectVersion:   Dev-Editor (E4B068ED-F494-42E9-A231-DA0B2E46BB41): 37
LogDevObjectVersion:   Dev-Framework (CFFC743F-43B0-4480-9391-14DF171D2073): 36
LogDevObjectVersion:   Dev-Mobile (B02B49B5-BB20-44E9-A304-32B752E40360): 2
LogDevObjectVersion:   Dev-Networking (A4E4105C-59A1-49B5-A7C5-40C4547EDFEE): 0
LogDevObjectVersion:   Dev-Online (39C831C9-5AE6-47DC-9A44-9C173E1C8E7C): 0
LogDevObjectVersion:   Dev-Physics (78F01B33-EBEA-4F98-B9B4-84EACCB95AA2): 2
LogDevObjectVersion:   Dev-Platform (6631380F-2D4D-43E0-8009-CF276956A95A): 0
LogDevObjectVersion:   Dev-Rendering (12F88B9F-8875-4AFC-A67C-D90C383ABD29): 36
LogDevObjectVersion:   Dev-Sequencer (7B5AE74C-D270-4C10-A958-57980B212A5A): 11
LogDevObjectVersion:   Dev-VR (D7296918-1DD6-4BDD-9DE2-64A83CC13884): 2
LogDevObjectVersion:   Dev-LoadTimes (C2A15278-BFE7-4AFE-6C17-90FF531DF755): 1
LogDevObjectVersion:   Private-Geometry (6EACA3D4-40EC-4CC1-B786-8BED09428FC5): 3
LogDevObjectVersion:   Dev-AnimPhys (29E575DD-E0A3-4627-9D10-D276232CDCEA): 17
LogDevObjectVersion:   Dev-Anim (AF43A65D-7FD3-4947-9873-3E8ED9C1BB05): 2
LogDevObjectVersion:   Dev-ReflectionCapture (6B266CEC-1EC7-4B8F-A30B-E4D90942FC07): 1
LogDevObjectVersion:   Dev-Automation (0DF73D61-A23F-47EA-B727-89E90C41499A): 1
LogDevObjectVersion:   FortniteMain (601D1886-AC64-4F84-AA16-D3DE0DEAC7D6): 31
LogDevObjectVersion:   Dev-Enterprise (9DFFBCD6-494F-0158-E221-12823C92A888): 8
LogDevObjectVersion:   Dev-Niagara (F2AED0AC-9AFE-416F-8664-AA7FFA26D6FC): 1
LogDevObjectVersion:   Dev-Destruction (174F1F0B-B4C6-45A5-B13F-2EE8D0FB917D): 9
LogDevObjectVersion:   Dev-Physics-Ext (35F94A83-E258-406C-A318-09F59610247C): 8
LogDevObjectVersion:   Dev-CineCamera (B2E18506-4273-CFC2-A54E-F4BB758BBA07): 1
LogInit: Presizing for max 25165824 objects, including 0 objects not considered by GC, pre-allocating 0 bytes for permanent pool.
LogInit: Object subsystem initialized
LogConfig: Setting CVar [[con.DebugEarlyDefault:1]]
LogConfig: Setting CVar [[r.setres:1280x720]]
[2020.03.29-20.48.07:343][  0]LogConfig: Setting CVar [[r.VSync:0]]
[2020.03.29-20.48.07:343][  0]LogConfig: Setting CVar [[r.RHICmdBypass:0]]
[2020.03.29-20.48.07:344][  0]LogConfig: Applying CVar settings from Section [/Script/Engine.RendererSettings] File [C:/Users/Alvaro/Desktop/EXAMEN UNREAL/EXAMEN_ALVARO_OLIVET/Saved/Config/Windows/Engine.ini]
[2020.03.29-20.48.07:344][  0]LogConfig: Setting CVar [[r.GPUCrashDebugging:0]]
[2020.03.29-20.48.07:344][  0]LogConfig: Applying CVar settings from Section [/Script/Engine.RendererOverrideSettings] File [C:/Users/Alvaro/Desktop/EXAMEN UNREAL/EXAMEN_ALVARO_OLIVET/Saved/Config/Windows/Engine.ini]
[2020.03.29-20.48.07:344][  0]LogConfig: Applying CVar settings from Section [/Script/Engine.StreamingSettings] File [C:/Users/Alvaro/Desktop/EXAMEN UNREAL/EXAMEN_ALVARO_OLIVET/Saved/Config/Windows/Engine.ini]
[2020.03.29-20.48.07:344][  0]LogConfig: Setting CVar [[s.MinBulkDataSizeForAsyncLoading:131072]]
[2020.03.29-20.48.07:344][  0]LogConfig: Setting CVar [[s.AsyncLoadingThreadEnabled:0]]
[2020.03.29-20.48.07:344][  0]LogConfig: Setting CVar [[s.EventDrivenLoaderEnabled:1]]
[2020.03.29-20.48.07:344][  0]LogConfig: Setting CVar [[s.WarnIfTimeLimitExceeded:0]]
[2020.03.29-20.48.07:344][  0]LogConfig: Setting CVar [[s.TimeLimitExceededMultiplier:1.5]]
[2020.03.29-20.48.07:344][  0]LogConfig: Setting CVar [[s.TimeLimitExceededMinTime:0.005]]
[2020.03.29-20.48.07:344][  0]LogConfig: Setting CVar [[s.UseBackgroundLevelStreaming:1]]
[2020.03.29-20.48.07:344][  0]LogConfig: Setting CVar [[s.PriorityAsyncLoadingExtraTime:15.0]]
[2020.03.29-20.48.07:344][  0]LogConfig: Setting CVar [[s.LevelStreamingActorsUpdateTimeLimit:5.0]]
[2020.03.29-20.48.07:344][  0]LogConfig: Setting CVar [[s.PriorityLevelStreamingActorsUpdateExtraTime:5.0]]
[2020.03.29-20.48.07:344][  0]LogConfig: Setting CVar [[s.LevelStreamingComponentsRegistrationGranularity:10]]
[2020.03.29-20.48.07:344][  0]LogConfig: Setting CVar [[s.UnregisterComponentsTimeLimit:1.0]]
[2020.03.29-20.48.07:344][  0]LogConfig: Setting CVar [[s.LevelStreamingComponentsUnregistrationGranularity:5]]
[2020.03.29-20.48.07:344][  0]LogConfig: Setting CVar [[s.FlushStreamingOnExit:1]]
[2020.03.29-20.48.07:344][  0]LogConfig: Applying CVar settings from Section [/Script/Engine.GarbageCollectionSettings] File [C:/Users/Alvaro/Desktop/EXAMEN UNREAL/EXAMEN_ALVARO_OLIVET/Saved/Config/Windows/Engine.ini]
[2020.03.29-20.48.07:344][  0]LogConfig: Setting CVar [[gc.MaxObjectsNotConsideredByGC:1]]
[2020.03.29-20.48.07:344][  0]LogConfig: Setting CVar [[gc.SizeOfPermanentObjectPool:0]]
[2020.03.29-20.48.07:344][  0]LogConfig: Setting CVar [[gc.FlushStreamingOnGC:0]]
[2020.03.29-20.48.07:344][  0]LogConfig: Setting CVar [[gc.NumRetriesBeforeForcingGC:10]]
[2020.03.29-20.48.07:344][  0]LogConfig: Setting CVar [[gc.AllowParallelGC:1]]
[2020.03.29-20.48.07:344][  0]LogConfig: Setting CVar [[gc.TimeBetweenPurgingPendingKillObjects:61.1]]
[2020.03.29-20.48.07:344][  0]LogConfig: Setting CVar [[gc.MaxObjectsInEditor:25165824]]
[2020.03.29-20.48.07:344][  0]LogConfig: Setting CVar [[gc.IncrementalBeginDestroyEnabled:1]]
[2020.03.29-20.48.07:344][  0]LogConfig: Setting CVar [[gc.CreateGCClusters:1]]
[2020.03.29-20.48.07:344][  0]LogConfig: Setting CVar [[gc.MinGCClusterSize:5]]
[2020.03.29-20.48.07:344][  0]LogConfig: Setting CVar [[gc.ActorClusteringEnabled:0]]
[2020.03.29-20.48.07:344][  0]LogConfig: Setting CVar [[gc.BlueprintClusteringEnabled:0]]
[2020.03.29-20.48.07:344][  0]LogConfig: Setting CVar [[gc.UseDisregardForGCOnDedicatedServers:0]]
[2020.03.29-20.48.07:344][  0]LogConfig: Applying CVar settings from Section [/Script/Engine.NetworkSettings] File [C:/Users/Alvaro/Desktop/EXAMEN UNREAL/EXAMEN_ALVARO_OLIVET/Saved/Config/Windows/Engine.ini]
[2020.03.29-20.48.07:344][  0]LogConfig: Applying CVar settings from Section [/Script/UnrealEd.CookerSettings] File [C:/Users/Alvaro/Desktop/EXAMEN UNREAL/EXAMEN_ALVARO_OLIVET/Saved/Config/Windows/Engine.ini]
[2020.03.29-20.48.07:346][  0]LogConfig: Applying CVar settings from Section [ViewDistanceQuality@3] File [C:/Users/Alvaro/Desktop/EXAMEN UNREAL/EXAMEN_ALVARO_OLIVET/Saved/Config/Windows/Scalability.ini]
[2020.03.29-20.48.07:346][  0]LogConfig: Setting CVar [[r.SkeletalMeshLODBias:0]]
[2020.03.29-20.48.07:346][  0]LogConfig: Setting CVar [[r.ViewDistanceScale:1.0]]
[2020.03.29-20.48.07:346][  0]LogConfig: Applying CVar settings from Section [AntiAliasingQuality@3] File [C:/Users/Alvaro/Desktop/EXAMEN UNREAL/EXAMEN_ALVARO_OLIVET/Saved/Config/Windows/Scalability.ini]
[2020.03.29-20.48.07:346][  0]LogConfig: Setting CVar [[r.PostProcessAAQuality:4]]
[2020.03.29-20.48.07:346][  0]LogConfig: Applying CVar settings from Section [ShadowQuality@3] File [C:/Users/Alvaro/Desktop/EXAMEN UNREAL/EXAMEN_ALVARO_OLIVET/Saved/Config/Windows/Scalability.ini]
[2020.03.29-20.48.07:346][  0]LogConfig: Setting CVar [[r.LightFunctionQuality:1]]
[2020.03.29-20.48.07:346][  0]LogConfig: Setting CVar [[r.ShadowQuality:5]]
[2020.03.29-20.48.07:346][  0]LogConfig: Setting CVar [[r.Shadow.CSM.MaxCascades:10]]
[2020.03.29-20.48.07:346][  0]LogConfig: Setting CVar [[r.Shadow.MaxResolution:2048]]
[2020.03.29-20.48.07:346][  0]LogConfig: Setting CVar [[r.Shadow.MaxCSMResolution:2048]]
[2020.03.29-20.48.07:347][  0]LogConfig: Setting CVar [[r.Shadow.RadiusThreshold:0.01]]
[2020.03.29-20.48.07:347][  0]LogConfig: Setting CVar [[r.Shadow.DistanceScale:1.0]]
[2020.03.29-20.48.07:347][  0]LogConfig: Setting CVar [[r.Shadow.CSM.TransitionScale:1.0]]
[2020.03.29-20.48.07:347][  0]LogConfig: Setting CVar [[r.Shadow.PreShadowResolutionFactor:1.0]]
[2020.03.29-20.48.07:347][  0]LogConfig: Setting CVar [[r.DistanceFieldShadowing:1]]
[2020.03.29-20.48.07:347][  0]LogConfig: Setting CVar [[r.DistanceFieldAO:1]]
[2020.03.29-20.48.07:347][  0]LogConfig: Setting CVar [[r.AOQuality:2]]
[2020.03.29-20.48.07:347][  0]LogConfig: Setting CVar [[r.VolumetricFog:1]]
[2020.03.29-20.48.07:347][  0]LogConfig: Setting CVar [[r.VolumetricFog.GridPixelSize:8]]
[2020.03.29-20.48.07:347][  0]LogConfig: Setting CVar [[r.VolumetricFog.GridSizeZ:128]]
[2020.03.29-20.48.07:347][  0]LogConfig: Setting CVar [[r.VolumetricFog.HistoryMissSupersampleCount:4]]
[2020.03.29-20.48.07:347][  0]LogConfig: Setting CVar [[r.LightMaxDrawDistanceScale:1]]
[2020.03.29-20.48.07:347][  0]LogConfig: Setting CVar [[r.CapsuleShadows:1]]
[2020.03.29-20.48.07:347][  0]LogConfig: Applying CVar settings from Section [PostProcessQuality@3] File [C:/Users/Alvaro/Desktop/EXAMEN UNREAL/EXAMEN_ALVARO_OLIVET/Saved/Config/Windows/Scalability.ini]
[2020.03.29-20.48.07:347][  0]LogConfig: Setting CVar [[r.MotionBlurQuality:4]]
[2020.03.29-20.48.07:347][  0]LogConfig: Setting CVar [[r.AmbientOcclusionMipLevelFactor:0.4]]
[2020.03.29-20.48.07:347][  0]LogConfig: Setting CVar [[r.AmbientOcclusionMaxQuality:100]]
[2020.03.29-20.48.07:347][  0]LogConfig: Setting CVar [[r.AmbientOcclusionLevels:-1]]
[2020.03.29-20.48.07:347][  0]LogConfig: Setting CVar [[r.AmbientOcclusionRadiusScale:1.0]]
[2020.03.29-20.48.07:347][  0]LogConfig: Setting CVar [[r.DepthOfFieldQuality:2]]
[2020.03.29-20.48.07:347][  0]LogConfig: Setting CVar [[r.RenderTargetPoolMin:400]]
[2020.03.29-20.48.07:347][  0]LogConfig: Setting CVar [[r.LensFlareQuality:2]]
[2020.03.29-20.48.07:347][  0]LogConfig: Setting CVar [[r.SceneColorFringeQuality:1]]
[2020.03.29-20.48.07:347][  0]LogConfig: Setting CVar [[r.EyeAdaptationQuality:2]]
[2020.03.29-20.48.07:347][  0]LogConfig: Setting CVar [[r.BloomQuality:5]]
[2020.03.29-20.48.07:347][  0]LogConfig: Setting CVar [[r.FastBlurThreshold:100]]
[2020.03.29-20.48.07:347][  0]LogConfig: Setting CVar [[r.Upscale.Quality:3]]
[2020.03.29-20.48.07:347][  0]LogConfig: Setting CVar [[r.Tonemapper.GrainQuantization:1]]
[2020.03.29-20.48.07:347][  0]LogConfig: Setting CVar [[r.LightShaftQuality:1]]
[2020.03.29-20.48.07:347][  0]LogConfig: Setting CVar [[r.Filter.SizeScale:1]]
[2020.03.29-20.48.07:347][  0]LogConfig: Setting CVar [[r.Tonemapper.Quality:5]]
[2020.03.29-20.48.07:347][  0]LogConfig: Setting CVar [[r.DOF.Gather.AccumulatorQuality:1        ; higher gathering accumulator quality]]
[2020.03.29-20.48.07:347][  0]LogConfig: Setting CVar [[r.DOF.Gather.PostfilterMethod:1          ; Median3x3 postfilering method]]
[2020.03.29-20.48.07:347][  0]LogConfig: Setting CVar [[r.DOF.Gather.EnableBokehSettings:0       ; no bokeh simulation when gathering]]
[2020.03.29-20.48.07:347][  0]LogConfig: Setting CVar [[r.DOF.Gather.RingCount:4                 ; medium number of samples when gathering]]
[2020.03.29-20.48.07:347][  0]LogConfig: Setting CVar [[r.DOF.Scatter.ForegroundCompositing:1    ; additive foreground scattering]]
[2020.03.29-20.48.07:347][  0]LogConfig: Setting CVar [[r.DOF.Scatter.BackgroundCompositing:2    ; additive background scattering]]
[2020.03.29-20.48.07:347][  0]LogConfig: Setting CVar [[r.DOF.Scatter.EnableBokehSettings:1      ; bokeh simulation when scattering]]
[2020.03.29-20.48.07:347][  0]LogConfig: Setting CVar [[r.DOF.Scatter.MaxSpriteRatio:0.1         ; only a maximum of 10% of scattered bokeh]]
[2020.03.29-20.48.07:347][  0]LogConfig: Setting CVar [[r.DOF.Recombine.Quality:1                ; cheap slight out of focus]]
[2020.03.29-20.48.07:347][  0]LogConfig: Setting CVar [[r.DOF.Recombine.EnableBokehSettings:0    ; no bokeh simulation on slight out of focus]]
[2020.03.29-20.48.07:347][  0]LogConfig: Setting CVar [[r.DOF.TemporalAAQuality:1                ; more stable temporal accumulation]]
[2020.03.29-20.48.07:347][  0]LogConfig: Setting CVar [[r.DOF.Kernel.MaxForegroundRadius:0.025]]
[2020.03.29-20.48.07:347][  0]LogConfig: Setting CVar [[r.DOF.Kernel.MaxBackgroundRadius:0.025]]
[2020.03.29-20.48.07:347][  0]LogConfig: Applying CVar settings from Section [TextureQuality@3] File [C:/Users/Alvaro/Desktop/EXAMEN UNREAL/EXAMEN_ALVARO_OLIVET/Saved/Config/Windows/Scalability.ini]
[2020.03.29-20.48.07:347][  0]LogConfig: Setting CVar [[r.Streaming.MipBias:0]]
[2020.03.29-20.48.07:347][  0]LogConfig: Setting CVar [[r.Streaming.AmortizeCPUToGPUCopy:0]]
[2020.03.29-20.48.07:347][  0]LogConfig: Setting CVar [[r.Streaming.MaxNumTexturesToStreamPerFrame:0]]
[2020.03.29-20.48.07:347][  0]LogConfig: Setting CVar [[r.Streaming.Boost:1]]
[2020.03.29-20.48.07:347][  0]LogConfig: Setting CVar [[r.MaxAnisotropy:8]]
[2020.03.29-20.48.07:347][  0]LogConfig: Setting CVar [[r.VT.MaxAnisotropy:8]]
[2020.03.29-20.48.07:347][  0]LogConfig: Setting CVar [[r.Streaming.LimitPoolSizeToVRAM:0]]
[2020.03.29-20.48.07:347][  0]LogConfig: Setting CVar [[r.Streaming.PoolSize:1000]]
[2020.03.29-20.48.07:347][  0]LogConfig: Setting CVar [[r.Streaming.MaxEffectiveScreenSize:0]]
[2020.03.29-20.48.07:347][  0]LogConfig: Applying CVar settings from Section [EffectsQuality@3] File [C:/Users/Alvaro/Desktop/EXAMEN UNREAL/EXAMEN_ALVARO_OLIVET/Saved/Config/Windows/Scalability.ini]
[2020.03.29-20.48.07:347][  0]LogConfig: Setting CVar [[r.TranslucencyLightingVolumeDim:64]]
[2020.03.29-20.48.07:347][  0]LogConfig: Setting CVar [[r.RefractionQuality:2]]
[2020.03.29-20.48.07:347][  0]LogConfig: Setting CVar [[r.SSR.Quality:3]]
[2020.03.29-20.48.07:347][  0]LogConfig: Setting CVar [[r.SSR.HalfResSceneColor:0]]
[2020.03.29-20.48.07:347][  0]LogConfig: Setting CVar [[r.SceneColorFormat:4]]
[2020.03.29-20.48.07:347][  0]LogConfig: Setting CVar [[r.DetailMode:2]]
[2020.03.29-20.48.07:347][  0]LogConfig: Setting CVar [[r.TranslucencyVolumeBlur:1]]
[2020.03.29-20.48.07:347][  0]LogConfig: Setting CVar [[r.MaterialQualityLevel:1 ; High quality]]
[2020.03.29-20.48.07:347][  0]LogConfig: Setting CVar [[r.SSS.Scale:1]]
[2020.03.29-20.48.07:347][  0]LogConfig: Setting CVar [[r.SSS.SampleSet:2]]
[2020.03.29-20.48.07:347][  0]LogConfig: Setting CVar [[r.SSS.Quality:1]]
[2020.03.29-20.48.07:347][  0]LogConfig: Setting CVar [[r.SSS.HalfRes:1]]
[2020.03.29-20.48.07:347][  0]LogConfig: Setting CVar [[r.SSGI.Quality:3]]
[2020.03.29-20.48.07:347][  0]LogConfig: Setting CVar [[r.EmitterSpawnRateScale:1.0]]
[2020.03.29-20.48.07:347][  0]LogConfig: Setting CVar [[r.ParticleLightQuality:2]]
[2020.03.29-20.48.07:347][  0]LogConfig: Setting CVar [[r.SkyAtmosphere.AerialPerspectiveLUT.FastApplyOnOpaque:1 ; Always have FastSkyLUT 1 in this case to avoid wrong sky]]
[2020.03.29-20.48.07:347][  0]LogConfig: Setting CVar [[r.SkyAtmosphere.AerialPerspectiveLUT.SampleCountPerSlice:1]]
[2020.03.29-20.48.07:348][  0]LogConfig: Setting CVar [[r.SkyAtmosphere.AerialPerspectiveLUT.DepthResolution:16.0]]
[2020.03.29-20.48.07:348][  0]LogConfig: Setting CVar [[r.SkyAtmosphere.FastSkyLUT:1]]
[2020.03.29-20.48.07:348][  0]LogConfig: Setting CVar [[r.SkyAtmosphere.FastSkyLUT.SampleCountMin:4.0]]
[2020.03.29-20.48.07:348][  0]LogConfig: Setting CVar [[r.SkyAtmosphere.FastSkyLUT.SampleCountMax:32.0]]
[2020.03.29-20.48.07:348][  0]LogConfig: Setting CVar [[r.SkyAtmosphere.SampleCountMin:4.0]]
[2020.03.29-20.48.07:348][  0]LogConfig: Setting CVar [[r.SkyAtmosphere.SampleCountMax:32.0]]
[2020.03.29-20.48.07:348][  0]LogConfig: Setting CVar [[r.SkyAtmosphere.TransmittanceLUT.UseSmallFormat:0]]
[2020.03.29-20.48.07:348][  0]LogConfig: Setting CVar [[r.SkyAtmosphere.TransmittanceLUT.SampleCount:10.0]]
[2020.03.29-20.48.07:348][  0]LogConfig: Setting CVar [[r.SkyAtmosphere.MultiScatteringLUT.SampleCount:15.0]]
[2020.03.29-20.48.07:348][  0]LogConfig: Applying CVar settings from Section [FoliageQuality@3] File [C:/Users/Alvaro/Desktop/EXAMEN UNREAL/EXAMEN_ALVARO_OLIVET/Saved/Config/Windows/Scalability.ini]
[2020.03.29-20.48.07:348][  0]LogConfig: Setting CVar [[foliage.DensityScale:1.0]]
[2020.03.29-20.48.07:348][  0]LogConfig: Setting CVar [[grass.DensityScale:1.0]]
[2020.03.29-20.48.07:348][  0]LogConfig: Applying CVar settings from Section [ShadingQuality@3] File [C:/Users/Alvaro/Desktop/EXAMEN UNREAL/EXAMEN_ALVARO_OLIVET/Saved/Config/Windows/Scalability.ini]
[2020.03.29-20.48.07:348][  0]LogConfig: Setting CVar [[r.HairStrands.SkyLighting.SampleCount:16]]
[2020.03.29-20.48.07:348][  0]LogConfig: Setting CVar [[r.HairStrands.SkyLighting.JitterIntegration:0]]
[2020.03.29-20.48.07:348][  0]LogConfig: Setting CVar [[r.HairStrands.SkyAO.SampleCount:16]]
[2020.03.29-20.48.07:348][  0]LogInit: Selected Device Profile: [Windows]
[2020.03.29-20.48.07:348][  0]LogInit: Applying CVar settings loaded from the selected device profile: [Windows]
[2020.03.29-20.48.07:350][  0]LogHAL: Display: Platform has ~ 16 GB [17134493696 / 17179869184 / 16], which maps to Larger [LargestMinGB=32, LargerMinGB=12, DefaultMinGB=8, SmallerMinGB=6, SmallestMinGB=0)
[2020.03.29-20.48.07:350][  0]LogInit: Going up to parent DeviceProfile []
[2020.03.29-20.48.07:350][  0]LogConfig: Applying CVar settings from Section [ViewDistanceQuality@3] File [C:/Users/Alvaro/Desktop/EXAMEN UNREAL/EXAMEN_ALVARO_OLIVET/Saved/Config/Windows/Scalability.ini]
[2020.03.29-20.48.07:350][  0]LogConfig: Setting CVar [[r.SkeletalMeshLODBias:0]]
[2020.03.29-20.48.07:350][  0]LogConfig: Setting CVar [[r.ViewDistanceScale:1.0]]
[2020.03.29-20.48.07:350][  0]LogConfig: Applying CVar settings from Section [AntiAliasingQuality@3] File [C:/Users/Alvaro/Desktop/EXAMEN UNREAL/EXAMEN_ALVARO_OLIVET/Saved/Config/Windows/Scalability.ini]
[2020.03.29-20.48.07:350][  0]LogConfig: Setting CVar [[r.PostProcessAAQuality:4]]
[2020.03.29-20.48.07:350][  0]LogConfig: Applying CVar settings from Section [ShadowQuality@3] File [C:/Users/Alvaro/Desktop/EXAMEN UNREAL/EXAMEN_ALVARO_OLIVET/Saved/Config/Windows/Scalability.ini]
[2020.03.29-20.48.07:350][  0]LogConfig: Setting CVar [[r.LightFunctionQuality:1]]
[2020.03.29-20.48.07:350][  0]LogConfig: Setting CVar [[r.ShadowQuality:5]]
[2020.03.29-20.48.07:350][  0]LogConfig: Setting CVar [[r.Shadow.CSM.MaxCascades:10]]
[2020.03.29-20.48.07:350][  0]LogConfig: Setting CVar [[r.Shadow.MaxResolution:2048]]
[2020.03.29-20.48.07:350][  0]LogConfig: Setting CVar [[r.Shadow.MaxCSMResolution:2048]]
[2020.03.29-20.48.07:350][  0]LogConfig: Setting CVar [[r.Shadow.RadiusThreshold:0.01]]
[2020.03.29-20.48.07:350][  0]LogConfig: Setting CVar [[r.Shadow.DistanceScale:1.0]]
[2020.03.29-20.48.07:350][  0]LogConfig: Setting CVar [[r.Shadow.CSM.TransitionScale:1.0]]
[2020.03.29-20.48.07:350][  0]LogConfig: Setting CVar [[r.Shadow.PreShadowResolutionFactor:1.0]]
[2020.03.29-20.48.07:350][  0]LogConfig: Setting CVar [[r.DistanceFieldShadowing:1]]
[2020.03.29-20.48.07:350][  0]LogConfig: Setting CVar [[r.DistanceFieldAO:1]]
[2020.03.29-20.48.07:350][  0]LogConfig: Setting CVar [[r.AOQuality:2]]
[2020.03.29-20.48.07:350][  0]LogConfig: Setting CVar [[r.VolumetricFog:1]]
[2020.03.29-20.48.07:350][  0]LogConfig: Setting CVar [[r.VolumetricFog.GridPixelSize:8]]
[2020.03.29-20.48.07:350][  0]LogConfig: Setting CVar [[r.VolumetricFog.GridSizeZ:128]]
[2020.03.29-20.48.07:350][  0]LogConfig: Setting CVar [[r.VolumetricFog.HistoryMissSupersampleCount:4]]
[2020.03.29-20.48.07:350][  0]LogConfig: Setting CVar [[r.LightMaxDrawDistanceScale:1]]
[2020.03.29-20.48.07:350][  0]LogConfig: Setting CVar [[r.CapsuleShadows:1]]
[2020.03.29-20.48.07:350][  0]LogConfig: Applying CVar settings from Section [PostProcessQuality@3] File [C:/Users/Alvaro/Desktop/EXAMEN UNREAL/EXAMEN_ALVARO_OLIVET/Saved/Config/Windows/Scalability.ini]
[2020.03.29-20.48.07:351][  0]LogConfig: Setting CVar [[r.MotionBlurQuality:4]]
[2020.03.29-20.48.07:351][  0]LogConfig: Setting CVar [[r.AmbientOcclusionMipLevelFactor:0.4]]
[2020.03.29-20.48.07:351][  0]LogConfig: Setting CVar [[r.AmbientOcclusionMaxQuality:100]]
[2020.03.29-20.48.07:351][  0]LogConfig: Setting CVar [[r.AmbientOcclusionLevels:-1]]
[2020.03.29-20.48.07:351][  0]LogConfig: Setting CVar [[r.AmbientOcclusionRadiusScale:1.0]]
[2020.03.29-20.48.07:351][  0]LogConfig: Setting CVar [[r.DepthOfFieldQuality:2]]
[2020.03.29-20.48.07:351][  0]LogConfig: Setting CVar [[r.RenderTargetPoolMin:400]]
[2020.03.29-20.48.07:351][  0]LogConfig: Setting CVar [[r.LensFlareQuality:2]]
[2020.03.29-20.48.07:351][  0]LogConfig: Setting CVar [[r.SceneColorFringeQuality:1]]
[2020.03.29-20.48.07:351][  0]LogConfig: Setting CVar [[r.EyeAdaptationQuality:2]]
[2020.03.29-20.48.07:351][  0]LogConfig: Setting CVar [[r.BloomQuality:5]]
[2020.03.29-20.48.07:351][  0]LogConfig: Setting CVar [[r.FastBlurThreshold:100]]
[2020.03.29-20.48.07:351][  0]LogConfig: Setting CVar [[r.Upscale.Quality:3]]
[2020.03.29-20.48.07:351][  0]LogConfig: Setting CVar [[r.Tonemapper.GrainQuantization:1]]
[2020.03.29-20.48.07:351][  0]LogConfig: Setting CVar [[r.LightShaftQuality:1]]
[2020.03.29-20.48.07:351][  0]LogConfig: Setting CVar [[r.Filter.SizeScale:1]]
[2020.03.29-20.48.07:351][  0]LogConfig: Setting CVar [[r.Tonemapper.Quality:5]]
[2020.03.29-20.48.07:351][  0]LogConfig: Setting CVar [[r.DOF.Gather.AccumulatorQuality:1        ; higher gathering accumulator quality]]
[2020.03.29-20.48.07:351][  0]LogConfig: Setting CVar [[r.DOF.Gather.PostfilterMethod:1          ; Median3x3 postfilering method]]
[2020.03.29-20.48.07:351][  0]LogConfig: Setting CVar [[r.DOF.Gather.EnableBokehSettings:0       ; no bokeh simulation when gathering]]
[2020.03.29-20.48.07:351][  0]LogConfig: Setting CVar [[r.DOF.Gather.RingCount:4                 ; medium number of samples when gathering]]
[2020.03.29-20.48.07:351][  0]LogConfig: Setting CVar [[r.DOF.Scatter.ForegroundCompositing:1    ; additive foreground scattering]]
[2020.03.29-20.48.07:351][  0]LogConfig: Setting CVar [[r.DOF.Scatter.BackgroundCompositing:2    ; additive background scattering]]
[2020.03.29-20.48.07:351][  0]LogConfig: Setting CVar [[r.DOF.Scatter.EnableBokehSettings:1      ; bokeh simulation when scattering]]
[2020.03.29-20.48.07:351][  0]LogConfig: Setting CVar [[r.DOF.Scatter.MaxSpriteRatio:0.1         ; only a maximum of 10% of scattered bokeh]]
[2020.03.29-20.48.07:351][  0]LogConfig: Setting CVar [[r.DOF.Recombine.Quality:1                ; cheap slight out of focus]]
[2020.03.29-20.48.07:351][  0]LogConfig: Setting CVar [[r.DOF.Recombine.EnableBokehSettings:0    ; no bokeh simulation on slight out of focus]]
[2020.03.29-20.48.07:351][  0]LogConfig: Setting CVar [[r.DOF.TemporalAAQuality:1                ; more stable temporal accumulation]]
[2020.03.29-20.48.07:351][  0]LogConfig: Setting CVar [[r.DOF.Kernel.MaxForegroundRadius:0.025]]
[2020.03.29-20.48.07:351][  0]LogConfig: Setting CVar [[r.DOF.Kernel.MaxBackgroundRadius:0.025]]
[2020.03.29-20.48.07:351][  0]LogConfig: Applying CVar settings from Section [TextureQuality@3] File [C:/Users/Alvaro/Desktop/EXAMEN UNREAL/EXAMEN_ALVARO_OLIVET/Saved/Config/Windows/Scalability.ini]
[2020.03.29-20.48.07:351][  0]LogConfig: Setting CVar [[r.Streaming.MipBias:0]]
[2020.03.29-20.48.07:351][  0]LogConfig: Setting CVar [[r.Streaming.AmortizeCPUToGPUCopy:0]]
[2020.03.29-20.48.07:351][  0]LogConfig: Setting CVar [[r.Streaming.MaxNumTexturesToStreamPerFrame:0]]
[2020.03.29-20.48.07:351][  0]LogConfig: Setting CVar [[r.Streaming.Boost:1]]
[2020.03.29-20.48.07:351][  0]LogConfig: Setting CVar [[r.MaxAnisotropy:8]]
[2020.03.29-20.48.07:351][  0]LogConfig: Setting CVar [[r.VT.MaxAnisotropy:8]]
[2020.03.29-20.48.07:351][  0]LogConfig: Setting CVar [[r.Streaming.LimitPoolSizeToVRAM:0]]
[2020.03.29-20.48.07:351][  0]LogConfig: Setting CVar [[r.Streaming.PoolSize:1000]]
[2020.03.29-20.48.07:351][  0]LogConfig: Setting CVar [[r.Streaming.MaxEffectiveScreenSize:0]]
[2020.03.29-20.48.07:351][  0]LogConfig: Applying CVar settings from Section [EffectsQuality@3] File [C:/Users/Alvaro/Desktop/EXAMEN UNREAL/EXAMEN_ALVARO_OLIVET/Saved/Config/Windows/Scalability.ini]
[2020.03.29-20.48.07:351][  0]LogConfig: Setting CVar [[r.TranslucencyLightingVolumeDim:64]]
[2020.03.29-20.48.07:351][  0]LogConfig: Setting CVar [[r.RefractionQuality:2]]
[2020.03.29-20.48.07:351][  0]LogConfig: Setting CVar [[r.SSR.Quality:3]]
[2020.03.29-20.48.07:351][  0]LogConfig: Setting CVar [[r.SSR.HalfResSceneColor:0]]
[2020.03.29-20.48.07:351][  0]LogConfig: Setting CVar [[r.SceneColorFormat:4]]
[2020.03.29-20.48.07:351][  0]LogConfig: Setting CVar [[r.DetailMode:2]]
[2020.03.29-20.48.07:351][  0]LogConfig: Setting CVar [[r.TranslucencyVolumeBlur:1]]
[2020.03.29-20.48.07:351][  0]LogConfig: Setting CVar [[r.MaterialQualityLevel:1 ; High quality]]
[2020.03.29-20.48.07:351][  0]LogConfig: Setting CVar [[r.SSS.Scale:1]]
[2020.03.29-20.48.07:351][  0]LogConfig: Setting CVar [[r.SSS.SampleSet:2]]
[2020.03.29-20.48.07:351][  0]LogConfig: Setting CVar [[r.SSS.Quality:1]]
[2020.03.29-20.48.07:351][  0]LogConfig: Setting CVar [[r.SSS.HalfRes:1]]
[2020.03.29-20.48.07:351][  0]LogConfig: Setting CVar [[r.SSGI.Quality:3]]
[2020.03.29-20.48.07:351][  0]LogConfig: Setting CVar [[r.EmitterSpawnRateScale:1.0]]
[2020.03.29-20.48.07:351][  0]LogConfig: Setting CVar [[r.ParticleLightQuality:2]]
[2020.03.29-20.48.07:351][  0]LogConfig: Setting CVar [[r.SkyAtmosphere.AerialPerspectiveLUT.FastApplyOnOpaque:1 ; Always have FastSkyLUT 1 in this case to avoid wrong sky]]
[2020.03.29-20.48.07:351][  0]LogConfig: Setting CVar [[r.SkyAtmosphere.AerialPerspectiveLUT.SampleCountPerSlice:1]]
[2020.03.29-20.48.07:351][  0]LogConfig: Setting CVar [[r.SkyAtmosphere.AerialPerspectiveLUT.DepthResolution:16.0]]
[2020.03.29-20.48.07:351][  0]LogConfig: Setting CVar [[r.SkyAtmosphere.FastSkyLUT:1]]
[2020.03.29-20.48.07:351][  0]LogConfig: Setting CVar [[r.SkyAtmosphere.FastSkyLUT.SampleCountMin:4.0]]
[2020.03.29-20.48.07:351][  0]LogConfig: Setting CVar [[r.SkyAtmosphere.FastSkyLUT.SampleCountMax:32.0]]
[2020.03.29-20.48.07:351][  0]LogConfig: Setting CVar [[r.SkyAtmosphere.SampleCountMin:4.0]]
[2020.03.29-20.48.07:351][  0]LogConfig: Setting CVar [[r.SkyAtmosphere.SampleCountMax:32.0]]
[2020.03.29-20.48.07:351][  0]LogConfig: Setting CVar [[r.SkyAtmosphere.TransmittanceLUT.UseSmallFormat:0]]
[2020.03.29-20.48.07:351][  0]LogConfig: Setting CVar [[r.SkyAtmosphere.TransmittanceLUT.SampleCount:10.0]]
[2020.03.29-20.48.07:351][  0]LogConfig: Setting CVar [[r.SkyAtmosphere.MultiScatteringLUT.SampleCount:15.0]]
[2020.03.29-20.48.07:351][  0]LogConfig: Applying CVar settings from Section [FoliageQuality@3] File [C:/Users/Alvaro/Desktop/EXAMEN UNREAL/EXAMEN_ALVARO_OLIVET/Saved/Config/Windows/Scalability.ini]
[2020.03.29-20.48.07:351][  0]LogConfig: Setting CVar [[foliage.DensityScale:1.0]]
[2020.03.29-20.48.07:351][  0]LogConfig: Setting CVar [[grass.DensityScale:1.0]]
[2020.03.29-20.48.07:352][  0]LogConfig: Applying CVar settings from Section [ShadingQuality@3] File [C:/Users/Alvaro/Desktop/EXAMEN UNREAL/EXAMEN_ALVARO_OLIVET/Saved/Config/Windows/Scalability.ini]
[2020.03.29-20.48.07:352][  0]LogConfig: Setting CVar [[r.HairStrands.SkyLighting.SampleCount:16]]
[2020.03.29-20.48.07:352][  0]LogConfig: Setting CVar [[r.HairStrands.SkyLighting.JitterIntegration:0]]
[2020.03.29-20.48.07:352][  0]LogConfig: Setting CVar [[r.HairStrands.SkyAO.SampleCount:16]]
[2020.03.29-20.48.07:352][  0]LogConfig: Applying CVar settings from Section [Startup] File [../../../Engine/Config/ConsoleVariables.ini]
[2020.03.29-20.48.07:352][  0]LogConfig: Setting CVar [[net.UseAdaptiveNetUpdateFrequency:0]]
[2020.03.29-20.48.07:352][  0]LogConfig: Setting CVar [[p.chaos.AllowCreatePhysxBodies:1]]
[2020.03.29-20.48.07:352][  0]LogConfig: Applying CVar settings from Section [ConsoleVariables] File [C:/Users/Alvaro/Desktop/EXAMEN UNREAL/EXAMEN_ALVARO_OLIVET/Saved/Config/Windows/Engine.ini]
[2020.03.29-20.48.07:352][  0]LogInit: Computer: ALVARO
[2020.03.29-20.48.07:352][  0]LogInit: User: Alvaro
[2020.03.29-20.48.07:352][  0]LogInit: CPU Page size=4096, Cores=4
[2020.03.29-20.48.07:352][  0]LogInit: High frequency timer resolution =10.000000 MHz
[2020.03.29-20.48.07:352][  0]LogMemory: Memory total: Physical=16.0GB (16GB approx)
[2020.03.29-20.48.07:352][  0]LogMemory: Platform Memory Stats for Windows
[2020.03.29-20.48.07:352][  0]LogMemory: Process Physical Memory: 105.38 MB used, 105.38 MB peak
[2020.03.29-20.48.07:352][  0]LogMemory: Process Virtual Memory: 100.75 MB used, 100.75 MB peak
[2020.03.29-20.48.07:352][  0]LogMemory: Physical Memory: 11655.10 MB used,  4685.63 MB free, 16340.73 MB total
[2020.03.29-20.48.07:352][  0]LogMemory: Virtual Memory: 5137.55 MB used,  134212592.00 MB free, 134217728.00 MB total
[2020.03.29-20.48.07:359][  0]LogWindows: WindowsPlatformFeatures enabled
[2020.03.29-20.48.07:377][  0]LogInit: Overriding language with editor language configuration option (en).
[2020.03.29-20.48.07:377][  0]LogInit: Overriding locale with editor culture configuration option ().
[2020.03.29-20.48.07:377][  0]LogInit: Using OS detected locale (es-ES).
[2020.03.29-20.48.07:550][  0]LogInit: Setting process to per monitor DPI aware
[2020.03.29-20.48.07:586][  0]LogSlate: New Slate User Created.  User Index 0, Is Virtual User: 0
[2020.03.29-20.48.07:586][  0]LogSlate: Slate User Registered.  User Index 0, Is Virtual User: 0
[2020.03.29-20.48.07:739][  0]LogHMD: Failed to initialize OpenVR with code 110
[2020.03.29-20.48.07:740][  0]LogD3D11RHI: D3D11 min allowed feature level: 11_0
[2020.03.29-20.48.07:740][  0]LogD3D11RHI: D3D11 max allowed feature level: 11_0
[2020.03.29-20.48.07:740][  0]LogD3D11RHI: D3D11 adapters:
[2020.03.29-20.48.07:833][  0]LogD3D11RHI:    0. 'NVIDIA GeForce GTX 1070' (Feature Level 11_0)
[2020.03.29-20.48.07:833][  0]LogD3D11RHI:       8089/0/8170 MB DedicatedVideo/DedicatedSystem/SharedSystem, Outputs:1, VendorId:0x10de
[2020.03.29-20.48.07:836][  0]LogD3D11RHI:    1. 'Microsoft Basic Render Driver' (Feature Level 11_0)
[2020.03.29-20.48.07:836][  0]LogD3D11RHI:       0/0/8170 MB DedicatedVideo/DedicatedSystem/SharedSystem, Outputs:0, VendorId:0x1414
[2020.03.29-20.48.07:836][  0]LogD3D11RHI: Chosen D3D11 Adapter: 0
[2020.03.29-20.48.07:844][  0]LogD3D11RHI: Creating new Direct3DDevice
[2020.03.29-20.48.07:844][  0]LogD3D11RHI:     GPU DeviceId: 0x1be1 (for the marketing name, search the web for "GPU Device Id")
[2020.03.29-20.48.07:844][  0]LogWindows: EnumDisplayDevices:
[2020.03.29-20.48.07:844][  0]LogWindows:    0. 'NVIDIA GeForce GTX 1070' (P:1 D:1)
[2020.03.29-20.48.07:845][  0]LogWindows:    1. 'NVIDIA GeForce GTX 1070' (P:0 D:0)
[2020.03.29-20.48.07:845][  0]LogWindows:    2. 'NVIDIA GeForce GTX 1070' (P:0 D:0)
[2020.03.29-20.48.07:845][  0]LogWindows:    3. 'NVIDIA GeForce GTX 1070' (P:0 D:0)
[2020.03.29-20.48.07:846][  0]LogWindows: DebugString: FoundDriverCount:4 
[2020.03.29-20.48.07:846][  0]LogD3D11RHI:     Adapter Name: NVIDIA GeForce GTX 1070
[2020.03.29-20.48.07:846][  0]LogD3D11RHI:   Driver Version: 388.57 (internal:23.21.13.8857, unified:388.57)
[2020.03.29-20.48.07:846][  0]LogD3D11RHI:      Driver Date: 12-4-2017
[2020.03.29-20.48.07:846][  0]LogRHI: Texture pool is 5662 MB (70% of 8089 MB)
[2020.03.29-20.48.07:885][  0]LogD3D11RHI: RHI has support for 64 bit atomics
[2020.03.29-20.48.07:885][  0]LogD3D11RHI: Async texture creation enabled
[2020.03.29-20.48.07:900][  0]LogD3D11RHI: GPU Timing Frequency: 1000.000000 (Debug: 2 1)
[2020.03.29-20.48.08:325][  0]LogTargetPlatformManager: Display: Loaded TargetPlatform 'AllDesktop'
[2020.03.29-20.48.08:356][  0]LogTargetPlatformManager: Display: Loaded TargetPlatform 'Android'
[2020.03.29-20.48.08:356][  0]LogTargetPlatformManager: Display: Loaded TargetPlatform 'Android_ASTC'
[2020.03.29-20.48.08:356][  0]LogTargetPlatformManager: Display: Loaded TargetPlatform 'Android_ATC'
[2020.03.29-20.48.08:356][  0]LogTargetPlatformManager: Display: Loaded TargetPlatform 'Android_DXT'
[2020.03.29-20.48.08:356][  0]LogTargetPlatformManager: Display: Loaded TargetPlatform 'Android_ETC1'
[2020.03.29-20.48.08:356][  0]LogTargetPlatformManager: Display: Loaded TargetPlatform 'Android_ETC1a'
[2020.03.29-20.48.08:356][  0]LogTargetPlatformManager: Display: Loaded TargetPlatform 'Android_ETC2'
[2020.03.29-20.48.08:356][  0]LogTargetPlatformManager: Display: Loaded TargetPlatform 'Android_PVRTC'
[2020.03.29-20.48.08:356][  0]LogTargetPlatformManager: Display: Loaded TargetPlatform 'AndroidClient'
[2020.03.29-20.48.08:356][  0]LogTargetPlatformManager: Display: Loaded TargetPlatform 'Android_ASTCClient'
[2020.03.29-20.48.08:356][  0]LogTargetPlatformManager: Display: Loaded TargetPlatform 'Android_ATCClient'
[2020.03.29-20.48.08:356][  0]LogTargetPlatformManager: Display: Loaded TargetPlatform 'Android_DXTClient'
[2020.03.29-20.48.08:357][  0]LogTargetPlatformManager: Display: Loaded TargetPlatform 'Android_ETC1Client'
[2020.03.29-20.48.08:357][  0]LogTargetPlatformManager: Display: Loaded TargetPlatform 'Android_ETC1aClient'
[2020.03.29-20.48.08:357][  0]LogTargetPlatformManager: Display: Loaded TargetPlatform 'Android_ETC2Client'
[2020.03.29-20.48.08:357][  0]LogTargetPlatformManager: Display: Loaded TargetPlatform 'Android_PVRTCClient'
[2020.03.29-20.48.08:357][  0]LogTargetPlatformManager: Display: Loaded TargetPlatform 'Android_Multi'
[2020.03.29-20.48.08:357][  0]LogTargetPlatformManager: Display: Loaded TargetPlatform 'Android_MultiClient'
[2020.03.29-20.48.08:375][  0]LogTargetPlatformManager: Display: Loaded TargetPlatform 'IOSClient'
[2020.03.29-20.48.08:375][  0]LogTargetPlatformManager: Display: Loaded TargetPlatform 'IOS'
[2020.03.29-20.48.08:382][  0]LogTargetPlatformManager: Display: Loaded TargetPlatform 'LinuxNoEditor'
[2020.03.29-20.48.08:388][  0]LogTargetPlatformManager: Display: Loaded TargetPlatform 'LinuxClient'
[2020.03.29-20.48.08:395][  0]LogTargetPlatformManager: Display: Loaded TargetPlatform 'LinuxServer'
[2020.03.29-20.48.08:402][  0]LogTargetPlatformManager: Display: Loaded TargetPlatform 'LinuxAArch64NoEditor'
[2020.03.29-20.48.08:409][  0]LogTargetPlatformManager: Display: Loaded TargetPlatform 'LinuxAArch64Client'
[2020.03.29-20.48.08:416][  0]LogTargetPlatformManager: Display: Loaded TargetPlatform 'LinuxAArch64Server'
[2020.03.29-20.48.08:441][  0]LogTargetPlatformManager: Display: Loaded TargetPlatform 'Lumin'
[2020.03.29-20.48.08:441][  0]LogTargetPlatformManager: Display: Loaded TargetPlatform 'LuminClient'
[2020.03.29-20.48.08:455][  0]LogTargetPlatformManager: Display: Loaded TargetPlatform 'TVOSClient'
[2020.03.29-20.48.08:455][  0]LogTargetPlatformManager: Display: Loaded TargetPlatform 'TVOS'
[2020.03.29-20.48.08:461][  0]LogTargetPlatformManager: Display: Loaded TargetPlatform 'WindowsNoEditor'
[2020.03.29-20.48.08:469][  0]LogTargetPlatformManager: Display: Loaded TargetPlatform 'Windows'
[2020.03.29-20.48.08:476][  0]LogTargetPlatformManager: Display: Loaded TargetPlatform 'WindowsClient'
[2020.03.29-20.48.08:484][  0]LogTargetPlatformManager: Display: Loaded TargetPlatform 'WindowsServer'
[2020.03.29-20.48.08:484][  0]LogTargetPlatformManager: Display: Building Assets For Windows
[2020.03.29-20.48.08:486][  0]LogAudioDebug: Display: Lib vorbis DLL was dynamically loaded.
[2020.03.29-20.48.08:506][  0]LogShaderCompilers: Guid format shader working directory is -11 characters bigger than the processId version (C:/Users/Alvaro/Desktop/EXAMEN UNREAL/EXAMEN_ALVARO_OLIVET/Intermediate/Shaders/WorkingDirectory/6000/).
[2020.03.29-20.48.08:506][  0]LogShaderCompilers: Cleaned the shader compiler working directory 'C:/Users/Alvaro/AppData/Local/Temp/UnrealShaderWorkingDir/EC1B2F124A4FF88F7F0C65BFA5B23D72/'.
[2020.03.29-20.48.08:507][  0]LogXGEController: Cannot use XGE Controller as Incredibuild is not installed on this machine.
[2020.03.29-20.48.08:507][  0]LogShaderCompilers: Cannot use XGE Shader Compiler as Incredibuild is not installed on this machine.
[2020.03.29-20.48.08:507][  0]LogShaderCompilers: Display: Using Local Shader Compiler.
[2020.03.29-20.48.09:345][  0]LogDerivedDataCache: Display: Max Cache Size: 512 MB
[2020.03.29-20.48.09:414][  0]LogDerivedDataCache: Loaded boot cache 0.07s 78MB C:/Users/Alvaro/AppData/Local/UnrealEngine/4.24/DerivedDataCache/Boot.ddc.
[2020.03.29-20.48.09:414][  0]LogDerivedDataCache: Display: Loaded Boot cache: C:/Users/Alvaro/AppData/Local/UnrealEngine/4.24/DerivedDataCache/Boot.ddc
[2020.03.29-20.48.09:414][  0]LogDerivedDataCache: FDerivedDataBackendGraph:  Pak pak cache file C:/Users/Alvaro/Desktop/EXAMEN UNREAL/EXAMEN_ALVARO_OLIVET/DerivedDataCache/DDC.ddp not found, will not use a pak cache.
[2020.03.29-20.48.09:414][  0]LogDerivedDataCache: Unable to find inner node Pak for hierarchical cache Hierarchy.
[2020.03.29-20.48.09:414][  0]LogDerivedDataCache: FDerivedDataBackendGraph:  CompressedPak pak cache file C:/Users/Alvaro/Desktop/EXAMEN UNREAL/EXAMEN_ALVARO_OLIVET/DerivedDataCache/Compressed.ddp not found, will not use a pak cache.
[2020.03.29-20.48.09:414][  0]LogDerivedDataCache: Unable to find inner node CompressedPak for hierarchical cache Hierarchy.
[2020.03.29-20.48.09:424][  0]LogDerivedDataCache: Display: Pak cache opened for reading ../../../Engine/DerivedDataCache/Compressed.ddp.
[2020.03.29-20.48.09:424][  0]LogDerivedDataCache: FDerivedDataBackendGraph:  EnterprisePak pak cache file ../../../Enterprise/DerivedDataCache/Compressed.ddp not found, will not use a pak cache.
[2020.03.29-20.48.09:424][  0]LogDerivedDataCache: Unable to find inner node EnterprisePak for hierarchical cache Hierarchy.
[2020.03.29-20.48.09:425][  0]LogDerivedDataCache: Using Local data cache path C:/Users/Alvaro/AppData/Local/UnrealEngine/Common/DerivedDataCache: Writable
[2020.03.29-20.48.09:425][  0]LogDerivedDataCache: Shared data cache path not found in *engine.ini, will not use an Shared cache.
[2020.03.29-20.48.09:425][  0]LogDerivedDataCache: Unable to find inner node Shared for hierarchical cache Hierarchy.
[2020.03.29-20.48.09:453][  0]LogMaterial: Verifying Global Shaders for PCD3D_SM5
[2020.03.29-20.48.09:456][  0]LogSlate: Using FreeType 2.10.0
[2020.03.29-20.48.09:456][  0]LogSlate: SlateFontServices - WITH_FREETYPE: 1, WITH_HARFBUZZ: 1
[2020.03.29-20.48.09:515][  0]LogAssetRegistry: FAssetRegistry took 0.0029 seconds to start up
[2020.03.29-20.48.09:864][  0]LogInit: Selected Device Profile: [Windows]
[2020.03.29-20.48.10:050][  0]LogMeshReduction: Using QuadricMeshReduction for automatic static mesh reduction
[2020.03.29-20.48.10:050][  0]LogMeshReduction: Using SimplygonMeshReduction for automatic skeletal mesh reduction
[2020.03.29-20.48.10:050][  0]LogMeshReduction: Using ProxyLODMeshReduction for automatic mesh merging
[2020.03.29-20.48.10:050][  0]LogMeshReduction: No distributed automatic mesh merging module available
[2020.03.29-20.48.10:051][  0]LogMeshMerging: No distributed automatic mesh merging module available
[2020.03.29-20.48.10:069][  0]LogNetVersion: EXAMEN_ALVARO_OLIVET 1.0.0, NetCL: 10570792, EngineNetVer: 13, GameNetVer: 0 (Checksum: 2778118491)
[2020.03.29-20.48.11:256][  0]LogPackageLocalizationCache: Processed 10 localized package path(s) for 1 prioritized culture(s) in 0.036661 seconds
[2020.03.29-20.48.11:265][  0]LogUObjectArray: 46750 objects as part of root set at end of initial load.
[2020.03.29-20.48.11:265][  0]LogUObjectAllocator: 8137160 out of 0 bytes used by permanent object pool.
[2020.03.29-20.48.11:265][  0]LogUObjectArray: CloseDisregardForGC: 0/0 objects in disregard for GC pool
[2020.03.29-20.48.11:662][  0]LogTcpMessaging: Initializing TcpMessaging bridge
[2020.03.29-20.48.11:665][  0]LogUdpMessaging: Initializing bridge on interface 0.0.0.0:0 to multicast group 230.0.0.1:6666.
[2020.03.29-20.48.11:715][  0]SourceControl: Source control is disabled
[2020.03.29-20.48.11:715][  0]SourceControl: Source control is disabled
[2020.03.29-20.48.11:716][  0]SourceControl: Source control is disabled
[2020.03.29-20.48.11:717][  0]SourceControl: Source control is disabled
[2020.03.29-20.48.11:717][  0]SourceControl: Source control is disabled
[2020.03.29-20.48.11:797][  0]LogAndroidPermission: UAndroidPermissionCallbackProxy::GetInstance
[2020.03.29-20.48.11:809][  0]LogAudioCaptureCore: Display: No Audio Capture implementations found. Audio input will be silent.
[2020.03.29-20.48.11:809][  0]LogAudioCaptureCore: Display: No Audio Capture implementations found. Audio input will be silent.
[2020.03.29-20.48.11:903][  0]LogOcInput: OculusInput pre-init called
[2020.03.29-20.48.11:909][  0]LogWindows: Failed to load 'OVRPlugin.dll' (GetLastError=126)
[2020.03.29-20.48.11:909][  0]LogWindows: File 'OVRPlugin.dll' does not exist
[2020.03.29-20.48.11:976][  0]LogEngine: Initializing Engine...
[2020.03.29-20.48.11:977][  0]LogHMD: Failed to initialize OpenVR with code 110
[2020.03.29-20.48.11:978][  0]LogStats: UGameplayTagsManager::InitializeManager -  0.000 s
[2020.03.29-20.48.12:356][  0]LogInit: Initializing FReadOnlyCVARCache
[2020.03.29-20.48.12:364][  0]LogAIModule: Creating AISystem for world Untitled
[2020.03.29-20.48.12:528][  0]LogAudioMixer: Display: Audio Mixer Platform Settings:
[2020.03.29-20.48.12:529][  0]LogAudioMixer: Display: 	Sample Rate:						  48000
[2020.03.29-20.48.12:529][  0]LogAudioMixer: Display: 	Callback Buffer Frame Size Requested: 1024
[2020.03.29-20.48.12:529][  0]LogAudioMixer: Display: 	Callback Buffer Frame Size To Use:	  1024
[2020.03.29-20.48.12:529][  0]LogAudioMixer: Display: 	Number of buffers to queue:			  2
[2020.03.29-20.48.12:529][  0]LogAudioMixer: Display: 	Max Channels (voices):				  32
[2020.03.29-20.48.12:529][  0]LogAudioMixer: Display: 	Number of Async Source Workers:		  0
[2020.03.29-20.48.12:529][  0]LogAudio: Display: AudioDevice MaxSources: 32
[2020.03.29-20.48.12:530][  0]LogAudio: Display: Using built-in audio occlusion.
[2020.03.29-20.48.12:530][  0]LogAudioMixer: Display: Initializing audio mixer.
[2020.03.29-20.48.12:557][  0]LogAudioMixer: Display: Audio Device Output Speaker Info:
[2020.03.29-20.48.12:557][  0]LogAudioMixer: Display: Name: Speakers (Realtek High Definition Audio)
[2020.03.29-20.48.12:557][  0]LogAudioMixer: Display: Is Default: Yes
[2020.03.29-20.48.12:557][  0]LogAudioMixer: Display: Sample Rate: 48000
[2020.03.29-20.48.12:557][  0]LogAudioMixer: Display: Channel Count Used: 2
[2020.03.29-20.48.12:557][  0]LogAudioMixer: Display: Device Channel Count: 2
[2020.03.29-20.48.12:557][  0]LogAudioMixer: Display: Channel Order:
[2020.03.29-20.48.12:557][  0]LogAudioMixer: Display: 0: FrontLeft
[2020.03.29-20.48.12:557][  0]LogAudioMixer: Display: 1: FrontRight
[2020.03.29-20.48.12:648][  0]LogAudioMixer: Display: Using Audio Device Speakers (Realtek High Definition Audio)
[2020.03.29-20.48.12:654][  0]LogInit: FAudioDevice initialized.
[2020.03.29-20.48.12:654][  0]LogNetVersion: Set ProjectVersion to 1.0.0.0. Version Checksum will be recalculated on next use.
[2020.03.29-20.48.12:836][  0]LogDerivedDataCache: Saved boot cache 0.18s 78MB C:/Users/Alvaro/AppData/Local/UnrealEngine/4.24/DerivedDataCache/Boot.ddc.
[2020.03.29-20.48.12:837][  0]LogInit: Texture streaming: Enabled
[2020.03.29-20.48.12:851][  0]LogEngineSessionManager: EngineSessionManager initialized
[2020.03.29-20.48.12:851][  0]LogEditorSessionSummary: Verbose: Initializing EditorSessionSummaryWriter for editor session tracking
[2020.03.29-20.48.12:855][  0]LogEditorSessionSummary: EditorSessionSummaryWriter initialized
[2020.03.29-20.48.12:889][  0]LogInit: Transaction tracking system initialized
[2020.03.29-20.48.12:897][  0]BlueprintLog: New page: Editor Load
[2020.03.29-20.48.12:924][  0]LocalizationService: Localization service is disabled
[2020.03.29-20.48.13:220][  0]LogCook: Display: Max memory allowance for cook 16384mb min free memory 0mb
[2020.03.29-20.48.13:220][  0]LogCook: Display: Mobile HDR setting 1
[2020.03.29-20.48.13:293][  0]LogFileCache: Scanning file cache for directory 'C:/Users/Alvaro/Desktop/EXAMEN UNREAL/EXAMEN_ALVARO_OLIVET/Content/' took 0.01s
[2020.03.29-20.48.13:908][  0]SourceControl: Source control is disabled
[2020.03.29-20.48.13:908][  0]Cmd: MAP LOAD FILE="C:/Users/Alvaro/Desktop/EXAMEN UNREAL/EXAMEN_ALVARO_OLIVET/Content/ThirdPersonBP/Maps/ThirdPersonExampleMap.umap" TEMPLATE=0 SHOWPROGRESS=1 FEATURELEVEL=3
[2020.03.29-20.48.13:908][  0]LightingResults: New page: Lighting Build
[2020.03.29-20.48.13:909][  0]LogWorld: UWorld::CleanupWorld for Untitled, bSessionEnded=true, bCleanupResources=true
[2020.03.29-20.48.13:909][  0]LogSlate: InvalidateAllWidgets triggered.  All widgets were invalidated
[2020.03.29-20.48.13:909][  0]MapCheck: New page: Map Check
[2020.03.29-20.48.13:909][  0]LightingResults: New page: Lighting Build
[2020.03.29-20.48.13:935][  0]LogUObjectHash: Compacting FUObjectHashTables data took   1.99ms
[2020.03.29-20.48.14:222][  0]LogAIModule: Creating AISystem for world ThirdPersonExampleMap
[2020.03.29-20.48.14:293][  0]LogEditorServer: Finished looking for orphan Actors (0.000 secs)
[2020.03.29-20.48.14:322][  0]LogUObjectHash: Compacting FUObjectHashTables data took   2.12ms
[2020.03.29-20.48.14:322][  0]Cmd: MAP CHECKDEP NOCLEARLOG
[2020.03.29-20.48.14:322][  0]MapCheck: Map check complete: 0 Error(s), 0 Warning(s), took 0,167ms to complete.
[2020.03.29-20.48.14:322][  0]LogFileHelpers: Loading map 'ThirdPersonExampleMap' took 0.414
[2020.03.29-20.48.14:462][  0]LogSlate: Updating window title bar state: overlay mode, drag disabled, window buttons hidden, title bar hidden
[2020.03.29-20.48.14:471][  0]LogSlate: Updating window title bar state: overlay mode, drag disabled, window buttons hidden, title bar hidden
[2020.03.29-20.48.14:481][  0]LogSlate: Updating window title bar state: overlay mode, drag disabled, window buttons hidden, title bar hidden
[2020.03.29-20.48.14:489][  0]LogSlate: Updating window title bar state: overlay mode, drag disabled, window buttons hidden, title bar hidden
[2020.03.29-20.48.14:494][  0]LogCollectionManager: Loaded 0 collections in 0.000892 seconds
[2020.03.29-20.48.14:511][  0]LogFileCache: Scanning file cache for directory 'C:/Users/Alvaro/Desktop/EXAMEN UNREAL/EXAMEN_ALVARO_OLIVET/Saved/Collections/' took 0.00s
[2020.03.29-20.48.14:511][  0]LogFileCache: Scanning file cache for directory 'C:/Users/Alvaro/Desktop/EXAMEN UNREAL/EXAMEN_ALVARO_OLIVET/Content/Developers/Alvaro/Collections/' took 0.00s
[2020.03.29-20.48.14:511][  0]LogFileCache: Scanning file cache for directory 'C:/Users/Alvaro/Desktop/EXAMEN UNREAL/EXAMEN_ALVARO_OLIVET/Content/Collections/' took 0.00s
[2020.03.29-20.48.14:511][  0]LogContentBrowser: Native class hierarchy populated in 0.0094 seconds. Added 3017 classes and 720 folders.
[2020.03.29-20.48.14:514][  0]LogContentBrowser: Native class hierarchy updated for 'WidgetCarousel' in 0.0003 seconds. Added 0 classes and 0 folders.
[2020.03.29-20.48.14:570][  0]LogContentBrowser: Native class hierarchy updated for 'AddContentDialog' in 0.0004 seconds. Added 0 classes and 0 folders.
[2020.03.29-20.48.14:696][  0]LogSlate: Took 0.000224 seconds to synchronously load lazily loaded font '../../../Engine/Content/Slate/Fonts/Roboto-Regular.ttf' (155K)
[2020.03.29-20.48.14:699][  0]LogSlate: Took 0.000181 seconds to synchronously load lazily loaded font '../../../Engine/Content/Slate/Fonts/Roboto-Bold.ttf' (160K)
[2020.03.29-20.48.14:706][  0]LogSlate: Took 0.000175 seconds to synchronously load lazily loaded font '../../../Engine/Content/Editor/Slate/Fonts/FontAwesome.ttf' (139K)
[2020.03.29-20.48.14:788][  0]LogRenderer: Reallocating scene render targets to support 1104x572 Format 10 NumSamples 1 (Frame:1).
[2020.03.29-20.48.14:962][  0]LogContentBrowser: Native class hierarchy updated for 'HierarchicalLODOutliner' in 0.0003 seconds. Added 0 classes and 0 folders.
[2020.03.29-20.48.14:962][  0]LogLoad: (Engine Initialization) Total time: 8.75 seconds
[2020.03.29-20.48.14:962][  0]LogLoad: (Engine Initialization) Total Blueprint compile time: 0.00 seconds
[2020.03.29-20.48.15:031][  0]LogContentStreaming: Texture pool size now 1000 MB
[2020.03.29-20.48.15:050][  0]LogSlate: Took 0.000186 seconds to synchronously load lazily loaded font '../../../Engine/Content/Slate/Fonts/Roboto-Light.ttf' (167K)
[2020.03.29-20.48.15:072][  1]LogAssetRegistry: Asset discovery search completed in 5.5588 seconds
[2020.03.29-20.48.15:076][  1]LogCollectionManager: Fixed up redirectors for 0 collections in 0.000008 seconds (updated 0 objects)
[2020.03.29-20.49.11:615][867]LogTexture: Display: Building textures: plant_01_PIV (RGBA16F, 40X2)
[2020.03.29-20.49.11:615][867]LogTexture: Display: Building textures: plant_01_VEC (BGRA8, 40X2)
[2020.03.29-20.49.11:615][867]LogTexture: Display: Building textures: Leaf_AORO (AutoDXT, 4096X4096)
[2020.03.29-20.49.11:615][867]LogTexture: Display: Building textures: Leaf_N (BC5, 4096X4096)
[2020.03.29-20.49.11:615][867]LogTexture: Display: Building textures: Bark_A (AutoDXT, 4096X4096)
[2020.03.29-20.49.11:615][867]LogTexture: Display: Building textures: Leaf_A (AutoDXT, 4096X4096)
[2020.03.29-20.49.11:615][867]LogTexture: Display: Building textures: Bark_N (BC5, 4096X4096)
[2020.03.29-20.49.11:615][867]LogTexture: Display: Building textures: Bark_AORH (AutoDXT, 4096X4096)
[2020.03.29-20.49.11:615][867]LogMaterial: Display: Missing cached shader map for material MA_Pandanus, compiling. 
[2020.03.29-20.49.12:023][867]LogShaderCompilers: Display: Worker (1/5): shaders left to compile 71
[2020.03.29-20.49.12:023][867]LogShaderCompilers: Display: Worker (2/5): shaders left to compile 61
[2020.03.29-20.49.12:023][867]LogShaderCompilers: Display: Worker (3/5): shaders left to compile 51
[2020.03.29-20.49.12:023][867]LogShaderCompilers: Display: Worker (4/5): shaders left to compile 41
[2020.03.29-20.49.12:023][867]LogMaterial: Display: Missing cached shader map for material MA_Pandanus, compiling. 
[2020.03.29-20.49.12:072][867]LogMaterial: Display: Missing cached shader map for material MA_Pandanus, compiling. 
[2020.03.29-20.49.12:279][867]LogStaticMesh: Building static mesh bigplant_01...
[2020.03.29-20.49.12:424][867]LogSlate: Took 0.039747 seconds to synchronously load lazily loaded font '../../../Engine/Content/Slate/Fonts/Roboto-Light.ttf' (167K)
[2020.03.29-20.49.12:950][867]LogStaticMesh: Built static mesh [0.65s] /Game/PN_Pandanus/Meshes/pandanus/big/bigplant_01.bigplant_01
[2020.03.29-20.49.16:831][921]LogActorFactory: Actor Factory created bigplant_01
[2020.03.29-20.49.20:150][100]LogActorFactory: Actor Factory created bigplant_01
[2020.03.29-20.49.22:040][100]LogShaderCompilers: Display: Worker (2/5): shaders left to compile 173
[2020.03.29-20.49.23:091][100]LogShaderCompilers: Display: Worker (1/5): shaders left to compile 163
[2020.03.29-20.49.24:176][143]LogShaderCompilers: Display: Worker (3/5): shaders left to compile 153
[2020.03.29-20.49.24:475][159]LogShaderCompilers: Display: Worker (4/5): shaders left to compile 143
[2020.03.29-20.49.25:323][203]Cmd: DELETE
[2020.03.29-20.49.25:342][203]Cmd: ACTOR DELETE
[2020.03.29-20.49.26:110][203]LogEditorActor: Deleted Actor: StaticMeshActor
[2020.03.29-20.49.26:186][203]LogUObjectHash: Compacting FUObjectHashTables data took   2.70ms
[2020.03.29-20.49.26:194][203]LogEditorActor: Deleted 1 Actors (0.162 secs)
[2020.03.29-20.49.28:255][322]LogShaderCompilers: Display: Worker (2/5): shaders left to compile 133
[2020.03.29-20.49.29:995][397]LogShaderCompilers: Display: Worker (1/5): shaders left to compile 123
[2020.03.29-20.49.35:899][730]LogShaderCompilers: Display: Worker (3/5): shaders left to compile 113
[2020.03.29-20.49.37:721][839]LogShaderCompilers: Display: Worker (4/5): shaders left to compile 103
[2020.03.29-20.49.38:667][885]LogShaderCompilers: Display: Worker (2/5): shaders left to compile 93
[2020.03.29-20.49.44:008][180]LogShaderCompilers: Display: Worker (1/5): shaders left to compile 83
[2020.03.29-20.49.44:477][205]LogMaterial: Display: Missing cached shader map for material Material_0, compiling. 
[2020.03.29-20.49.44:537][206]LogMaterial: Display: Missing cached shader map for material Material_1, compiling. 
[2020.03.29-20.49.44:601][207]LogMaterial: Display: Missing cached shader map for material Material_2, compiling. 
[2020.03.29-20.49.44:659][208]LogMaterial: Display: Missing cached shader map for material Material_3, compiling. 
[2020.03.29-20.49.48:529][426]LogShaderCompilers: Display: Worker (2/5): shaders left to compile 89
[2020.03.29-20.49.49:824][503]LogShaderCompilers: Display: Worker (4/5): shaders left to compile 79
[2020.03.29-20.49.53:496][721]LogShaderCompilers: Display: Worker (3/5): shaders left to compile 69
[2020.03.29-20.50.00:364][126]LogShaderCompilers: Display: Worker (1/5): shaders left to compile 59
[2020.03.29-20.50.01:390][185]LogShaderCompilers: Display: Worker (2/5): shaders left to compile 49
[2020.03.29-20.50.02:258][234]LogShaderCompilers: Display: Worker (4/5): shaders left to compile 39
[2020.03.29-20.50.05:485][427]LogShaderCompilers: Display: Worker (3/5): shaders left to compile 29
[2020.03.29-20.50.09:835][669]LogAnimationCompression: Building Anim DDC data for AnimSequence /Game/PN_Pandanus/UE4_ThirdPerson/Mannequin/Animations/ThirdPersonJump_Loop.ThirdPersonJump_Loop
[2020.03.29-20.50.09:851][669]LogAnimationCompression: Recompressing (AnimSequence /Game/PN_Pandanus/UE4_ThirdPerson/Mannequin/Animations/ThirdPersonJump_Loop.ThirdPersonJump_Loop) using current/default (AnimCompress_RemoveLinearKeys_0) bFirstRecompressUsingCurrentOrDefault(1) bTryAlternateCompressor(0) IsCompressedDataValid(0)
[2020.03.29-20.50.09:896][669]LogAnimationCompression: Building Anim DDC data for AnimSequence /Game/PN_Pandanus/UE4_ThirdPerson/Mannequin/Animations/ThirdPersonWalk.ThirdPersonWalk
[2020.03.29-20.50.09:896][669]LogAnimationCompression: Recompressing (AnimSequence /Game/PN_Pandanus/UE4_ThirdPerson/Mannequin/Animations/ThirdPersonWalk.ThirdPersonWalk) using current/default (AnimCompress_RemoveLinearKeys_0) bFirstRecompressUsingCurrentOrDefault(1) bTryAlternateCompressor(0) IsCompressedDataValid(0)
[2020.03.29-20.50.09:921][669]LogAnimationCompression: Building Anim DDC data for AnimSequence /Game/PN_Pandanus/UE4_ThirdPerson/Mannequin/Animations/ThirdPersonRun.ThirdPersonRun
[2020.03.29-20.50.09:921][669]LogAnimationCompression: Recompressing (AnimSequence /Game/PN_Pandanus/UE4_ThirdPerson/Mannequin/Animations/ThirdPersonRun.ThirdPersonRun) using current/default (AnimCompress_RemoveLinearKeys_0) bFirstRecompressUsingCurrentOrDefault(1) bTryAlternateCompressor(0) IsCompressedDataValid(0)
[2020.03.29-20.50.09:972][669]LogAnimationCompression: Building Anim DDC data for AnimSequence /Game/PN_Pandanus/UE4_ThirdPerson/Mannequin/Animations/ThirdPersonIdle.ThirdPersonIdle
[2020.03.29-20.50.09:973][669]LogAnimationCompression: Recompressing (AnimSequence /Game/PN_Pandanus/UE4_ThirdPerson/Mannequin/Animations/ThirdPersonIdle.ThirdPersonIdle) using current/default (AnimCompress_RemoveLinearKeys_0) bFirstRecompressUsingCurrentOrDefault(1) bTryAlternateCompressor(0) IsCompressedDataValid(0)
[2020.03.29-20.50.10:018][669]LogAnimationCompression: Building Anim DDC data for AnimSequence /Game/PN_Pandanus/UE4_ThirdPerson/Mannequin/Animations/ThirdPersonJump_Start.ThirdPersonJump_Start
[2020.03.29-20.50.10:019][669]LogAnimationCompression: Recompressing (AnimSequence /Game/PN_Pandanus/UE4_ThirdPerson/Mannequin/Animations/ThirdPersonJump_Start.ThirdPersonJump_Start) using current/default (AnimCompress_RemoveLinearKeys_0) bFirstRecompressUsingCurrentOrDefault(1) bTryAlternateCompressor(0) IsCompressedDataValid(0)
[2020.03.29-20.50.10:032][669]LogAnimationCompression: Building Anim DDC data for AnimSequence /Game/PN_Pandanus/UE4_ThirdPerson/Mannequin/Animations/ThirdPerson_Jump.ThirdPerson_Jump
[2020.03.29-20.50.10:032][669]LogAnimationCompression: Recompressing (AnimSequence /Game/PN_Pandanus/UE4_ThirdPerson/Mannequin/Animations/ThirdPerson_Jump.ThirdPerson_Jump) using current/default (AnimCompress_RemoveLinearKeys_1) bFirstRecompressUsingCurrentOrDefault(1) bTryAlternateCompressor(0) IsCompressedDataValid(0)
[2020.03.29-20.50.10:038][669]LogSkeletalMesh: Building Skeletal Mesh SK_Mannequin...
[2020.03.29-20.50.10:185][669]LogSkeletalMesh: Built Skeletal Mesh [0.15s] /Game/PN_Pandanus/UE4_ThirdPerson/Mannequin/Character/Mesh/SK_Mannequin.SK_Mannequin
[2020.03.29-20.50.11:135][710]LogShaderCompilers: Display: Worker (2/5): shaders left to compile 21
[2020.03.29-20.50.11:315][721]LogShaderCompilers: Display: Worker (4/5): shaders left to compile 15
[2020.03.29-20.50.12:635][735]LogShaderCompilers: Display: Worker (4/5): shaders left to compile 11
[2020.03.29-20.50.13:025][753]LogShaderCompilers: Display: Worker (3/5): shaders left to compile 8
[2020.03.29-20.50.14:223][808]LogShaderCompilers: Display: Worker (3/5): shaders left to compile 5
[2020.03.29-20.50.14:424][819]LogShaderCompilers: Display: Worker (4/5): shaders left to compile 3
[2020.03.29-20.50.14:654][826]LogAssetEditorSubsystem: Opening Asset editor for Blueprint /Game/PN_Pandanus/UE4_ThirdPerson/Blueprints/ThirdPersonCharacter.ThirdPersonCharacter
[2020.03.29-20.50.14:838][826]LogShaderCompilers: Display: Worker (4/5): shaders left to compile 2
[2020.03.29-20.50.14:838][826]LogShaderCompilers: Display: Worker (3/5): shaders left to compile 1
[2020.03.29-20.50.16:262][826]LogContentBrowser: Native class hierarchy updated for 'BlueprintGraph' in 0.0009 seconds. Added 121 classes and 0 folders.
[2020.03.29-20.50.20:267][826]LogSlate: Took 0.075925 seconds to synchronously load lazily loaded font '../../../Engine/Content/Slate/Fonts/Roboto-BoldCondensed.ttf' (158K)
[2020.03.29-20.50.21:579][827]LogSlate: Took 0.035779 seconds to synchronously load lazily loaded font '../../../Engine/Content/Slate/Fonts/Roboto-Italic.ttf' (157K)
[2020.03.29-20.50.34:137][491]LogSlate: Window 'ThirdPersonCharacter' being destroyed
[2020.03.29-20.50.34:146][491]LogSlate: Window 'ThirdPersonCharacter' being destroyed
[2020.03.29-20.50.34:214][491]LogWorld: UWorld::CleanupWorld for World_5, bSessionEnded=true, bCleanupResources=true
[2020.03.29-20.50.34:214][491]LogSlate: InvalidateAllWidgets triggered.  All widgets were invalidated
[2020.03.29-20.50.35:603][559]LogEditorViewport: Clicking on Actor (LMB): StaticMeshActor (Floor)
[2020.03.29-20.50.37:347][642]LogEditorViewport: Clicking on Actor (LMB): ThirdPersonCharacter_C (ThirdPersonCharacter)
[2020.03.29-20.50.39:476][763]LogAssetEditorSubsystem: Opening Asset editor for Blueprint /Game/ThirdPersonBP/Blueprints/ThirdPersonCharacter.ThirdPersonCharacter
[2020.03.29-20.50.41:966][873]LogSlate: Window 'ThirdPersonCharacter' being destroyed
[2020.03.29-20.50.41:973][873]LogSlate: Window 'ThirdPersonCharacter' being destroyed
[2020.03.29-20.50.41:980][873]LogWorld: UWorld::CleanupWorld for World_6, bSessionEnded=true, bCleanupResources=true
[2020.03.29-20.50.41:980][873]LogSlate: InvalidateAllWidgets triggered.  All widgets were invalidated
[2020.03.29-20.50.43:360][953]LogEditorViewport: Clicking on Actor (LMB): ThirdPersonCharacter_C (ThirdPersonCharacter2)
[2020.03.29-20.50.44:592][ 22]Cmd: DELETE
[2020.03.29-20.50.44:592][ 22]Cmd: ACTOR DELETE
[2020.03.29-20.50.44:593][ 22]LogEditorActor: Deleted Actor: ThirdPersonCharacter_C
[2020.03.29-20.50.44:677][ 22]LogUObjectHash: Compacting FUObjectHashTables data took   4.32ms
[2020.03.29-20.50.44:680][ 22]LogEditorActor: Deleted 1 Actors (0.088 secs)
[2020.03.29-20.50.46:091][107]LogTemp: Repeating last play command: Selected Viewport
[2020.03.29-20.50.46:183][107]LogBlueprintUserMessages: Early PlayInEditor Detection: Level '/Game/ThirdPersonBP/Maps/ThirdPersonExampleMap.ThirdPersonExampleMap:PersistentLevel' has LevelScriptBlueprint '/Game/ThirdPersonBP/Maps/ThirdPersonExampleMap.ThirdPersonExampleMap:PersistentLevel.ThirdPersonExampleMap' with GeneratedClass '/Game/ThirdPersonBP/Maps/ThirdPersonExampleMap.ThirdPersonExampleMap_C' with ClassGeneratedBy '/Game/ThirdPersonBP/Maps/ThirdPersonExampleMap.ThirdPersonExampleMap:PersistentLevel.ThirdPersonExampleMap'
[2020.03.29-20.50.46:247][107]LogPlayLevel: PlayLevel: No blueprints needed recompiling
[2020.03.29-20.50.46:304][107]PIE: New page: PIE session: ThirdPersonExampleMap (30 mar. 2020 0:50:46)
[2020.03.29-20.50.46:362][107]LogOnline: OSS: Creating online subsystem instance for: NULL
[2020.03.29-20.50.46:376][107]LogOnline: OSS: TryLoadSubsystemAndSetDefault: Loaded subsystem for module [NULL]
[2020.03.29-20.50.46:430][107]LogPlayLevel: Creating play world package: /Game/ThirdPersonBP/Maps/UEDPIE_0_ThirdPersonExampleMap
[2020.03.29-20.50.46:485][107]LogPlayLevel: PIE: StaticDuplicateObject took: (0.055000s)
[2020.03.29-20.50.46:501][107]LogAIModule: Creating AISystem for world ThirdPersonExampleMap
[2020.03.29-20.50.46:510][107]LogPlayLevel: PIE: World Init took: (0.024866s)
[2020.03.29-20.50.46:510][107]LogPlayLevel: PIE: Created PIE world by copying editor world from /Game/ThirdPersonBP/Maps/ThirdPersonExampleMap.ThirdPersonExampleMap to /Game/ThirdPersonBP/Maps/UEDPIE_0_ThirdPersonExampleMap.ThirdPersonExampleMap (0.080235s)
[2020.03.29-20.50.46:550][107]LogUObjectHash: Compacting FUObjectHashTables data took   2.77ms
[2020.03.29-20.50.46:569][107]LogAudioMixer: Display: Audio Mixer Platform Settings:
[2020.03.29-20.50.46:569][107]LogAudioMixer: Display: 	Sample Rate:						  48000
[2020.03.29-20.50.46:569][107]LogAudioMixer: Display: 	Callback Buffer Frame Size Requested: 1024
[2020.03.29-20.50.46:569][107]LogAudioMixer: Display: 	Callback Buffer Frame Size To Use:	  1024
[2020.03.29-20.50.46:569][107]LogAudioMixer: Display: 	Number of buffers to queue:			  2
[2020.03.29-20.50.46:569][107]LogAudioMixer: Display: 	Max Channels (voices):				  32
[2020.03.29-20.50.46:569][107]LogAudioMixer: Display: 	Number of Async Source Workers:		  0
[2020.03.29-20.50.46:569][107]LogAudio: Display: AudioDevice MaxSources: 32
[2020.03.29-20.50.46:569][107]LogAudio: Display: Using built-in audio occlusion.
[2020.03.29-20.50.46:569][107]LogAudioMixer: Display: Initializing audio mixer.
[2020.03.29-20.50.46:583][107]LogAudioMixer: Display: Audio Device Output Speaker Info:
[2020.03.29-20.50.46:583][107]LogAudioMixer: Display: Name: Speakers (Realtek High Definition Audio)
[2020.03.29-20.50.46:583][107]LogAudioMixer: Display: Is Default: Yes
[2020.03.29-20.50.46:583][107]LogAudioMixer: Display: Sample Rate: 48000
[2020.03.29-20.50.46:583][107]LogAudioMixer: Display: Channel Count Used: 2
[2020.03.29-20.50.46:583][107]LogAudioMixer: Display: Device Channel Count: 2
[2020.03.29-20.50.46:583][107]LogAudioMixer: Display: Channel Order:
[2020.03.29-20.50.46:583][107]LogAudioMixer: Display: 0: FrontLeft
[2020.03.29-20.50.46:583][107]LogAudioMixer: Display: 1: FrontRight
[2020.03.29-20.50.46:657][107]LogAudioMixer: Display: Using Audio Device Speakers (Realtek High Definition Audio)
[2020.03.29-20.50.46:681][107]LogInit: FAudioDevice initialized.
[2020.03.29-20.50.46:804][107]LogLoad: Game class is 'ThirdPersonGameMode_C'
[2020.03.29-20.50.47:002][107]LogWorld: Bringing World /Game/ThirdPersonBP/Maps/UEDPIE_0_ThirdPersonExampleMap.ThirdPersonExampleMap up for play (max tick rate 60) at 2020.03.29-22.50.47
[2020.03.29-20.50.47:083][107]LogWorld: Bringing up level for play took: 0.107316
[2020.03.29-20.50.47:092][107]LogOnline: OSS: Creating online subsystem instance for: :Context_8
[2020.03.29-20.50.47:493][107]LogContentBrowser: Native class hierarchy updated for 'MovieSceneCapture' in 0.0005 seconds. Added 20 classes and 0 folders.
[2020.03.29-20.50.47:633][107]PIE: Play in editor start time for /Game/ThirdPersonBP/Maps/UEDPIE_0_ThirdPersonExampleMap 1,762
[2020.03.29-20.50.47:633][107]LogBlueprintUserMessages: Late PlayInEditor Detection: Level '/Game/ThirdPersonBP/Maps/ThirdPersonExampleMap.ThirdPersonExampleMap:PersistentLevel' has LevelScriptBlueprint '/Game/ThirdPersonBP/Maps/ThirdPersonExampleMap.ThirdPersonExampleMap:PersistentLevel.ThirdPersonExampleMap' with GeneratedClass '/Game/ThirdPersonBP/Maps/ThirdPersonExampleMap.ThirdPersonExampleMap_C' with ClassGeneratedBy '/Game/ThirdPersonBP/Maps/ThirdPersonExampleMap.ThirdPersonExampleMap:PersistentLevel.ThirdPersonExampleMap'
[2020.03.29-20.51.01:578][903]LogAudioMixer: Display: No commands were queued while flushing the source manager.
[2020.03.29-20.51.01:594][903]LogAudioMixer: Display: Flush succeeded in the source manager command queue (1).
[2020.03.29-20.51.01:614][903]LogAudioMixer: Display: Flush succeeded the source manager command queue (2).
[2020.03.29-20.51.01:631][903]LogBlueprintUserMessages: Early EndPlayMap Detection: Level '/Game/ThirdPersonBP/Maps/ThirdPersonExampleMap.ThirdPersonExampleMap:PersistentLevel' has LevelScriptBlueprint '/Game/ThirdPersonBP/Maps/ThirdPersonExampleMap.ThirdPersonExampleMap:PersistentLevel.ThirdPersonExampleMap' with GeneratedClass '/Game/ThirdPersonBP/Maps/ThirdPersonExampleMap.ThirdPersonExampleMap_C' with ClassGeneratedBy '/Game/ThirdPersonBP/Maps/ThirdPersonExampleMap.ThirdPersonExampleMap:PersistentLevel.ThirdPersonExampleMap'
[2020.03.29-20.51.01:655][903]LogSlate: Updating window title bar state: overlay mode, drag disabled, window buttons hidden, title bar hidden
[2020.03.29-20.51.01:670][903]LogWorld: BeginTearingDown for /Game/ThirdPersonBP/Maps/UEDPIE_0_ThirdPersonExampleMap
[2020.03.29-20.51.01:670][903]LogAudioMixer: Display: No commands were queued while flushing the source manager.
[2020.03.29-20.51.01:670][903]LogWorld: UWorld::CleanupWorld for ThirdPersonExampleMap, bSessionEnded=true, bCleanupResources=true
[2020.03.29-20.51.01:671][903]LogSlate: InvalidateAllWidgets triggered.  All widgets were invalidated
[2020.03.29-20.51.01:687][903]LogPlayLevel: Display: Shutting down PIE online subsystems
[2020.03.29-20.51.01:687][903]LogBlueprintUserMessages: Late EndPlayMap Detection: Level '/Game/ThirdPersonBP/Maps/ThirdPersonExampleMap.ThirdPersonExampleMap:PersistentLevel' has LevelScriptBlueprint '/Game/ThirdPersonBP/Maps/ThirdPersonExampleMap.ThirdPersonExampleMap:PersistentLevel.ThirdPersonExampleMap' with GeneratedClass '/Game/ThirdPersonBP/Maps/ThirdPersonExampleMap.ThirdPersonExampleMap_C' with ClassGeneratedBy '/Game/ThirdPersonBP/Maps/ThirdPersonExampleMap.ThirdPersonExampleMap:PersistentLevel.ThirdPersonExampleMap'
[2020.03.29-20.51.01:735][903]LogSlate: InvalidateAllWidgets triggered.  All widgets were invalidated
[2020.03.29-20.51.01:771][903]LogAudioMixer: Display: No commands were queued while flushing the source manager.
[2020.03.29-20.51.01:816][903]LogSlate: Updating window title bar state: overlay mode, drag disabled, window buttons hidden, title bar hidden
[2020.03.29-20.51.02:059][903]LogUObjectHash: Compacting FUObjectHashTables data took   4.27ms
[2020.03.29-20.51.02:099][904]LogPlayLevel: Display: Destroying online subsystem :Context_8
[2020.03.29-20.51.06:708][159]LogUObjectHash: Compacting FUObjectHashTables data took   2.72ms
[2020.03.29-20.51.06:865][159]LogUObjectHash: Compacting FUObjectHashTables data took   0.89ms
[2020.03.29-20.51.08:050][159]LogSavePackage: Moving 'C:/Users/Alvaro/Desktop/EXAMEN UNREAL/EXAMEN_ALVARO_OLIVET/Saved/ThirdPersonExampleMap866365BF492A5A73B8CF7BA39B59CBDA.tmp' to 'C:/Users/Alvaro/Desktop/EXAMEN UNREAL/EXAMEN_ALVARO_OLIVET/Content/ThirdPersonBP/Maps/ThirdPersonExampleMap.umap'
[2020.03.29-20.51.08:151][159]LogFileHelpers: Saving map 'ThirdPersonExampleMap' took 1.378
[2020.03.29-20.51.08:180][159]AssetCheck: New page: Asset Save: ThirdPersonExampleMap
[2020.03.29-20.51.08:180][159]LogContentValidation: Display: Validating World /Game/ThirdPersonBP/Maps/ThirdPersonExampleMap.ThirdPersonExampleMap
[2020.03.29-20.51.08:951][204]LogUObjectHash: Compacting FUObjectHashTables data took   2.66ms
[2020.03.29-20.51.09:097][204]LogSlate: Window 'EXAMEN_ALVARO_OLIVET - Unreal Editor' being destroyed
[2020.03.29-20.51.09:098][204]LogWindowsTextInputMethodSystem: Display: IME system now deactivated.
[2020.03.29-20.51.09:476][205]Cmd: QUIT_EDITOR
[2020.03.29-20.51.09:476][205]LogCore: Engine exit requested (reason: UUnrealEdEngine::CloseEditor())
[2020.03.29-20.51.09:561][205]LogCore: Engine exit requested (reason: EngineExit() was called; note: exit was already requested)
[2020.03.29-20.51.09:562][205]LogAudioMixer: Display: No commands were queued while flushing the source manager.
[2020.03.29-20.51.10:135][205]LogExit: Preparing to exit.
[2020.03.29-20.51.11:262][205]LogWorld: UWorld::CleanupWorld for World_3, bSessionEnded=true, bCleanupResources=true
[2020.03.29-20.51.11:264][205]LogWorld: UWorld::CleanupWorld for World_1, bSessionEnded=true, bCleanupResources=true
[2020.03.29-20.51.11:266][205]LogWorld: UWorld::CleanupWorld for World_2, bSessionEnded=true, bCleanupResources=true
[2020.03.29-20.51.11:267][205]LogWorld: UWorld::CleanupWorld for World_0, bSessionEnded=true, bCleanupResources=true
[2020.03.29-20.51.11:269][205]LogWorld: UWorld::CleanupWorld for World_4, bSessionEnded=true, bCleanupResources=true
[2020.03.29-20.51.11:533][205]LogDemo: Cleaned up 0 splitscreen connections with owner deletion
[2020.03.29-20.51.11:785][205]LogWorld: UWorld::CleanupWorld for None, bSessionEnded=true, bCleanupResources=true
[2020.03.29-20.51.11:785][205]LogExit: Editor shut down
[2020.03.29-20.51.11:785][205]LogExit: Transaction tracking system shut down
[2020.03.29-20.51.14:470][205]LogExit: Object subsystem successfully closed.
[2020.03.29-20.51.15:071][205]LogShaderCompilers: Display: Shaders left to compile 0
