Log file open, 03/29/20 19:13:56
LogWindows: Failed to load 'aqProf.dll' (GetLastError=126)
LogWindows: File 'aqProf.dll' does not exist
LogWindows: Failed to load 'VtuneApi.dll' (GetLastError=126)
LogWindows: File 'VtuneApi.dll' does not exist
LogWindows: Failed to load 'VtuneApi32e.dll' (GetLastError=126)
LogWindows: File 'VtuneApi32e.dll' does not exist
LogConsoleResponse: Display: Failed to find resolution value strings in scalability ini. Falling back to default.
LogInit: Display: Running engine for game: PROVA3
LogPlatformFile: Not using cached read wrapper
LogTaskGraph: Started task graph with 5 named threads and 23 total threads with 3 sets of task threads.
LogStats: Stats thread started at 0.071399
LogD3D11RHI: Loaded GFSDK_Aftermath_Lib.x64.dll
LogICUInternationalization: ICU TimeZone Detection - Raw Offset: +1:00, Platform Override: ''
LogPluginManager: Mounting plugin Paper2D
LogPluginManager: Mounting plugin AISupport
LogPluginManager: Mounting plugin LightPropagationVolume
LogPluginManager: Mounting plugin ActorLayerUtilities
LogPluginManager: Mounting plugin AnimationSharing
LogPluginManager: Mounting plugin CLionSourceCodeAccess
LogPluginManager: Mounting plugin CodeLiteSourceCodeAccess
LogPluginManager: Mounting plugin GitSourceControl
LogPluginManager: Mounting plugin KDevelopSourceCodeAccess
LogPluginManager: Mounting plugin NullSourceCodeAccess
LogPluginManager: Mounting plugin PerforceSourceControl
LogPluginManager: Mounting plugin PlasticSourceControl
LogPluginManager: Mounting plugin SubversionSourceControl
LogPluginManager: Mounting plugin UObjectPlugin
LogPluginManager: Mounting plugin VisualStudioCodeSourceCodeAccess
LogPluginManager: Mounting plugin VisualStudioSourceCodeAccess
LogPluginManager: Mounting plugin XCodeSourceCodeAccess
LogPluginManager: Mounting plugin AssetManagerEditor
LogPluginManager: Mounting plugin CryptoKeys
LogPluginManager: Mounting plugin CurveEditorTools
LogPluginManager: Mounting plugin DataValidation
LogPluginManager: Mounting plugin FacialAnimation
LogPluginManager: Mounting plugin GameplayTagsEditor
LogPluginManager: Mounting plugin MacGraphicsSwitching
LogPluginManager: Mounting plugin MaterialAnalyzer
LogPluginManager: Mounting plugin MobileLauncherProfileWizard
LogPluginManager: Mounting plugin PluginBrowser
LogPluginManager: Mounting plugin SpeedTreeImporter
LogPluginManager: Mounting plugin DatasmithContent
LogPluginManager: Mounting plugin VariantManagerContent
LogPluginManager: Mounting plugin AlembicImporter
LogPluginManager: Mounting plugin AutomationUtils
LogPluginManager: Mounting plugin BackChannel
LogPluginManager: Mounting plugin CharacterAI
LogPluginManager: Mounting plugin GeometryCache
LogPluginManager: Mounting plugin PlatformCrypto
LogPluginManager: Mounting plugin ProxyLODPlugin
LogPluginManager: Mounting plugin SkeletalReduction
LogPluginManager: Mounting plugin MagicLeap
LogPluginManager: Mounting plugin MagicLeapMedia
LogPluginManager: Mounting plugin MLSDK
LogPluginManager: Mounting plugin AndroidMedia
LogPluginManager: Mounting plugin AvfMedia
LogPluginManager: Mounting plugin ImgMedia
LogPluginManager: Mounting plugin MediaCompositing
LogPluginManager: Mounting plugin MediaPlayerEditor
LogPluginManager: Mounting plugin WebMMedia
LogPluginManager: Mounting plugin WmfMedia
LogPluginManager: Mounting plugin TcpMessaging
LogPluginManager: Mounting plugin UdpMessaging
LogPluginManager: Mounting plugin ActorSequence
LogPluginManager: Mounting plugin LevelSequenceEditor
LogPluginManager: Mounting plugin MatineeToLevelSequence
LogPluginManager: Mounting plugin NetcodeUnitTest
LogPluginManager: Mounting plugin NUTUnrealEngine4
LogPluginManager: Mounting plugin OnlineSubsystemGooglePlay
LogPluginManager: Mounting plugin OnlineSubsystemIOS
LogPluginManager: Mounting plugin OnlineSubsystem
LogPluginManager: Mounting plugin OnlineSubsystemNull
LogPluginManager: Mounting plugin OnlineSubsystemUtils
LogPluginManager: Mounting plugin LauncherChunkInstaller
LogPluginManager: Mounting plugin AndroidDeviceProfileSelector
LogPluginManager: Mounting plugin AndroidMoviePlayer
LogPluginManager: Mounting plugin AndroidPermission
LogPluginManager: Mounting plugin AppleImageUtils
LogPluginManager: Mounting plugin AppleMoviePlayer
LogPluginManager: Mounting plugin ArchVisCharacter
LogPluginManager: Mounting plugin AssetTags
LogPluginManager: Mounting plugin AudioCapture
LogPluginManager: Mounting plugin CableComponent
LogPluginManager: Mounting plugin CustomMeshComponent
LogPluginManager: Mounting plugin EditableMesh
LogPluginManager: Mounting plugin ExampleDeviceProfileSelector
LogPluginManager: Mounting plugin GoogleCloudMessaging
LogPluginManager: Mounting plugin IOSDeviceProfileSelector
LogPluginManager: Mounting plugin LinuxDeviceProfileSelector
LogPluginManager: Mounting plugin LocationServicesBPLibrary
LogPluginManager: Mounting plugin MobilePatchingUtils
LogPluginManager: Mounting plugin OculusVR
LogPluginManager: Mounting plugin PhysXVehicles
LogPluginManager: Mounting plugin PostSplashScreen
LogPluginManager: Mounting plugin ProceduralMeshComponent
LogPluginManager: Mounting plugin RuntimePhysXCooking
LogPluginManager: Mounting plugin SignificanceManager
LogPluginManager: Mounting plugin SteamVR
LogPluginManager: Mounting plugin WebMMoviePlayer
LogPluginManager: Mounting plugin WindowsMoviePlayer
LogPluginManager: Mounting plugin ScreenshotTools
LogInit: Using libcurl 7.55.1-DEV
LogInit:  - built for x86_64-pc-win32
LogInit:  - supports SSL with OpenSSL/1.1.1
LogInit:  - supports HTTP deflate (compression) using libz 1.2.8
LogInit:  - other features:
LogInit:      CURL_VERSION_SSL
LogInit:      CURL_VERSION_LIBZ
LogInit:      CURL_VERSION_IPV6
LogInit:      CURL_VERSION_ASYNCHDNS
LogInit:      CURL_VERSION_LARGEFILE
LogInit:      CURL_VERSION_IDN
LogInit:  CurlRequestOptions (configurable via config and command line):
LogInit:  - bVerifyPeer = true  - Libcurl will verify peer certificate
LogInit:  - bUseHttpProxy = false  - Libcurl will NOT use HTTP proxy
LogInit:  - bDontReuseConnections = false  - Libcurl will reuse connections
LogInit:  - MaxHostConnections = 16  - Libcurl will limit the number of connections to a host
LogInit:  - LocalHostAddr = Default
LogInit:  - BufferSize = 65536
LogOnline: OSS: Creating online subsystem instance for: NULL
LogInit: WinSock: version 1.1 (2.2), MaxSocks=32767, MaxUdp=65467
LogOnline: OSS: TryLoadSubsystemAndSetDefault: Loaded subsystem for module [NULL]
LogInit: Build: ++UE4+Release-4.24-CL-10757647
LogInit: Engine Version: 4.24.1-10757647+++UE4+Release-4.24
LogInit: Compatible Engine Version: 4.24.0-10570792+++UE4+Release-4.24
LogInit: Net CL: 10570792
LogInit: OS: Windows 10 (Release 1903) (), CPU: Intel(R) Core(TM) i7-7700HQ CPU @ 2.80GHz, GPU: NVIDIA GeForce GTX 1070
LogInit: Compiled (64-bit): Dec 17 2019 02:08:03
LogInit: Compiled with Visual C++: 19.16.27032.01
LogInit: Build Configuration: Development
LogInit: Branch Name: ++UE4+Release-4.24
LogInit: Command Line: 
LogInit: Base Directory: D:/Games/Inside/UE_4.24/Engine/Binaries/Win64/
LogInit: Installed Engine Build: 1
LogDevObjectVersion: Number of dev versions registered: 25
LogDevObjectVersion:   Dev-Blueprints (B0D832E4-1F89-4F0D-ACCF-7EB736FD4AA2): 10
LogDevObjectVersion:   Dev-Build (E1C64328-A22C-4D53-A36C-8E866417BD8C): 0
LogDevObjectVersion:   Dev-Core (375EC13C-06E4-48FB-B500-84F0262A717E): 3
LogDevObjectVersion:   Dev-Editor (E4B068ED-F494-42E9-A231-DA0B2E46BB41): 37
LogDevObjectVersion:   Dev-Framework (CFFC743F-43B0-4480-9391-14DF171D2073): 36
LogDevObjectVersion:   Dev-Mobile (B02B49B5-BB20-44E9-A304-32B752E40360): 2
LogDevObjectVersion:   Dev-Networking (A4E4105C-59A1-49B5-A7C5-40C4547EDFEE): 0
LogDevObjectVersion:   Dev-Online (39C831C9-5AE6-47DC-9A44-9C173E1C8E7C): 0
LogDevObjectVersion:   Dev-Physics (78F01B33-EBEA-4F98-B9B4-84EACCB95AA2): 2
LogDevObjectVersion:   Dev-Platform (6631380F-2D4D-43E0-8009-CF276956A95A): 0
LogDevObjectVersion:   Dev-Rendering (12F88B9F-8875-4AFC-A67C-D90C383ABD29): 36
LogDevObjectVersion:   Dev-Sequencer (7B5AE74C-D270-4C10-A958-57980B212A5A): 11
LogDevObjectVersion:   Dev-VR (D7296918-1DD6-4BDD-9DE2-64A83CC13884): 2
LogDevObjectVersion:   Dev-LoadTimes (C2A15278-BFE7-4AFE-6C17-90FF531DF755): 1
LogDevObjectVersion:   Private-Geometry (6EACA3D4-40EC-4CC1-B786-8BED09428FC5): 3
LogDevObjectVersion:   Dev-AnimPhys (29E575DD-E0A3-4627-9D10-D276232CDCEA): 17
LogDevObjectVersion:   Dev-Anim (AF43A65D-7FD3-4947-9873-3E8ED9C1BB05): 2
LogDevObjectVersion:   Dev-ReflectionCapture (6B266CEC-1EC7-4B8F-A30B-E4D90942FC07): 1
LogDevObjectVersion:   Dev-Automation (0DF73D61-A23F-47EA-B727-89E90C41499A): 1
LogDevObjectVersion:   FortniteMain (601D1886-AC64-4F84-AA16-D3DE0DEAC7D6): 31
LogDevObjectVersion:   Dev-Enterprise (9DFFBCD6-494F-0158-E221-12823C92A888): 8
LogDevObjectVersion:   Dev-Niagara (F2AED0AC-9AFE-416F-8664-AA7FFA26D6FC): 1
LogDevObjectVersion:   Dev-Destruction (174F1F0B-B4C6-45A5-B13F-2EE8D0FB917D): 9
LogDevObjectVersion:   Dev-Physics-Ext (35F94A83-E258-406C-A318-09F59610247C): 8
LogDevObjectVersion:   Dev-CineCamera (B2E18506-4273-CFC2-A54E-F4BB758BBA07): 1
LogInit: Presizing for max 25165824 objects, including 0 objects not considered by GC, pre-allocating 0 bytes for permanent pool.
LogInit: Object subsystem initialized
LogConfig: Setting CVar [[con.DebugEarlyDefault:1]]
LogConfig: Setting CVar [[r.setres:1280x720]]
[2020.03.29-17.13.56:361][  0]LogConfig: Setting CVar [[r.VSync:0]]
[2020.03.29-17.13.56:361][  0]LogConfig: Setting CVar [[r.RHICmdBypass:0]]
[2020.03.29-17.13.56:361][  0]LogConfig: Applying CVar settings from Section [/Script/Engine.RendererSettings] File [D:/UnityOtherProjct/ProjectePuigdemont/PROVA_EXAMEN_REPOSITORI/PROVA3/Saved/Config/Windows/Engine.ini]
[2020.03.29-17.13.56:361][  0]LogConfig: Setting CVar [[r.GPUCrashDebugging:0]]
[2020.03.29-17.13.56:362][  0]LogConfig: Applying CVar settings from Section [/Script/Engine.RendererOverrideSettings] File [D:/UnityOtherProjct/ProjectePuigdemont/PROVA_EXAMEN_REPOSITORI/PROVA3/Saved/Config/Windows/Engine.ini]
[2020.03.29-17.13.56:362][  0]LogConfig: Applying CVar settings from Section [/Script/Engine.StreamingSettings] File [D:/UnityOtherProjct/ProjectePuigdemont/PROVA_EXAMEN_REPOSITORI/PROVA3/Saved/Config/Windows/Engine.ini]
[2020.03.29-17.13.56:362][  0]LogConfig: Setting CVar [[s.MinBulkDataSizeForAsyncLoading:131072]]
[2020.03.29-17.13.56:362][  0]LogConfig: Setting CVar [[s.AsyncLoadingThreadEnabled:0]]
[2020.03.29-17.13.56:362][  0]LogConfig: Setting CVar [[s.EventDrivenLoaderEnabled:1]]
[2020.03.29-17.13.56:362][  0]LogConfig: Setting CVar [[s.WarnIfTimeLimitExceeded:0]]
[2020.03.29-17.13.56:362][  0]LogConfig: Setting CVar [[s.TimeLimitExceededMultiplier:1.5]]
[2020.03.29-17.13.56:362][  0]LogConfig: Setting CVar [[s.TimeLimitExceededMinTime:0.005]]
[2020.03.29-17.13.56:362][  0]LogConfig: Setting CVar [[s.UseBackgroundLevelStreaming:1]]
[2020.03.29-17.13.56:362][  0]LogConfig: Setting CVar [[s.PriorityAsyncLoadingExtraTime:15.0]]
[2020.03.29-17.13.56:362][  0]LogConfig: Setting CVar [[s.LevelStreamingActorsUpdateTimeLimit:5.0]]
[2020.03.29-17.13.56:362][  0]LogConfig: Setting CVar [[s.PriorityLevelStreamingActorsUpdateExtraTime:5.0]]
[2020.03.29-17.13.56:362][  0]LogConfig: Setting CVar [[s.LevelStreamingComponentsRegistrationGranularity:10]]
[2020.03.29-17.13.56:362][  0]LogConfig: Setting CVar [[s.UnregisterComponentsTimeLimit:1.0]]
[2020.03.29-17.13.56:362][  0]LogConfig: Setting CVar [[s.LevelStreamingComponentsUnregistrationGranularity:5]]
[2020.03.29-17.13.56:362][  0]LogConfig: Setting CVar [[s.FlushStreamingOnExit:1]]
[2020.03.29-17.13.56:362][  0]LogConfig: Applying CVar settings from Section [/Script/Engine.GarbageCollectionSettings] File [D:/UnityOtherProjct/ProjectePuigdemont/PROVA_EXAMEN_REPOSITORI/PROVA3/Saved/Config/Windows/Engine.ini]
[2020.03.29-17.13.56:362][  0]LogConfig: Setting CVar [[gc.MaxObjectsNotConsideredByGC:1]]
[2020.03.29-17.13.56:362][  0]LogConfig: Setting CVar [[gc.SizeOfPermanentObjectPool:0]]
[2020.03.29-17.13.56:362][  0]LogConfig: Setting CVar [[gc.FlushStreamingOnGC:0]]
[2020.03.29-17.13.56:362][  0]LogConfig: Setting CVar [[gc.NumRetriesBeforeForcingGC:10]]
[2020.03.29-17.13.56:362][  0]LogConfig: Setting CVar [[gc.AllowParallelGC:1]]
[2020.03.29-17.13.56:362][  0]LogConfig: Setting CVar [[gc.TimeBetweenPurgingPendingKillObjects:61.1]]
[2020.03.29-17.13.56:362][  0]LogConfig: Setting CVar [[gc.MaxObjectsInEditor:25165824]]
[2020.03.29-17.13.56:362][  0]LogConfig: Setting CVar [[gc.IncrementalBeginDestroyEnabled:1]]
[2020.03.29-17.13.56:362][  0]LogConfig: Setting CVar [[gc.CreateGCClusters:1]]
[2020.03.29-17.13.56:362][  0]LogConfig: Setting CVar [[gc.MinGCClusterSize:5]]
[2020.03.29-17.13.56:362][  0]LogConfig: Setting CVar [[gc.ActorClusteringEnabled:0]]
[2020.03.29-17.13.56:362][  0]LogConfig: Setting CVar [[gc.BlueprintClusteringEnabled:0]]
[2020.03.29-17.13.56:362][  0]LogConfig: Setting CVar [[gc.UseDisregardForGCOnDedicatedServers:0]]
[2020.03.29-17.13.56:362][  0]LogConfig: Applying CVar settings from Section [/Script/Engine.NetworkSettings] File [D:/UnityOtherProjct/ProjectePuigdemont/PROVA_EXAMEN_REPOSITORI/PROVA3/Saved/Config/Windows/Engine.ini]
[2020.03.29-17.13.56:362][  0]LogConfig: Applying CVar settings from Section [/Script/UnrealEd.CookerSettings] File [D:/UnityOtherProjct/ProjectePuigdemont/PROVA_EXAMEN_REPOSITORI/PROVA3/Saved/Config/Windows/Engine.ini]
[2020.03.29-17.13.56:364][  0]LogConfig: Applying CVar settings from Section [ViewDistanceQuality@3] File [D:/UnityOtherProjct/ProjectePuigdemont/PROVA_EXAMEN_REPOSITORI/PROVA3/Saved/Config/Windows/Scalability.ini]
[2020.03.29-17.13.56:364][  0]LogConfig: Setting CVar [[r.SkeletalMeshLODBias:0]]
[2020.03.29-17.13.56:364][  0]LogConfig: Setting CVar [[r.ViewDistanceScale:1.0]]
[2020.03.29-17.13.56:364][  0]LogConfig: Applying CVar settings from Section [AntiAliasingQuality@3] File [D:/UnityOtherProjct/ProjectePuigdemont/PROVA_EXAMEN_REPOSITORI/PROVA3/Saved/Config/Windows/Scalability.ini]
[2020.03.29-17.13.56:364][  0]LogConfig: Setting CVar [[r.PostProcessAAQuality:4]]
[2020.03.29-17.13.56:364][  0]LogConfig: Applying CVar settings from Section [ShadowQuality@3] File [D:/UnityOtherProjct/ProjectePuigdemont/PROVA_EXAMEN_REPOSITORI/PROVA3/Saved/Config/Windows/Scalability.ini]
[2020.03.29-17.13.56:364][  0]LogConfig: Setting CVar [[r.LightFunctionQuality:1]]
[2020.03.29-17.13.56:364][  0]LogConfig: Setting CVar [[r.ShadowQuality:5]]
[2020.03.29-17.13.56:364][  0]LogConfig: Setting CVar [[r.Shadow.CSM.MaxCascades:10]]
[2020.03.29-17.13.56:364][  0]LogConfig: Setting CVar [[r.Shadow.MaxResolution:2048]]
[2020.03.29-17.13.56:364][  0]LogConfig: Setting CVar [[r.Shadow.MaxCSMResolution:2048]]
[2020.03.29-17.13.56:364][  0]LogConfig: Setting CVar [[r.Shadow.RadiusThreshold:0.01]]
[2020.03.29-17.13.56:364][  0]LogConfig: Setting CVar [[r.Shadow.DistanceScale:1.0]]
[2020.03.29-17.13.56:364][  0]LogConfig: Setting CVar [[r.Shadow.CSM.TransitionScale:1.0]]
[2020.03.29-17.13.56:364][  0]LogConfig: Setting CVar [[r.Shadow.PreShadowResolutionFactor:1.0]]
[2020.03.29-17.13.56:364][  0]LogConfig: Setting CVar [[r.DistanceFieldShadowing:1]]
[2020.03.29-17.13.56:364][  0]LogConfig: Setting CVar [[r.DistanceFieldAO:1]]
[2020.03.29-17.13.56:364][  0]LogConfig: Setting CVar [[r.AOQuality:2]]
[2020.03.29-17.13.56:364][  0]LogConfig: Setting CVar [[r.VolumetricFog:1]]
[2020.03.29-17.13.56:364][  0]LogConfig: Setting CVar [[r.VolumetricFog.GridPixelSize:8]]
[2020.03.29-17.13.56:365][  0]LogConfig: Setting CVar [[r.VolumetricFog.GridSizeZ:128]]
[2020.03.29-17.13.56:365][  0]LogConfig: Setting CVar [[r.VolumetricFog.HistoryMissSupersampleCount:4]]
[2020.03.29-17.13.56:365][  0]LogConfig: Setting CVar [[r.LightMaxDrawDistanceScale:1]]
[2020.03.29-17.13.56:365][  0]LogConfig: Setting CVar [[r.CapsuleShadows:1]]
[2020.03.29-17.13.56:365][  0]LogConfig: Applying CVar settings from Section [PostProcessQuality@3] File [D:/UnityOtherProjct/ProjectePuigdemont/PROVA_EXAMEN_REPOSITORI/PROVA3/Saved/Config/Windows/Scalability.ini]
[2020.03.29-17.13.56:365][  0]LogConfig: Setting CVar [[r.MotionBlurQuality:4]]
[2020.03.29-17.13.56:365][  0]LogConfig: Setting CVar [[r.AmbientOcclusionMipLevelFactor:0.4]]
[2020.03.29-17.13.56:365][  0]LogConfig: Setting CVar [[r.AmbientOcclusionMaxQuality:100]]
[2020.03.29-17.13.56:365][  0]LogConfig: Setting CVar [[r.AmbientOcclusionLevels:-1]]
[2020.03.29-17.13.56:365][  0]LogConfig: Setting CVar [[r.AmbientOcclusionRadiusScale:1.0]]
[2020.03.29-17.13.56:365][  0]LogConfig: Setting CVar [[r.DepthOfFieldQuality:2]]
[2020.03.29-17.13.56:365][  0]LogConfig: Setting CVar [[r.RenderTargetPoolMin:400]]
[2020.03.29-17.13.56:365][  0]LogConfig: Setting CVar [[r.LensFlareQuality:2]]
[2020.03.29-17.13.56:365][  0]LogConfig: Setting CVar [[r.SceneColorFringeQuality:1]]
[2020.03.29-17.13.56:365][  0]LogConfig: Setting CVar [[r.EyeAdaptationQuality:2]]
[2020.03.29-17.13.56:365][  0]LogConfig: Setting CVar [[r.BloomQuality:5]]
[2020.03.29-17.13.56:365][  0]LogConfig: Setting CVar [[r.FastBlurThreshold:100]]
[2020.03.29-17.13.56:365][  0]LogConfig: Setting CVar [[r.Upscale.Quality:3]]
[2020.03.29-17.13.56:365][  0]LogConfig: Setting CVar [[r.Tonemapper.GrainQuantization:1]]
[2020.03.29-17.13.56:365][  0]LogConfig: Setting CVar [[r.LightShaftQuality:1]]
[2020.03.29-17.13.56:365][  0]LogConfig: Setting CVar [[r.Filter.SizeScale:1]]
[2020.03.29-17.13.56:365][  0]LogConfig: Setting CVar [[r.Tonemapper.Quality:5]]
[2020.03.29-17.13.56:365][  0]LogConfig: Setting CVar [[r.DOF.Gather.AccumulatorQuality:1        ; higher gathering accumulator quality]]
[2020.03.29-17.13.56:365][  0]LogConfig: Setting CVar [[r.DOF.Gather.PostfilterMethod:1          ; Median3x3 postfilering method]]
[2020.03.29-17.13.56:365][  0]LogConfig: Setting CVar [[r.DOF.Gather.EnableBokehSettings:0       ; no bokeh simulation when gathering]]
[2020.03.29-17.13.56:365][  0]LogConfig: Setting CVar [[r.DOF.Gather.RingCount:4                 ; medium number of samples when gathering]]
[2020.03.29-17.13.56:365][  0]LogConfig: Setting CVar [[r.DOF.Scatter.ForegroundCompositing:1    ; additive foreground scattering]]
[2020.03.29-17.13.56:365][  0]LogConfig: Setting CVar [[r.DOF.Scatter.BackgroundCompositing:2    ; additive background scattering]]
[2020.03.29-17.13.56:365][  0]LogConfig: Setting CVar [[r.DOF.Scatter.EnableBokehSettings:1      ; bokeh simulation when scattering]]
[2020.03.29-17.13.56:365][  0]LogConfig: Setting CVar [[r.DOF.Scatter.MaxSpriteRatio:0.1         ; only a maximum of 10% of scattered bokeh]]
[2020.03.29-17.13.56:365][  0]LogConfig: Setting CVar [[r.DOF.Recombine.Quality:1                ; cheap slight out of focus]]
[2020.03.29-17.13.56:365][  0]LogConfig: Setting CVar [[r.DOF.Recombine.EnableBokehSettings:0    ; no bokeh simulation on slight out of focus]]
[2020.03.29-17.13.56:365][  0]LogConfig: Setting CVar [[r.DOF.TemporalAAQuality:1                ; more stable temporal accumulation]]
[2020.03.29-17.13.56:365][  0]LogConfig: Setting CVar [[r.DOF.Kernel.MaxForegroundRadius:0.025]]
[2020.03.29-17.13.56:365][  0]LogConfig: Setting CVar [[r.DOF.Kernel.MaxBackgroundRadius:0.025]]
[2020.03.29-17.13.56:365][  0]LogConfig: Applying CVar settings from Section [TextureQuality@3] File [D:/UnityOtherProjct/ProjectePuigdemont/PROVA_EXAMEN_REPOSITORI/PROVA3/Saved/Config/Windows/Scalability.ini]
[2020.03.29-17.13.56:365][  0]LogConfig: Setting CVar [[r.Streaming.MipBias:0]]
[2020.03.29-17.13.56:365][  0]LogConfig: Setting CVar [[r.Streaming.AmortizeCPUToGPUCopy:0]]
[2020.03.29-17.13.56:365][  0]LogConfig: Setting CVar [[r.Streaming.MaxNumTexturesToStreamPerFrame:0]]
[2020.03.29-17.13.56:365][  0]LogConfig: Setting CVar [[r.Streaming.Boost:1]]
[2020.03.29-17.13.56:365][  0]LogConfig: Setting CVar [[r.MaxAnisotropy:8]]
[2020.03.29-17.13.56:365][  0]LogConfig: Setting CVar [[r.VT.MaxAnisotropy:8]]
[2020.03.29-17.13.56:365][  0]LogConfig: Setting CVar [[r.Streaming.LimitPoolSizeToVRAM:0]]
[2020.03.29-17.13.56:365][  0]LogConfig: Setting CVar [[r.Streaming.PoolSize:1000]]
[2020.03.29-17.13.56:365][  0]LogConfig: Setting CVar [[r.Streaming.MaxEffectiveScreenSize:0]]
[2020.03.29-17.13.56:365][  0]LogConfig: Applying CVar settings from Section [EffectsQuality@3] File [D:/UnityOtherProjct/ProjectePuigdemont/PROVA_EXAMEN_REPOSITORI/PROVA3/Saved/Config/Windows/Scalability.ini]
[2020.03.29-17.13.56:365][  0]LogConfig: Setting CVar [[r.TranslucencyLightingVolumeDim:64]]
[2020.03.29-17.13.56:365][  0]LogConfig: Setting CVar [[r.RefractionQuality:2]]
[2020.03.29-17.13.56:365][  0]LogConfig: Setting CVar [[r.SSR.Quality:3]]
[2020.03.29-17.13.56:365][  0]LogConfig: Setting CVar [[r.SSR.HalfResSceneColor:0]]
[2020.03.29-17.13.56:365][  0]LogConfig: Setting CVar [[r.SceneColorFormat:4]]
[2020.03.29-17.13.56:365][  0]LogConfig: Setting CVar [[r.DetailMode:2]]
[2020.03.29-17.13.56:365][  0]LogConfig: Setting CVar [[r.TranslucencyVolumeBlur:1]]
[2020.03.29-17.13.56:365][  0]LogConfig: Setting CVar [[r.MaterialQualityLevel:1 ; High quality]]
[2020.03.29-17.13.56:365][  0]LogConfig: Setting CVar [[r.SSS.Scale:1]]
[2020.03.29-17.13.56:365][  0]LogConfig: Setting CVar [[r.SSS.SampleSet:2]]
[2020.03.29-17.13.56:365][  0]LogConfig: Setting CVar [[r.SSS.Quality:1]]
[2020.03.29-17.13.56:365][  0]LogConfig: Setting CVar [[r.SSS.HalfRes:1]]
[2020.03.29-17.13.56:365][  0]LogConfig: Setting CVar [[r.SSGI.Quality:3]]
[2020.03.29-17.13.56:365][  0]LogConfig: Setting CVar [[r.EmitterSpawnRateScale:1.0]]
[2020.03.29-17.13.56:365][  0]LogConfig: Setting CVar [[r.ParticleLightQuality:2]]
[2020.03.29-17.13.56:365][  0]LogConfig: Setting CVar [[r.SkyAtmosphere.AerialPerspectiveLUT.FastApplyOnOpaque:1 ; Always have FastSkyLUT 1 in this case to avoid wrong sky]]
[2020.03.29-17.13.56:365][  0]LogConfig: Setting CVar [[r.SkyAtmosphere.AerialPerspectiveLUT.SampleCountPerSlice:1]]
[2020.03.29-17.13.56:365][  0]LogConfig: Setting CVar [[r.SkyAtmosphere.AerialPerspectiveLUT.DepthResolution:16.0]]
[2020.03.29-17.13.56:365][  0]LogConfig: Setting CVar [[r.SkyAtmosphere.FastSkyLUT:1]]
[2020.03.29-17.13.56:365][  0]LogConfig: Setting CVar [[r.SkyAtmosphere.FastSkyLUT.SampleCountMin:4.0]]
[2020.03.29-17.13.56:365][  0]LogConfig: Setting CVar [[r.SkyAtmosphere.FastSkyLUT.SampleCountMax:32.0]]
[2020.03.29-17.13.56:365][  0]LogConfig: Setting CVar [[r.SkyAtmosphere.SampleCountMin:4.0]]
[2020.03.29-17.13.56:365][  0]LogConfig: Setting CVar [[r.SkyAtmosphere.SampleCountMax:32.0]]
[2020.03.29-17.13.56:365][  0]LogConfig: Setting CVar [[r.SkyAtmosphere.TransmittanceLUT.UseSmallFormat:0]]
[2020.03.29-17.13.56:365][  0]LogConfig: Setting CVar [[r.SkyAtmosphere.TransmittanceLUT.SampleCount:10.0]]
[2020.03.29-17.13.56:365][  0]LogConfig: Setting CVar [[r.SkyAtmosphere.MultiScatteringLUT.SampleCount:15.0]]
[2020.03.29-17.13.56:365][  0]LogConfig: Applying CVar settings from Section [FoliageQuality@3] File [D:/UnityOtherProjct/ProjectePuigdemont/PROVA_EXAMEN_REPOSITORI/PROVA3/Saved/Config/Windows/Scalability.ini]
[2020.03.29-17.13.56:365][  0]LogConfig: Setting CVar [[foliage.DensityScale:1.0]]
[2020.03.29-17.13.56:365][  0]LogConfig: Setting CVar [[grass.DensityScale:1.0]]
[2020.03.29-17.13.56:365][  0]LogConfig: Applying CVar settings from Section [ShadingQuality@3] File [D:/UnityOtherProjct/ProjectePuigdemont/PROVA_EXAMEN_REPOSITORI/PROVA3/Saved/Config/Windows/Scalability.ini]
[2020.03.29-17.13.56:365][  0]LogConfig: Setting CVar [[r.HairStrands.SkyLighting.SampleCount:16]]
[2020.03.29-17.13.56:366][  0]LogConfig: Setting CVar [[r.HairStrands.SkyLighting.JitterIntegration:0]]
[2020.03.29-17.13.56:366][  0]LogConfig: Setting CVar [[r.HairStrands.SkyAO.SampleCount:16]]
[2020.03.29-17.13.56:366][  0]LogInit: Selected Device Profile: [Windows]
[2020.03.29-17.13.56:366][  0]LogInit: Applying CVar settings loaded from the selected device profile: [Windows]
[2020.03.29-17.13.56:368][  0]LogHAL: Display: Platform has ~ 16 GB [17134493696 / 17179869184 / 16], which maps to Larger [LargestMinGB=32, LargerMinGB=12, DefaultMinGB=8, SmallerMinGB=6, SmallestMinGB=0)
[2020.03.29-17.13.56:368][  0]LogInit: Going up to parent DeviceProfile []
[2020.03.29-17.13.56:368][  0]LogConfig: Applying CVar settings from Section [ViewDistanceQuality@3] File [D:/UnityOtherProjct/ProjectePuigdemont/PROVA_EXAMEN_REPOSITORI/PROVA3/Saved/Config/Windows/Scalability.ini]
[2020.03.29-17.13.56:368][  0]LogConfig: Setting CVar [[r.SkeletalMeshLODBias:0]]
[2020.03.29-17.13.56:368][  0]LogConfig: Setting CVar [[r.ViewDistanceScale:1.0]]
[2020.03.29-17.13.56:368][  0]LogConfig: Applying CVar settings from Section [AntiAliasingQuality@3] File [D:/UnityOtherProjct/ProjectePuigdemont/PROVA_EXAMEN_REPOSITORI/PROVA3/Saved/Config/Windows/Scalability.ini]
[2020.03.29-17.13.56:368][  0]LogConfig: Setting CVar [[r.PostProcessAAQuality:4]]
[2020.03.29-17.13.56:368][  0]LogConfig: Applying CVar settings from Section [ShadowQuality@3] File [D:/UnityOtherProjct/ProjectePuigdemont/PROVA_EXAMEN_REPOSITORI/PROVA3/Saved/Config/Windows/Scalability.ini]
[2020.03.29-17.13.56:368][  0]LogConfig: Setting CVar [[r.LightFunctionQuality:1]]
[2020.03.29-17.13.56:368][  0]LogConfig: Setting CVar [[r.ShadowQuality:5]]
[2020.03.29-17.13.56:368][  0]LogConfig: Setting CVar [[r.Shadow.CSM.MaxCascades:10]]
[2020.03.29-17.13.56:368][  0]LogConfig: Setting CVar [[r.Shadow.MaxResolution:2048]]
[2020.03.29-17.13.56:368][  0]LogConfig: Setting CVar [[r.Shadow.MaxCSMResolution:2048]]
[2020.03.29-17.13.56:368][  0]LogConfig: Setting CVar [[r.Shadow.RadiusThreshold:0.01]]
[2020.03.29-17.13.56:368][  0]LogConfig: Setting CVar [[r.Shadow.DistanceScale:1.0]]
[2020.03.29-17.13.56:368][  0]LogConfig: Setting CVar [[r.Shadow.CSM.TransitionScale:1.0]]
[2020.03.29-17.13.56:368][  0]LogConfig: Setting CVar [[r.Shadow.PreShadowResolutionFactor:1.0]]
[2020.03.29-17.13.56:368][  0]LogConfig: Setting CVar [[r.DistanceFieldShadowing:1]]
[2020.03.29-17.13.56:368][  0]LogConfig: Setting CVar [[r.DistanceFieldAO:1]]
[2020.03.29-17.13.56:368][  0]LogConfig: Setting CVar [[r.AOQuality:2]]
[2020.03.29-17.13.56:368][  0]LogConfig: Setting CVar [[r.VolumetricFog:1]]
[2020.03.29-17.13.56:368][  0]LogConfig: Setting CVar [[r.VolumetricFog.GridPixelSize:8]]
[2020.03.29-17.13.56:368][  0]LogConfig: Setting CVar [[r.VolumetricFog.GridSizeZ:128]]
[2020.03.29-17.13.56:368][  0]LogConfig: Setting CVar [[r.VolumetricFog.HistoryMissSupersampleCount:4]]
[2020.03.29-17.13.56:368][  0]LogConfig: Setting CVar [[r.LightMaxDrawDistanceScale:1]]
[2020.03.29-17.13.56:368][  0]LogConfig: Setting CVar [[r.CapsuleShadows:1]]
[2020.03.29-17.13.56:368][  0]LogConfig: Applying CVar settings from Section [PostProcessQuality@3] File [D:/UnityOtherProjct/ProjectePuigdemont/PROVA_EXAMEN_REPOSITORI/PROVA3/Saved/Config/Windows/Scalability.ini]
[2020.03.29-17.13.56:368][  0]LogConfig: Setting CVar [[r.MotionBlurQuality:4]]
[2020.03.29-17.13.56:368][  0]LogConfig: Setting CVar [[r.AmbientOcclusionMipLevelFactor:0.4]]
[2020.03.29-17.13.56:368][  0]LogConfig: Setting CVar [[r.AmbientOcclusionMaxQuality:100]]
[2020.03.29-17.13.56:368][  0]LogConfig: Setting CVar [[r.AmbientOcclusionLevels:-1]]
[2020.03.29-17.13.56:368][  0]LogConfig: Setting CVar [[r.AmbientOcclusionRadiusScale:1.0]]
[2020.03.29-17.13.56:368][  0]LogConfig: Setting CVar [[r.DepthOfFieldQuality:2]]
[2020.03.29-17.13.56:368][  0]LogConfig: Setting CVar [[r.RenderTargetPoolMin:400]]
[2020.03.29-17.13.56:368][  0]LogConfig: Setting CVar [[r.LensFlareQuality:2]]
[2020.03.29-17.13.56:368][  0]LogConfig: Setting CVar [[r.SceneColorFringeQuality:1]]
[2020.03.29-17.13.56:368][  0]LogConfig: Setting CVar [[r.EyeAdaptationQuality:2]]
[2020.03.29-17.13.56:368][  0]LogConfig: Setting CVar [[r.BloomQuality:5]]
[2020.03.29-17.13.56:368][  0]LogConfig: Setting CVar [[r.FastBlurThreshold:100]]
[2020.03.29-17.13.56:368][  0]LogConfig: Setting CVar [[r.Upscale.Quality:3]]
[2020.03.29-17.13.56:368][  0]LogConfig: Setting CVar [[r.Tonemapper.GrainQuantization:1]]
[2020.03.29-17.13.56:368][  0]LogConfig: Setting CVar [[r.LightShaftQuality:1]]
[2020.03.29-17.13.56:368][  0]LogConfig: Setting CVar [[r.Filter.SizeScale:1]]
[2020.03.29-17.13.56:368][  0]LogConfig: Setting CVar [[r.Tonemapper.Quality:5]]
[2020.03.29-17.13.56:368][  0]LogConfig: Setting CVar [[r.DOF.Gather.AccumulatorQuality:1        ; higher gathering accumulator quality]]
[2020.03.29-17.13.56:368][  0]LogConfig: Setting CVar [[r.DOF.Gather.PostfilterMethod:1          ; Median3x3 postfilering method]]
[2020.03.29-17.13.56:368][  0]LogConfig: Setting CVar [[r.DOF.Gather.EnableBokehSettings:0       ; no bokeh simulation when gathering]]
[2020.03.29-17.13.56:368][  0]LogConfig: Setting CVar [[r.DOF.Gather.RingCount:4                 ; medium number of samples when gathering]]
[2020.03.29-17.13.56:368][  0]LogConfig: Setting CVar [[r.DOF.Scatter.ForegroundCompositing:1    ; additive foreground scattering]]
[2020.03.29-17.13.56:368][  0]LogConfig: Setting CVar [[r.DOF.Scatter.BackgroundCompositing:2    ; additive background scattering]]
[2020.03.29-17.13.56:368][  0]LogConfig: Setting CVar [[r.DOF.Scatter.EnableBokehSettings:1      ; bokeh simulation when scattering]]
[2020.03.29-17.13.56:368][  0]LogConfig: Setting CVar [[r.DOF.Scatter.MaxSpriteRatio:0.1         ; only a maximum of 10% of scattered bokeh]]
[2020.03.29-17.13.56:368][  0]LogConfig: Setting CVar [[r.DOF.Recombine.Quality:1                ; cheap slight out of focus]]
[2020.03.29-17.13.56:368][  0]LogConfig: Setting CVar [[r.DOF.Recombine.EnableBokehSettings:0    ; no bokeh simulation on slight out of focus]]
[2020.03.29-17.13.56:368][  0]LogConfig: Setting CVar [[r.DOF.TemporalAAQuality:1                ; more stable temporal accumulation]]
[2020.03.29-17.13.56:368][  0]LogConfig: Setting CVar [[r.DOF.Kernel.MaxForegroundRadius:0.025]]
[2020.03.29-17.13.56:368][  0]LogConfig: Setting CVar [[r.DOF.Kernel.MaxBackgroundRadius:0.025]]
[2020.03.29-17.13.56:368][  0]LogConfig: Applying CVar settings from Section [TextureQuality@3] File [D:/UnityOtherProjct/ProjectePuigdemont/PROVA_EXAMEN_REPOSITORI/PROVA3/Saved/Config/Windows/Scalability.ini]
[2020.03.29-17.13.56:368][  0]LogConfig: Setting CVar [[r.Streaming.MipBias:0]]
[2020.03.29-17.13.56:368][  0]LogConfig: Setting CVar [[r.Streaming.AmortizeCPUToGPUCopy:0]]
[2020.03.29-17.13.56:368][  0]LogConfig: Setting CVar [[r.Streaming.MaxNumTexturesToStreamPerFrame:0]]
[2020.03.29-17.13.56:368][  0]LogConfig: Setting CVar [[r.Streaming.Boost:1]]
[2020.03.29-17.13.56:368][  0]LogConfig: Setting CVar [[r.MaxAnisotropy:8]]
[2020.03.29-17.13.56:368][  0]LogConfig: Setting CVar [[r.VT.MaxAnisotropy:8]]
[2020.03.29-17.13.56:368][  0]LogConfig: Setting CVar [[r.Streaming.LimitPoolSizeToVRAM:0]]
[2020.03.29-17.13.56:368][  0]LogConfig: Setting CVar [[r.Streaming.PoolSize:1000]]
[2020.03.29-17.13.56:368][  0]LogConfig: Setting CVar [[r.Streaming.MaxEffectiveScreenSize:0]]
[2020.03.29-17.13.56:368][  0]LogConfig: Applying CVar settings from Section [EffectsQuality@3] File [D:/UnityOtherProjct/ProjectePuigdemont/PROVA_EXAMEN_REPOSITORI/PROVA3/Saved/Config/Windows/Scalability.ini]
[2020.03.29-17.13.56:368][  0]LogConfig: Setting CVar [[r.TranslucencyLightingVolumeDim:64]]
[2020.03.29-17.13.56:368][  0]LogConfig: Setting CVar [[r.RefractionQuality:2]]
[2020.03.29-17.13.56:369][  0]LogConfig: Setting CVar [[r.SSR.Quality:3]]
[2020.03.29-17.13.56:369][  0]LogConfig: Setting CVar [[r.SSR.HalfResSceneColor:0]]
[2020.03.29-17.13.56:369][  0]LogConfig: Setting CVar [[r.SceneColorFormat:4]]
[2020.03.29-17.13.56:369][  0]LogConfig: Setting CVar [[r.DetailMode:2]]
[2020.03.29-17.13.56:369][  0]LogConfig: Setting CVar [[r.TranslucencyVolumeBlur:1]]
[2020.03.29-17.13.56:369][  0]LogConfig: Setting CVar [[r.MaterialQualityLevel:1 ; High quality]]
[2020.03.29-17.13.56:369][  0]LogConfig: Setting CVar [[r.SSS.Scale:1]]
[2020.03.29-17.13.56:369][  0]LogConfig: Setting CVar [[r.SSS.SampleSet:2]]
[2020.03.29-17.13.56:369][  0]LogConfig: Setting CVar [[r.SSS.Quality:1]]
[2020.03.29-17.13.56:369][  0]LogConfig: Setting CVar [[r.SSS.HalfRes:1]]
[2020.03.29-17.13.56:369][  0]LogConfig: Setting CVar [[r.SSGI.Quality:3]]
[2020.03.29-17.13.56:369][  0]LogConfig: Setting CVar [[r.EmitterSpawnRateScale:1.0]]
[2020.03.29-17.13.56:369][  0]LogConfig: Setting CVar [[r.ParticleLightQuality:2]]
[2020.03.29-17.13.56:369][  0]LogConfig: Setting CVar [[r.SkyAtmosphere.AerialPerspectiveLUT.FastApplyOnOpaque:1 ; Always have FastSkyLUT 1 in this case to avoid wrong sky]]
[2020.03.29-17.13.56:369][  0]LogConfig: Setting CVar [[r.SkyAtmosphere.AerialPerspectiveLUT.SampleCountPerSlice:1]]
[2020.03.29-17.13.56:369][  0]LogConfig: Setting CVar [[r.SkyAtmosphere.AerialPerspectiveLUT.DepthResolution:16.0]]
[2020.03.29-17.13.56:369][  0]LogConfig: Setting CVar [[r.SkyAtmosphere.FastSkyLUT:1]]
[2020.03.29-17.13.56:369][  0]LogConfig: Setting CVar [[r.SkyAtmosphere.FastSkyLUT.SampleCountMin:4.0]]
[2020.03.29-17.13.56:369][  0]LogConfig: Setting CVar [[r.SkyAtmosphere.FastSkyLUT.SampleCountMax:32.0]]
[2020.03.29-17.13.56:369][  0]LogConfig: Setting CVar [[r.SkyAtmosphere.SampleCountMin:4.0]]
[2020.03.29-17.13.56:369][  0]LogConfig: Setting CVar [[r.SkyAtmosphere.SampleCountMax:32.0]]
[2020.03.29-17.13.56:369][  0]LogConfig: Setting CVar [[r.SkyAtmosphere.TransmittanceLUT.UseSmallFormat:0]]
[2020.03.29-17.13.56:369][  0]LogConfig: Setting CVar [[r.SkyAtmosphere.TransmittanceLUT.SampleCount:10.0]]
[2020.03.29-17.13.56:369][  0]LogConfig: Setting CVar [[r.SkyAtmosphere.MultiScatteringLUT.SampleCount:15.0]]
[2020.03.29-17.13.56:369][  0]LogConfig: Applying CVar settings from Section [FoliageQuality@3] File [D:/UnityOtherProjct/ProjectePuigdemont/PROVA_EXAMEN_REPOSITORI/PROVA3/Saved/Config/Windows/Scalability.ini]
[2020.03.29-17.13.56:369][  0]LogConfig: Setting CVar [[foliage.DensityScale:1.0]]
[2020.03.29-17.13.56:369][  0]LogConfig: Setting CVar [[grass.DensityScale:1.0]]
[2020.03.29-17.13.56:369][  0]LogConfig: Applying CVar settings from Section [ShadingQuality@3] File [D:/UnityOtherProjct/ProjectePuigdemont/PROVA_EXAMEN_REPOSITORI/PROVA3/Saved/Config/Windows/Scalability.ini]
[2020.03.29-17.13.56:369][  0]LogConfig: Setting CVar [[r.HairStrands.SkyLighting.SampleCount:16]]
[2020.03.29-17.13.56:369][  0]LogConfig: Setting CVar [[r.HairStrands.SkyLighting.JitterIntegration:0]]
[2020.03.29-17.13.56:369][  0]LogConfig: Setting CVar [[r.HairStrands.SkyAO.SampleCount:16]]
[2020.03.29-17.13.56:369][  0]LogConfig: Applying CVar settings from Section [Startup] File [../../../Engine/Config/ConsoleVariables.ini]
[2020.03.29-17.13.56:369][  0]LogConfig: Setting CVar [[net.UseAdaptiveNetUpdateFrequency:0]]
[2020.03.29-17.13.56:369][  0]LogConfig: Setting CVar [[p.chaos.AllowCreatePhysxBodies:1]]
[2020.03.29-17.13.56:369][  0]LogConfig: Applying CVar settings from Section [ConsoleVariables] File [D:/UnityOtherProjct/ProjectePuigdemont/PROVA_EXAMEN_REPOSITORI/PROVA3/Saved/Config/Windows/Engine.ini]
[2020.03.29-17.13.56:369][  0]LogInit: Computer: ALVARO
[2020.03.29-17.13.56:369][  0]LogInit: User: Alvaro
[2020.03.29-17.13.56:369][  0]LogInit: CPU Page size=4096, Cores=4
[2020.03.29-17.13.56:369][  0]LogInit: High frequency timer resolution =10.000000 MHz
[2020.03.29-17.13.56:369][  0]LogMemory: Memory total: Physical=16.0GB (16GB approx)
[2020.03.29-17.13.56:369][  0]LogMemory: Platform Memory Stats for Windows
[2020.03.29-17.13.56:369][  0]LogMemory: Process Physical Memory: 105.56 MB used, 105.56 MB peak
[2020.03.29-17.13.56:369][  0]LogMemory: Process Virtual Memory: 100.66 MB used, 100.66 MB peak
[2020.03.29-17.13.56:370][  0]LogMemory: Physical Memory: 6108.70 MB used,  10232.02 MB free, 16340.73 MB total
[2020.03.29-17.13.56:370][  0]LogMemory: Virtual Memory: 5137.55 MB used,  134212592.00 MB free, 134217728.00 MB total
[2020.03.29-17.13.56:372][  0]LogWindows: WindowsPlatformFeatures enabled
[2020.03.29-17.13.56:388][  0]LogInit: Overriding language with editor language configuration option (en).
[2020.03.29-17.13.56:388][  0]LogInit: Overriding locale with editor culture configuration option ().
[2020.03.29-17.13.56:388][  0]LogInit: Using OS detected locale (es-ES).
[2020.03.29-17.13.56:534][  0]LogInit: Setting process to per monitor DPI aware
[2020.03.29-17.13.56:568][  0]LogSlate: New Slate User Created.  User Index 0, Is Virtual User: 0
[2020.03.29-17.13.56:568][  0]LogSlate: Slate User Registered.  User Index 0, Is Virtual User: 0
[2020.03.29-17.13.56:702][  0]LogHMD: Failed to initialize OpenVR with code 110
[2020.03.29-17.13.56:702][  0]LogD3D11RHI: D3D11 min allowed feature level: 11_0
[2020.03.29-17.13.56:702][  0]LogD3D11RHI: D3D11 max allowed feature level: 11_0
[2020.03.29-17.13.56:702][  0]LogD3D11RHI: D3D11 adapters:
[2020.03.29-17.13.56:773][  0]LogD3D11RHI:    0. 'NVIDIA GeForce GTX 1070' (Feature Level 11_0)
[2020.03.29-17.13.56:773][  0]LogD3D11RHI:       8089/0/8170 MB DedicatedVideo/DedicatedSystem/SharedSystem, Outputs:1, VendorId:0x10de
[2020.03.29-17.13.56:776][  0]LogD3D11RHI:    1. 'Microsoft Basic Render Driver' (Feature Level 11_0)
[2020.03.29-17.13.56:776][  0]LogD3D11RHI:       0/0/8170 MB DedicatedVideo/DedicatedSystem/SharedSystem, Outputs:0, VendorId:0x1414
[2020.03.29-17.13.56:776][  0]LogD3D11RHI: Chosen D3D11 Adapter: 0
[2020.03.29-17.13.56:785][  0]LogD3D11RHI: Creating new Direct3DDevice
[2020.03.29-17.13.56:785][  0]LogD3D11RHI:     GPU DeviceId: 0x1be1 (for the marketing name, search the web for "GPU Device Id")
[2020.03.29-17.13.56:785][  0]LogWindows: EnumDisplayDevices:
[2020.03.29-17.13.56:785][  0]LogWindows:    0. 'NVIDIA GeForce GTX 1070' (P:1 D:1)
[2020.03.29-17.13.56:785][  0]LogWindows:    1. 'NVIDIA GeForce GTX 1070' (P:0 D:0)
[2020.03.29-17.13.56:786][  0]LogWindows:    2. 'NVIDIA GeForce GTX 1070' (P:0 D:0)
[2020.03.29-17.13.56:786][  0]LogWindows:    3. 'NVIDIA GeForce GTX 1070' (P:0 D:0)
[2020.03.29-17.13.56:786][  0]LogWindows: DebugString: FoundDriverCount:4 
[2020.03.29-17.13.56:786][  0]LogD3D11RHI:     Adapter Name: NVIDIA GeForce GTX 1070
[2020.03.29-17.13.56:786][  0]LogD3D11RHI:   Driver Version: 388.57 (internal:23.21.13.8857, unified:388.57)
[2020.03.29-17.13.56:786][  0]LogD3D11RHI:      Driver Date: 12-4-2017
[2020.03.29-17.13.56:786][  0]LogRHI: Texture pool is 5662 MB (70% of 8089 MB)
[2020.03.29-17.13.56:822][  0]LogD3D11RHI: RHI has support for 64 bit atomics
[2020.03.29-17.13.56:822][  0]LogD3D11RHI: Async texture creation enabled
[2020.03.29-17.13.56:834][  0]LogD3D11RHI: GPU Timing Frequency: 1000.000000 (Debug: 2 1)
[2020.03.29-17.13.57:180][  0]LogTargetPlatformManager: Display: Loaded TargetPlatform 'AllDesktop'
[2020.03.29-17.13.57:209][  0]LogTargetPlatformManager: Display: Loaded TargetPlatform 'Android'
[2020.03.29-17.13.57:209][  0]LogTargetPlatformManager: Display: Loaded TargetPlatform 'Android_ASTC'
[2020.03.29-17.13.57:209][  0]LogTargetPlatformManager: Display: Loaded TargetPlatform 'Android_ATC'
[2020.03.29-17.13.57:209][  0]LogTargetPlatformManager: Display: Loaded TargetPlatform 'Android_DXT'
[2020.03.29-17.13.57:209][  0]LogTargetPlatformManager: Display: Loaded TargetPlatform 'Android_ETC1'
[2020.03.29-17.13.57:209][  0]LogTargetPlatformManager: Display: Loaded TargetPlatform 'Android_ETC1a'
[2020.03.29-17.13.57:209][  0]LogTargetPlatformManager: Display: Loaded TargetPlatform 'Android_ETC2'
[2020.03.29-17.13.57:209][  0]LogTargetPlatformManager: Display: Loaded TargetPlatform 'Android_PVRTC'
[2020.03.29-17.13.57:209][  0]LogTargetPlatformManager: Display: Loaded TargetPlatform 'AndroidClient'
[2020.03.29-17.13.57:209][  0]LogTargetPlatformManager: Display: Loaded TargetPlatform 'Android_ASTCClient'
[2020.03.29-17.13.57:209][  0]LogTargetPlatformManager: Display: Loaded TargetPlatform 'Android_ATCClient'
[2020.03.29-17.13.57:209][  0]LogTargetPlatformManager: Display: Loaded TargetPlatform 'Android_DXTClient'
[2020.03.29-17.13.57:209][  0]LogTargetPlatformManager: Display: Loaded TargetPlatform 'Android_ETC1Client'
[2020.03.29-17.13.57:209][  0]LogTargetPlatformManager: Display: Loaded TargetPlatform 'Android_ETC1aClient'
[2020.03.29-17.13.57:209][  0]LogTargetPlatformManager: Display: Loaded TargetPlatform 'Android_ETC2Client'
[2020.03.29-17.13.57:209][  0]LogTargetPlatformManager: Display: Loaded TargetPlatform 'Android_PVRTCClient'
[2020.03.29-17.13.57:209][  0]LogTargetPlatformManager: Display: Loaded TargetPlatform 'Android_Multi'
[2020.03.29-17.13.57:209][  0]LogTargetPlatformManager: Display: Loaded TargetPlatform 'Android_MultiClient'
[2020.03.29-17.13.57:225][  0]LogTargetPlatformManager: Display: Loaded TargetPlatform 'IOSClient'
[2020.03.29-17.13.57:225][  0]LogTargetPlatformManager: Display: Loaded TargetPlatform 'IOS'
[2020.03.29-17.13.57:232][  0]LogTargetPlatformManager: Display: Loaded TargetPlatform 'LinuxNoEditor'
[2020.03.29-17.13.57:238][  0]LogTargetPlatformManager: Display: Loaded TargetPlatform 'LinuxClient'
[2020.03.29-17.13.57:244][  0]LogTargetPlatformManager: Display: Loaded TargetPlatform 'LinuxServer'
[2020.03.29-17.13.57:250][  0]LogTargetPlatformManager: Display: Loaded TargetPlatform 'LinuxAArch64NoEditor'
[2020.03.29-17.13.57:256][  0]LogTargetPlatformManager: Display: Loaded TargetPlatform 'LinuxAArch64Client'
[2020.03.29-17.13.57:262][  0]LogTargetPlatformManager: Display: Loaded TargetPlatform 'LinuxAArch64Server'
[2020.03.29-17.13.57:282][  0]LogTargetPlatformManager: Display: Loaded TargetPlatform 'Lumin'
[2020.03.29-17.13.57:282][  0]LogTargetPlatformManager: Display: Loaded TargetPlatform 'LuminClient'
[2020.03.29-17.13.57:294][  0]LogTargetPlatformManager: Display: Loaded TargetPlatform 'TVOSClient'
[2020.03.29-17.13.57:294][  0]LogTargetPlatformManager: Display: Loaded TargetPlatform 'TVOS'
[2020.03.29-17.13.57:301][  0]LogTargetPlatformManager: Display: Loaded TargetPlatform 'WindowsNoEditor'
[2020.03.29-17.13.57:307][  0]LogTargetPlatformManager: Display: Loaded TargetPlatform 'Windows'
[2020.03.29-17.13.57:313][  0]LogTargetPlatformManager: Display: Loaded TargetPlatform 'WindowsClient'
[2020.03.29-17.13.57:320][  0]LogTargetPlatformManager: Display: Loaded TargetPlatform 'WindowsServer'
[2020.03.29-17.13.57:320][  0]LogTargetPlatformManager: Display: Building Assets For Windows
[2020.03.29-17.13.57:322][  0]LogAudioDebug: Display: Lib vorbis DLL was dynamically loaded.
[2020.03.29-17.13.57:339][  0]LogShaderCompilers: Guid format shader working directory is -37 characters bigger than the processId version (../../../../../../UnityOtherProjct/ProjectePuigdemont/PROVA_EXAMEN_REPOSITORI/PROVA3/Intermediate/Shaders/WorkingDirectory/2320/).
[2020.03.29-17.13.57:339][  0]LogShaderCompilers: Cleaned the shader compiler working directory 'C:/Users/Alvaro/AppData/Local/Temp/UnrealShaderWorkingDir/2072EE164A6E99107FD1048F98F6990F/'.
[2020.03.29-17.13.57:340][  0]LogXGEController: Cleaning working directory: C:/Users/Alvaro/AppData/Local/Temp/UnrealXGEWorkingDir/
[2020.03.29-17.13.57:340][  0]LogXGEController: Cannot use XGE Controller as Incredibuild is not installed on this machine.
[2020.03.29-17.13.57:340][  0]LogShaderCompilers: Cannot use XGE Shader Compiler as Incredibuild is not installed on this machine.
[2020.03.29-17.13.57:340][  0]LogShaderCompilers: Display: Using Local Shader Compiler.
[2020.03.29-17.13.58:003][  0]LogDerivedDataCache: Display: Max Cache Size: 512 MB
[2020.03.29-17.13.58:060][  0]LogDerivedDataCache: Loaded boot cache 0.06s 78MB C:/Users/Alvaro/AppData/Local/UnrealEngine/4.24/DerivedDataCache/Boot.ddc.
[2020.03.29-17.13.58:060][  0]LogDerivedDataCache: Display: Loaded Boot cache: C:/Users/Alvaro/AppData/Local/UnrealEngine/4.24/DerivedDataCache/Boot.ddc
[2020.03.29-17.13.58:060][  0]LogDerivedDataCache: FDerivedDataBackendGraph:  Pak pak cache file ../../../../../../UnityOtherProjct/ProjectePuigdemont/PROVA_EXAMEN_REPOSITORI/PROVA3/DerivedDataCache/DDC.ddp not found, will not use a pak cache.
[2020.03.29-17.13.58:060][  0]LogDerivedDataCache: Unable to find inner node Pak for hierarchical cache Hierarchy.
[2020.03.29-17.13.58:060][  0]LogDerivedDataCache: FDerivedDataBackendGraph:  CompressedPak pak cache file ../../../../../../UnityOtherProjct/ProjectePuigdemont/PROVA_EXAMEN_REPOSITORI/PROVA3/DerivedDataCache/Compressed.ddp not found, will not use a pak cache.
[2020.03.29-17.13.58:060][  0]LogDerivedDataCache: Unable to find inner node CompressedPak for hierarchical cache Hierarchy.
[2020.03.29-17.13.58:070][  0]LogDerivedDataCache: Display: Pak cache opened for reading ../../../Engine/DerivedDataCache/Compressed.ddp.
[2020.03.29-17.13.58:070][  0]LogDerivedDataCache: FDerivedDataBackendGraph:  EnterprisePak pak cache file ../../../Enterprise/DerivedDataCache/Compressed.ddp not found, will not use a pak cache.
[2020.03.29-17.13.58:070][  0]LogDerivedDataCache: Unable to find inner node EnterprisePak for hierarchical cache Hierarchy.
[2020.03.29-17.13.58:071][  0]LogDerivedDataCache: Using Local data cache path C:/Users/Alvaro/AppData/Local/UnrealEngine/Common/DerivedDataCache: Writable
[2020.03.29-17.13.58:071][  0]LogDerivedDataCache: Shared data cache path not found in *engine.ini, will not use an Shared cache.
[2020.03.29-17.13.58:071][  0]LogDerivedDataCache: Unable to find inner node Shared for hierarchical cache Hierarchy.
[2020.03.29-17.13.58:106][  0]LogMaterial: Verifying Global Shaders for PCD3D_SM5
[2020.03.29-17.13.58:109][  0]LogSlate: Using FreeType 2.10.0
[2020.03.29-17.13.58:109][  0]LogSlate: SlateFontServices - WITH_FREETYPE: 1, WITH_HARFBUZZ: 1
[2020.03.29-17.13.58:156][  0]LogAssetRegistry: FAssetRegistry took 0.0022 seconds to start up
[2020.03.29-17.13.58:428][  0]LogInit: Selected Device Profile: [Windows]
[2020.03.29-17.13.58:582][  0]LogMeshReduction: Using QuadricMeshReduction for automatic static mesh reduction
[2020.03.29-17.13.58:582][  0]LogMeshReduction: Using SimplygonMeshReduction for automatic skeletal mesh reduction
[2020.03.29-17.13.58:582][  0]LogMeshReduction: Using ProxyLODMeshReduction for automatic mesh merging
[2020.03.29-17.13.58:582][  0]LogMeshReduction: No distributed automatic mesh merging module available
[2020.03.29-17.13.58:582][  0]LogMeshMerging: No distributed automatic mesh merging module available
[2020.03.29-17.13.58:594][  0]LogNetVersion: PROVA3 1.0.0, NetCL: 10570792, EngineNetVer: 13, GameNetVer: 0 (Checksum: 437947606)
[2020.03.29-17.13.59:510][  0]LogPackageLocalizationCache: Processed 10 localized package path(s) for 1 prioritized culture(s) in 0.027972 seconds
[2020.03.29-17.13.59:516][  0]LogUObjectArray: 46750 objects as part of root set at end of initial load.
[2020.03.29-17.13.59:517][  0]LogUObjectAllocator: 8137160 out of 0 bytes used by permanent object pool.
[2020.03.29-17.13.59:517][  0]LogUObjectArray: CloseDisregardForGC: 0/0 objects in disregard for GC pool
[2020.03.29-17.13.59:864][  0]LogTcpMessaging: Initializing TcpMessaging bridge
[2020.03.29-17.13.59:867][  0]LogUdpMessaging: Initializing bridge on interface 0.0.0.0:0 to multicast group 230.0.0.1:6666.
[2020.03.29-17.13.59:910][  0]SourceControl: Source control is disabled
[2020.03.29-17.13.59:910][  0]SourceControl: Source control is disabled
[2020.03.29-17.13.59:910][  0]SourceControl: Source control is disabled
[2020.03.29-17.13.59:911][  0]SourceControl: Source control is disabled
[2020.03.29-17.13.59:912][  0]SourceControl: Source control is disabled
[2020.03.29-17.13.59:981][  0]LogAndroidPermission: UAndroidPermissionCallbackProxy::GetInstance
[2020.03.29-17.13.59:989][  0]LogAudioCaptureCore: Display: No Audio Capture implementations found. Audio input will be silent.
[2020.03.29-17.13.59:990][  0]LogAudioCaptureCore: Display: No Audio Capture implementations found. Audio input will be silent.
[2020.03.29-17.14.00:073][  0]LogOcInput: OculusInput pre-init called
[2020.03.29-17.14.00:079][  0]LogWindows: Failed to load 'OVRPlugin.dll' (GetLastError=126)
[2020.03.29-17.14.00:079][  0]LogWindows: File 'OVRPlugin.dll' does not exist
[2020.03.29-17.14.00:147][  0]LogEngine: Initializing Engine...
[2020.03.29-17.14.00:147][  0]LogHMD: Failed to initialize OpenVR with code 110
[2020.03.29-17.14.00:148][  0]LogStats: UGameplayTagsManager::InitializeManager -  0.000 s
[2020.03.29-17.14.00:467][  0]LogInit: Initializing FReadOnlyCVARCache
[2020.03.29-17.14.00:475][  0]LogAIModule: Creating AISystem for world Untitled
[2020.03.29-17.14.00:482][  0]LogAudioMixer: Display: Audio Mixer Platform Settings:
[2020.03.29-17.14.00:482][  0]LogAudioMixer: Display: 	Sample Rate:						  48000
[2020.03.29-17.14.00:482][  0]LogAudioMixer: Display: 	Callback Buffer Frame Size Requested: 1024
[2020.03.29-17.14.00:482][  0]LogAudioMixer: Display: 	Callback Buffer Frame Size To Use:	  1024
[2020.03.29-17.14.00:482][  0]LogAudioMixer: Display: 	Number of buffers to queue:			  2
[2020.03.29-17.14.00:483][  0]LogAudioMixer: Display: 	Max Channels (voices):				  32
[2020.03.29-17.14.00:483][  0]LogAudioMixer: Display: 	Number of Async Source Workers:		  0
[2020.03.29-17.14.00:483][  0]LogAudio: Display: AudioDevice MaxSources: 32
[2020.03.29-17.14.00:483][  0]LogAudio: Display: Using built-in audio occlusion.
[2020.03.29-17.14.00:483][  0]LogAudioMixer: Display: Initializing audio mixer.
[2020.03.29-17.14.00:503][  0]LogAudioMixer: Display: Audio Device Output Speaker Info:
[2020.03.29-17.14.00:503][  0]LogAudioMixer: Display: Name: Speakers (Realtek High Definition Audio)
[2020.03.29-17.14.00:503][  0]LogAudioMixer: Display: Is Default: Yes
[2020.03.29-17.14.00:503][  0]LogAudioMixer: Display: Sample Rate: 48000
[2020.03.29-17.14.00:503][  0]LogAudioMixer: Display: Channel Count Used: 2
[2020.03.29-17.14.00:503][  0]LogAudioMixer: Display: Device Channel Count: 2
[2020.03.29-17.14.00:503][  0]LogAudioMixer: Display: Channel Order:
[2020.03.29-17.14.00:503][  0]LogAudioMixer: Display: 0: FrontLeft
[2020.03.29-17.14.00:503][  0]LogAudioMixer: Display: 1: FrontRight
[2020.03.29-17.14.00:678][  0]LogAudioMixer: Display: Using Audio Device Speakers (Realtek High Definition Audio)
[2020.03.29-17.14.00:683][  0]LogInit: FAudioDevice initialized.
[2020.03.29-17.14.00:684][  0]LogNetVersion: Set ProjectVersion to 1.0.0.0. Version Checksum will be recalculated on next use.
[2020.03.29-17.14.00:863][  0]LogDerivedDataCache: Saved boot cache 0.18s 78MB C:/Users/Alvaro/AppData/Local/UnrealEngine/4.24/DerivedDataCache/Boot.ddc.
[2020.03.29-17.14.00:863][  0]LogInit: Texture streaming: Enabled
[2020.03.29-17.14.00:876][  0]LogEngineSessionManager: EngineSessionManager initialized
[2020.03.29-17.14.00:876][  0]LogEditorSessionSummary: Verbose: Initializing EditorSessionSummaryWriter for editor session tracking
[2020.03.29-17.14.00:879][  0]LogEditorSessionSummary: EditorSessionSummaryWriter initialized
[2020.03.29-17.14.00:913][  0]LogInit: Transaction tracking system initialized
[2020.03.29-17.14.00:921][  0]BlueprintLog: New page: Editor Load
[2020.03.29-17.14.00:945][  0]LocalizationService: Localization service is disabled
[2020.03.29-17.14.01:202][  0]LogCook: Display: Max memory allowance for cook 16384mb min free memory 0mb
[2020.03.29-17.14.01:202][  0]LogCook: Display: Mobile HDR setting 1
[2020.03.29-17.14.01:269][  0]LogFileCache: Scanning file cache for directory 'D:/UnityOtherProjct/ProjectePuigdemont/PROVA_EXAMEN_REPOSITORI/PROVA3/Content/' took 0.01s
[2020.03.29-17.14.01:807][  0]SourceControl: Source control is disabled
[2020.03.29-17.14.01:807][  0]Cmd: MAP LOAD FILE="../../../../../../UnityOtherProjct/ProjectePuigdemont/PROVA_EXAMEN_REPOSITORI/PROVA3/Content/ThirdPersonBP/Maps/ThirdPersonExampleMap.umap" TEMPLATE=0 SHOWPROGRESS=1 FEATURELEVEL=3
[2020.03.29-17.14.01:807][  0]LightingResults: New page: Lighting Build
[2020.03.29-17.14.01:808][  0]LogWorld: UWorld::CleanupWorld for Untitled, bSessionEnded=true, bCleanupResources=true
[2020.03.29-17.14.01:808][  0]LogSlate: InvalidateAllWidgets triggered.  All widgets were invalidated
[2020.03.29-17.14.01:808][  0]MapCheck: New page: Map Check
[2020.03.29-17.14.01:808][  0]LightingResults: New page: Lighting Build
[2020.03.29-17.14.01:835][  0]LogUObjectHash: Compacting FUObjectHashTables data took   1.67ms
[2020.03.29-17.14.01:875][  0]LogLinker: Warning: While loading '../../../../../../UnityOtherProjct/ProjectePuigdemont/PROVA_EXAMEN_REPOSITORI/PROVA3/Content/Weapon/FPS_Weapon_Bundle/Weapons/Meshes/KA_Val/SK_KA_Val_X.uasset' failed to load '/Game/FPS_Weapon_Bundle/Weapons/Materials/Ammunition/M_762x39_Empty': Can't find file.
[2020.03.29-17.14.01:875][  0]LogLinker: Warning: While loading '../../../../../../UnityOtherProjct/ProjectePuigdemont/PROVA_EXAMEN_REPOSITORI/PROVA3/Content/Weapon/FPS_Weapon_Bundle/Weapons/Meshes/KA_Val/SK_KA_Val_X.uasset' failed to load '/Game/FPS_Weapon_Bundle/Weapons/Materials/Ammunition/M_762x39_Empty': Can't find file.
[2020.03.29-17.14.01:875][  0]LogLinker: Warning: While loading '../../../../../../UnityOtherProjct/ProjectePuigdemont/PROVA_EXAMEN_REPOSITORI/PROVA3/Content/Weapon/FPS_Weapon_Bundle/Weapons/Meshes/KA_Val/SK_KA_Val_X.uasset' failed to load '/Game/FPS_Weapon_Bundle/Weapons/Materials/KA_Val/M_KA_Val': Can't find file.
[2020.03.29-17.14.01:875][  0]LogLinker: Warning: While loading '../../../../../../UnityOtherProjct/ProjectePuigdemont/PROVA_EXAMEN_REPOSITORI/PROVA3/Content/Weapon/FPS_Weapon_Bundle/Weapons/Meshes/KA_Val/SK_KA_Val_X.uasset' failed to load '/Game/FPS_Weapon_Bundle/Weapons/Materials/KA_Val/M_KA_Val': Can't find file.
[2020.03.29-17.14.01:875][  0]LogLinker: Warning: While loading '../../../../../../UnityOtherProjct/ProjectePuigdemont/PROVA_EXAMEN_REPOSITORI/PROVA3/Content/Weapon/FPS_Weapon_Bundle/Weapons/Meshes/KA_Val/SK_KA_Val_X.uasset' failed to load '/Game/FPS_Weapon_Bundle/Weapons/Materials/Ammunition/M_762x39_Empty': Can't find file.
[2020.03.29-17.14.01:875][  0]LogLinker: Warning: While loading '../../../../../../UnityOtherProjct/ProjectePuigdemont/PROVA_EXAMEN_REPOSITORI/PROVA3/Content/Weapon/FPS_Weapon_Bundle/Weapons/Meshes/KA_Val/SK_KA_Val_X.uasset' failed to load '/Game/FPS_Weapon_Bundle/Weapons/Materials/Ammunition/M_762x39_Empty': Can't find file.
[2020.03.29-17.14.01:875][  0]LogLinker: Warning: While loading '../../../../../../UnityOtherProjct/ProjectePuigdemont/PROVA_EXAMEN_REPOSITORI/PROVA3/Content/Weapon/FPS_Weapon_Bundle/Weapons/Meshes/KA_Val/SK_KA_Val_X.uasset' failed to load '/Game/FPS_Weapon_Bundle/Weapons/Materials/KA_Val/M_KA_Val': Can't find file.
[2020.03.29-17.14.01:875][  0]LogLinker: Warning: While loading '../../../../../../UnityOtherProjct/ProjectePuigdemont/PROVA_EXAMEN_REPOSITORI/PROVA3/Content/Weapon/FPS_Weapon_Bundle/Weapons/Meshes/KA_Val/SK_KA_Val_X.uasset' failed to load '/Game/FPS_Weapon_Bundle/Weapons/Materials/KA_Val/M_KA_Val': Can't find file.
[2020.03.29-17.14.01:876][  0]LogLinker: Warning: While loading '../../../../../../UnityOtherProjct/ProjectePuigdemont/PROVA_EXAMEN_REPOSITORI/PROVA3/Content/Weapon/FPS_Weapon_Bundle/Weapons/Meshes/KA_Val/SK_KA_Val_X.uasset' failed to load '/Game/FPS_Weapon_Bundle/Weapons/Meshes/KA_Val/SK_KA_Val_X_Physics': Can't find file.
[2020.03.29-17.14.01:876][  0]LogLinker: Warning: While loading '../../../../../../UnityOtherProjct/ProjectePuigdemont/PROVA_EXAMEN_REPOSITORI/PROVA3/Content/Weapon/FPS_Weapon_Bundle/Weapons/Meshes/KA_Val/SK_KA_Val_X.uasset' failed to load '/Game/FPS_Weapon_Bundle/Weapons/Meshes/KA_Val/SK_KA_Val_X_Physics': Can't find file.
[2020.03.29-17.14.01:876][  0]LogLinker: Warning: While loading '../../../../../../UnityOtherProjct/ProjectePuigdemont/PROVA_EXAMEN_REPOSITORI/PROVA3/Content/Weapon/FPS_Weapon_Bundle/Weapons/Meshes/KA_Val/SK_KA_Val_X.uasset' failed to load '/Game/FPS_Weapon_Bundle/Weapons/Meshes/KA_Val/SK_KA_Val_X_Skeleton': Can't find file.
[2020.03.29-17.14.01:876][  0]LogLinker: Warning: While loading '../../../../../../UnityOtherProjct/ProjectePuigdemont/PROVA_EXAMEN_REPOSITORI/PROVA3/Content/Weapon/FPS_Weapon_Bundle/Weapons/Meshes/KA_Val/SK_KA_Val_X.uasset' failed to load '/Game/FPS_Weapon_Bundle/Weapons/Meshes/KA_Val/SK_KA_Val_X_Skeleton': Can't find file.
[2020.03.29-17.14.01:876][  0]LogLinker: Warning: While loading '../../../../../../UnityOtherProjct/ProjectePuigdemont/PROVA_EXAMEN_REPOSITORI/PROVA3/Content/Weapon/FPS_Weapon_Bundle/Weapons/Meshes/KA_Val/SK_KA_Val_X.uasset' failed to load '/Game/FPS_Weapon_Bundle/Weapons/Meshes/KA_Val/SK_KA_Val_X_Physics': Can't find file.
[2020.03.29-17.14.01:876][  0]LogLinker: Warning: While loading '../../../../../../UnityOtherProjct/ProjectePuigdemont/PROVA_EXAMEN_REPOSITORI/PROVA3/Content/Weapon/FPS_Weapon_Bundle/Weapons/Meshes/KA_Val/SK_KA_Val_X.uasset' failed to load '/Game/FPS_Weapon_Bundle/Weapons/Meshes/KA_Val/SK_KA_Val_X_Physics': Can't find file.
[2020.03.29-17.14.01:876][  0]LogLinker: Warning: While loading '../../../../../../UnityOtherProjct/ProjectePuigdemont/PROVA_EXAMEN_REPOSITORI/PROVA3/Content/Weapon/FPS_Weapon_Bundle/Weapons/Meshes/KA_Val/SK_KA_Val_X.uasset' failed to load '/Game/FPS_Weapon_Bundle/Weapons/Meshes/KA_Val/SK_KA_Val_X_Skeleton': Can't find file.
[2020.03.29-17.14.01:876][  0]LogLinker: Warning: While loading '../../../../../../UnityOtherProjct/ProjectePuigdemont/PROVA_EXAMEN_REPOSITORI/PROVA3/Content/Weapon/FPS_Weapon_Bundle/Weapons/Meshes/KA_Val/SK_KA_Val_X.uasset' failed to load '/Game/FPS_Weapon_Bundle/Weapons/Meshes/KA_Val/SK_KA_Val_X_Skeleton': Can't find file.
[2020.03.29-17.14.02:067][  0]LogLinker: Warning: While loading '../../../../../../UnityOtherProjct/ProjectePuigdemont/PROVA_EXAMEN_REPOSITORI/PROVA3/Content/Weapon/FPS_Weapon_Bundle/Weapons/Meshes/KA_Val/SK_KA_Val_X.uasset' failed to load '/Game/FPS_Weapon_Bundle/Weapons/Meshes/KA_Val/SK_KA_Val_X_Skeleton': Can't find file.
[2020.03.29-17.14.02:067][  0]LoadErrors: Failed to load /Game/FPS_Weapon_Bundle/Weapons/Meshes/KA_Val/SK_KA_Val_X_Skeleton.SK_KA_Val_X_Skeleton Referenced by SK_KA_Val_X
[2020.03.29-17.14.02:067][  0]LogLinker: Warning: While loading '../../../../../../UnityOtherProjct/ProjectePuigdemont/PROVA_EXAMEN_REPOSITORI/PROVA3/Content/Weapon/FPS_Weapon_Bundle/Weapons/Meshes/KA_Val/SK_KA_Val_X.uasset' failed to load '/Game/FPS_Weapon_Bundle/Weapons/Meshes/KA_Val/SK_KA_Val_X_Skeleton': Can't find file.
[2020.03.29-17.14.02:067][  0]LoadErrors: Failed to load /Game/FPS_Weapon_Bundle/Weapons/Meshes/KA_Val/SK_KA_Val_X_Skeleton.SK_KA_Val_X_Skeleton Referenced by SK_KA_Val_X
[2020.03.29-17.14.02:067][  0]LogLinker: Warning: While loading '../../../../../../UnityOtherProjct/ProjectePuigdemont/PROVA_EXAMEN_REPOSITORI/PROVA3/Content/Weapon/FPS_Weapon_Bundle/Weapons/Meshes/KA_Val/SK_KA_Val_X.uasset' failed to load '/Game/FPS_Weapon_Bundle/Weapons/Meshes/KA_Val/SK_KA_Val_X_Physics': Can't find file.
[2020.03.29-17.14.02:067][  0]LoadErrors: Failed to load /Game/FPS_Weapon_Bundle/Weapons/Meshes/KA_Val/SK_KA_Val_X_Physics.SK_KA_Val_X_Physics Referenced by SK_KA_Val_X
[2020.03.29-17.14.02:067][  0]LogLinker: Warning: While loading '../../../../../../UnityOtherProjct/ProjectePuigdemont/PROVA_EXAMEN_REPOSITORI/PROVA3/Content/Weapon/FPS_Weapon_Bundle/Weapons/Meshes/KA_Val/SK_KA_Val_X.uasset' failed to load '/Game/FPS_Weapon_Bundle/Weapons/Meshes/KA_Val/SK_KA_Val_X_Physics': Can't find file.
[2020.03.29-17.14.02:068][  0]LoadErrors: Failed to load /Game/FPS_Weapon_Bundle/Weapons/Meshes/KA_Val/SK_KA_Val_X_Physics.SK_KA_Val_X_Physics Referenced by SK_KA_Val_X
[2020.03.29-17.14.02:068][  0]LogLinker: Warning: While loading '../../../../../../UnityOtherProjct/ProjectePuigdemont/PROVA_EXAMEN_REPOSITORI/PROVA3/Content/Weapon/FPS_Weapon_Bundle/Weapons/Meshes/KA_Val/SK_KA_Val_X.uasset' failed to load '/Game/FPS_Weapon_Bundle/Weapons/Materials/KA_Val/M_KA_Val': Can't find file.
[2020.03.29-17.14.02:068][  0]LoadErrors: Failed to load /Game/FPS_Weapon_Bundle/Weapons/Materials/KA_Val/M_KA_Val.M_KA_Val Referenced by SK_KA_Val_X
[2020.03.29-17.14.02:068][  0]LogLinker: Warning: While loading '../../../../../../UnityOtherProjct/ProjectePuigdemont/PROVA_EXAMEN_REPOSITORI/PROVA3/Content/Weapon/FPS_Weapon_Bundle/Weapons/Meshes/KA_Val/SK_KA_Val_X.uasset' failed to load '/Game/FPS_Weapon_Bundle/Weapons/Materials/KA_Val/M_KA_Val': Can't find file.
[2020.03.29-17.14.02:068][  0]LoadErrors: Failed to load /Game/FPS_Weapon_Bundle/Weapons/Materials/KA_Val/M_KA_Val.M_KA_Val Referenced by SK_KA_Val_X
[2020.03.29-17.14.02:068][  0]LogLinker: Warning: While loading '../../../../../../UnityOtherProjct/ProjectePuigdemont/PROVA_EXAMEN_REPOSITORI/PROVA3/Content/Weapon/FPS_Weapon_Bundle/Weapons/Meshes/KA_Val/SK_KA_Val_X.uasset' failed to load '/Game/FPS_Weapon_Bundle/Weapons/Materials/Ammunition/M_762x39_Empty': Can't find file.
[2020.03.29-17.14.02:068][  0]LoadErrors: Failed to load /Game/FPS_Weapon_Bundle/Weapons/Materials/Ammunition/M_762x39_Empty.M_762x39_Empty Referenced by SK_KA_Val_X
[2020.03.29-17.14.02:068][  0]LogLinker: Warning: While loading '../../../../../../UnityOtherProjct/ProjectePuigdemont/PROVA_EXAMEN_REPOSITORI/PROVA3/Content/Weapon/FPS_Weapon_Bundle/Weapons/Meshes/KA_Val/SK_KA_Val_X.uasset' failed to load '/Game/FPS_Weapon_Bundle/Weapons/Materials/Ammunition/M_762x39_Empty': Can't find file.
[2020.03.29-17.14.02:068][  0]LoadErrors: Failed to load /Game/FPS_Weapon_Bundle/Weapons/Materials/Ammunition/M_762x39_Empty.M_762x39_Empty Referenced by SK_KA_Val_X
[2020.03.29-17.14.02:292][  0]LogAIModule: Creating AISystem for world ThirdPersonExampleMap
[2020.03.29-17.14.02:327][  0]LogEditorServer: Finished looking for orphan Actors (0.000 secs)
[2020.03.29-17.14.02:374][  0]LogUObjectHash: Compacting FUObjectHashTables data took   2.18ms
[2020.03.29-17.14.02:375][  0]Cmd: MAP CHECKDEP NOCLEARLOG
[2020.03.29-17.14.02:375][  0]MapCheck: Map check complete: 0 Error(s), 0 Warning(s), took 0,085ms to complete.
[2020.03.29-17.14.02:375][  0]LogFileHelpers: Loading map 'ThirdPersonExampleMap' took 0.568
[2020.03.29-17.14.02:508][  0]LogSlate: Updating window title bar state: overlay mode, drag disabled, window buttons hidden, title bar hidden
[2020.03.29-17.14.02:514][  0]LogSlate: Updating window title bar state: overlay mode, drag disabled, window buttons hidden, title bar hidden
[2020.03.29-17.14.02:520][  0]LogSlate: Updating window title bar state: overlay mode, drag disabled, window buttons hidden, title bar hidden
[2020.03.29-17.14.02:527][  0]LogSlate: Updating window title bar state: overlay mode, drag disabled, window buttons hidden, title bar hidden
[2020.03.29-17.14.02:531][  0]LogCollectionManager: Loaded 0 collections in 0.000809 seconds
[2020.03.29-17.14.02:542][  0]LogFileCache: Scanning file cache for directory 'D:/UnityOtherProjct/ProjectePuigdemont/PROVA_EXAMEN_REPOSITORI/PROVA3/Saved/Collections/' took 0.00s
[2020.03.29-17.14.02:542][  0]LogFileCache: Scanning file cache for directory 'D:/UnityOtherProjct/ProjectePuigdemont/PROVA_EXAMEN_REPOSITORI/PROVA3/Content/Developers/Alvaro/Collections/' took 0.00s
[2020.03.29-17.14.02:542][  0]LogFileCache: Scanning file cache for directory 'D:/UnityOtherProjct/ProjectePuigdemont/PROVA_EXAMEN_REPOSITORI/PROVA3/Content/Collections/' took 0.00s
[2020.03.29-17.14.02:542][  0]LogContentBrowser: Native class hierarchy populated in 0.0080 seconds. Added 3017 classes and 720 folders.
[2020.03.29-17.14.02:544][  0]LogContentBrowser: Native class hierarchy updated for 'WidgetCarousel' in 0.0002 seconds. Added 0 classes and 0 folders.
[2020.03.29-17.14.02:583][  0]LogContentBrowser: Native class hierarchy updated for 'AddContentDialog' in 0.0002 seconds. Added 0 classes and 0 folders.
[2020.03.29-17.14.02:691][  0]LogSlate: Took 0.000202 seconds to synchronously load lazily loaded font '../../../Engine/Content/Slate/Fonts/Roboto-Regular.ttf' (155K)
[2020.03.29-17.14.02:694][  0]LogSlate: Took 0.000141 seconds to synchronously load lazily loaded font '../../../Engine/Content/Slate/Fonts/Roboto-Bold.ttf' (160K)
[2020.03.29-17.14.02:696][  0]LogSlate: Took 0.000114 seconds to synchronously load lazily loaded font '../../../Engine/Content/Editor/Slate/Fonts/FontAwesome.ttf' (139K)
[2020.03.29-17.14.02:769][  0]LogRenderer: Reallocating scene render targets to support 1104x572 Format 10 NumSamples 1 (Frame:1).
[2020.03.29-17.14.02:863][  0]LogContentBrowser: Native class hierarchy updated for 'HierarchicalLODOutliner' in 0.0002 seconds. Added 0 classes and 0 folders.
[2020.03.29-17.14.02:863][  0]LogLoad: (Engine Initialization) Total time: 7.48 seconds
[2020.03.29-17.14.02:863][  0]LogLoad: (Engine Initialization) Total Blueprint compile time: 0.00 seconds
[2020.03.29-17.14.02:919][  0]LogAssetRegistry: Asset discovery search completed in 4.7643 seconds
[2020.03.29-17.14.02:922][  0]LogCollectionManager: Fixed up redirectors for 0 collections in 0.000007 seconds (updated 0 objects)
[2020.03.29-17.14.02:924][  0]LogContentStreaming: Texture pool size now 1000 MB
[2020.03.29-17.14.02:992][  0]LogSlate: Took 0.000151 seconds to synchronously load lazily loaded font '../../../Engine/Content/Slate/Fonts/Roboto-Light.ttf' (167K)
[2020.03.29-17.14.04:554][ 92]LogSlate: Window 'Message Log' being destroyed
[2020.03.29-17.14.04:560][ 92]LogSlate: Window 'Message Log' being destroyed
[2020.03.29-17.14.05:605][155]LogEditorViewport: Clicking on Actor (LMB): Landscape (Landscape)
[2020.03.29-17.14.06:439][203]LogEditorViewport: Clicking on Actor (LMB): Landscape (Landscape)
[2020.03.29-17.14.06:963][234]LogEditorViewport: Clicking on Actor (LMB): ThirdPersonCharacter_C (ThirdPersonCharacter)
[2020.03.29-17.14.07:833][281]LogSlate: Took 0.000220 seconds to synchronously load lazily loaded font '../../../Engine/Content/Slate/Fonts/Roboto-Italic.ttf' (157K)
[2020.03.29-17.14.09:375][371]LogSlate: Took 0.000178 seconds to synchronously load lazily loaded font '../../../Engine/Content/Slate/Fonts/Roboto-Light.ttf' (167K)
[2020.03.29-17.14.09:389][371]LogAssetEditorSubsystem: Opening Asset editor for Blueprint /Game/ThirdPersonBP/Blueprints/ThirdPersonCharacter.ThirdPersonCharacter
[2020.03.29-17.14.09:574][371]LogContentBrowser: Native class hierarchy updated for 'BlueprintGraph' in 0.0006 seconds. Added 121 classes and 0 folders.
[2020.03.29-17.14.10:392][371]LogSlate: Took 0.000149 seconds to synchronously load lazily loaded font '../../../Engine/Content/Slate/Fonts/Roboto-BoldCondensed.ttf' (158K)
[2020.03.29-17.14.13:271][509]LogSlate: Window 'ThirdPersonCharacter' being destroyed
[2020.03.29-17.14.13:279][509]LogSlate: Window 'ThirdPersonCharacter' being destroyed
[2020.03.29-17.14.13:281][509]LogWorld: UWorld::CleanupWorld for World_2, bSessionEnded=true, bCleanupResources=true
[2020.03.29-17.14.13:281][509]LogSlate: InvalidateAllWidgets triggered.  All widgets were invalidated
[2020.03.29-17.14.20:669][944]LogAssetEditorSubsystem: Opening Asset editor for Blueprint /Game/ThirdPersonBP/Blueprints/ENEMY.ENEMY
[2020.03.29-17.14.23:372][ 53]LogRenderer: Reallocating scene render targets to support 1144x712 Format 10 NumSamples 1 (Frame:1).
[2020.03.29-17.14.35:467][744]LogSlate: Prevented a slow task dialog from being summoned while a context menu was open
[2020.03.29-17.14.35:468][744]LogLinker: Warning: Failed to load '/Game/Character_ThirdPerson/Mannequin/Animations/ThirdPerson_AnimBP': Can't find file.
[2020.03.29-17.14.35:468][744]LogLinker: Warning: Failed to load '/Game/Character_ThirdPerson/Mannequin/Animations/ThirdPerson_AnimBP': Can't find file.
[2020.03.29-17.14.35:468][744]LogUObjectGlobals: Warning: Failed to find object 'Class /Game/Character_ThirdPerson/Mannequin/Animations/ThirdPerson_AnimBP.ThirdPerson_AnimBP_C'
[2020.03.29-17.14.35:468][744]EditorErrors: Error: Failed to load class /Game/Character_ThirdPerson/Mannequin/Animations/ThirdPerson_AnimBP.ThirdPerson_AnimBP_C
[2020.03.29-17.14.37:948][870]LogTemp: Repeating last play command: Selected Viewport
[2020.03.29-17.14.37:958][870]LogBlueprintUserMessages: Early PlayInEditor Detection: Level '/Game/ThirdPersonBP/Maps/ThirdPersonExampleMap.ThirdPersonExampleMap:PersistentLevel' has LevelScriptBlueprint '/Game/ThirdPersonBP/Maps/ThirdPersonExampleMap.ThirdPersonExampleMap:PersistentLevel.ThirdPersonExampleMap' with GeneratedClass '/Game/ThirdPersonBP/Maps/ThirdPersonExampleMap.ThirdPersonExampleMap_C' with ClassGeneratedBy '/Game/ThirdPersonBP/Maps/ThirdPersonExampleMap.ThirdPersonExampleMap:PersistentLevel.ThirdPersonExampleMap'
[2020.03.29-17.14.37:958][870]BlueprintLog: New page: Pre-Play auto-recompile
[2020.03.29-17.14.37:959][870]LogPlayLevel: [PlayLevel] Compiling ENEMY before play...
[2020.03.29-17.14.38:283][870]LogUObjectHash: Compacting FUObjectHashTables data took   3.41ms
[2020.03.29-17.14.38:284][870]LogPlayLevel: PlayLevel: Blueprint regeneration took 326 ms (1 blueprints)
[2020.03.29-17.14.38:285][870]PIE: New page: PIE session: ThirdPersonExampleMap (29 mar. 2020 21:14:38)
[2020.03.29-17.14.38:286][870]LogOnline: OSS: Creating online subsystem instance for: NULL
[2020.03.29-17.14.38:287][870]LogOnline: OSS: TryLoadSubsystemAndSetDefault: Loaded subsystem for module [NULL]
[2020.03.29-17.14.38:287][870]LogPlayLevel: Creating play world package: /Game/ThirdPersonBP/Maps/UEDPIE_0_ThirdPersonExampleMap
[2020.03.29-17.14.38:444][870]LogPlayLevel: PIE: StaticDuplicateObject took: (0.155905s)
[2020.03.29-17.14.38:445][870]LogAIModule: Creating AISystem for world ThirdPersonExampleMap
[2020.03.29-17.14.38:446][870]LogPlayLevel: PIE: World Init took: (0.001606s)
[2020.03.29-17.14.38:446][870]LogPlayLevel: PIE: Created PIE world by copying editor world from /Game/ThirdPersonBP/Maps/ThirdPersonExampleMap.ThirdPersonExampleMap to /Game/ThirdPersonBP/Maps/UEDPIE_0_ThirdPersonExampleMap.ThirdPersonExampleMap (0.157853s)
[2020.03.29-17.14.38:478][870]LogUObjectHash: Compacting FUObjectHashTables data took   2.47ms
[2020.03.29-17.14.38:479][870]LogAudioMixer: Display: Audio Mixer Platform Settings:
[2020.03.29-17.14.38:479][870]LogAudioMixer: Display: 	Sample Rate:						  48000
[2020.03.29-17.14.38:479][870]LogAudioMixer: Display: 	Callback Buffer Frame Size Requested: 1024
[2020.03.29-17.14.38:479][870]LogAudioMixer: Display: 	Callback Buffer Frame Size To Use:	  1024
[2020.03.29-17.14.38:479][870]LogAudioMixer: Display: 	Number of buffers to queue:			  2
[2020.03.29-17.14.38:479][870]LogAudioMixer: Display: 	Max Channels (voices):				  32
[2020.03.29-17.14.38:479][870]LogAudioMixer: Display: 	Number of Async Source Workers:		  0
[2020.03.29-17.14.38:479][870]LogAudio: Display: AudioDevice MaxSources: 32
[2020.03.29-17.14.38:479][870]LogAudio: Display: Using built-in audio occlusion.
[2020.03.29-17.14.38:479][870]LogAudioMixer: Display: Initializing audio mixer.
[2020.03.29-17.14.38:492][870]LogAudioMixer: Display: Audio Device Output Speaker Info:
[2020.03.29-17.14.38:492][870]LogAudioMixer: Display: Name: Speakers (Realtek High Definition Audio)
[2020.03.29-17.14.38:492][870]LogAudioMixer: Display: Is Default: Yes
[2020.03.29-17.14.38:492][870]LogAudioMixer: Display: Sample Rate: 48000
[2020.03.29-17.14.38:492][870]LogAudioMixer: Display: Channel Count Used: 2
[2020.03.29-17.14.38:492][870]LogAudioMixer: Display: Device Channel Count: 2
[2020.03.29-17.14.38:492][870]LogAudioMixer: Display: Channel Order:
[2020.03.29-17.14.38:492][870]LogAudioMixer: Display: 0: FrontLeft
[2020.03.29-17.14.38:492][870]LogAudioMixer: Display: 1: FrontRight
[2020.03.29-17.14.38:557][870]LogAudioMixer: Display: Using Audio Device Speakers (Realtek High Definition Audio)
[2020.03.29-17.14.38:559][870]LogInit: FAudioDevice initialized.
[2020.03.29-17.14.38:590][870]LogLoad: Game class is 'ThirdPersonGameMode_C'
[2020.03.29-17.14.38:595][870]LogWorld: Bringing World /Game/ThirdPersonBP/Maps/UEDPIE_0_ThirdPersonExampleMap.ThirdPersonExampleMap up for play (max tick rate 60) at 2020.03.29-19.14.38
[2020.03.29-17.14.38:595][870]LogWorld: Bringing up level for play took: 0.003672
[2020.03.29-17.14.38:596][870]LogOnline: OSS: Creating online subsystem instance for: :Context_5
[2020.03.29-17.14.38:598][870]LogContentBrowser: Native class hierarchy updated for 'MovieSceneCapture' in 0.0003 seconds. Added 20 classes and 0 folders.
[2020.03.29-17.14.38:600][870]LogBlueprintUserMessages: [Patrullar_AIController_C_0] PATRULLANDO
[2020.03.29-17.14.38:601][870]PIE: Play in editor start time for /Game/ThirdPersonBP/Maps/UEDPIE_0_ThirdPersonExampleMap 0,73
[2020.03.29-17.14.38:601][870]LogBlueprintUserMessages: Late PlayInEditor Detection: Level '/Game/ThirdPersonBP/Maps/ThirdPersonExampleMap.ThirdPersonExampleMap:PersistentLevel' has LevelScriptBlueprint '/Game/ThirdPersonBP/Maps/ThirdPersonExampleMap.ThirdPersonExampleMap:PersistentLevel.ThirdPersonExampleMap' with GeneratedClass '/Game/ThirdPersonBP/Maps/ThirdPersonExampleMap.ThirdPersonExampleMap_C' with ClassGeneratedBy '/Game/ThirdPersonBP/Maps/ThirdPersonExampleMap.ThirdPersonExampleMap:PersistentLevel.ThirdPersonExampleMap'
[2020.03.29-17.14.42:605][ 91]LogAudioMixer: Display: No commands were queued while flushing the source manager.
[2020.03.29-17.14.42:605][ 91]LogAudioMixer: Display: No commands were queued while flushing the source manager.
[2020.03.29-17.14.42:605][ 91]LogBlueprintUserMessages: Early EndPlayMap Detection: Level '/Game/ThirdPersonBP/Maps/ThirdPersonExampleMap.ThirdPersonExampleMap:PersistentLevel' has LevelScriptBlueprint '/Game/ThirdPersonBP/Maps/ThirdPersonExampleMap.ThirdPersonExampleMap:PersistentLevel.ThirdPersonExampleMap' with GeneratedClass '/Game/ThirdPersonBP/Maps/ThirdPersonExampleMap.ThirdPersonExampleMap_C' with ClassGeneratedBy '/Game/ThirdPersonBP/Maps/ThirdPersonExampleMap.ThirdPersonExampleMap:PersistentLevel.ThirdPersonExampleMap'
[2020.03.29-17.14.42:606][ 91]LogSlate: Updating window title bar state: overlay mode, drag disabled, window buttons hidden, title bar hidden
[2020.03.29-17.14.42:606][ 91]LogWorld: BeginTearingDown for /Game/ThirdPersonBP/Maps/UEDPIE_0_ThirdPersonExampleMap
[2020.03.29-17.14.42:606][ 91]LogAudioMixer: Display: No commands were queued while flushing the source manager.
[2020.03.29-17.14.42:606][ 91]LogWorld: UWorld::CleanupWorld for ThirdPersonExampleMap, bSessionEnded=true, bCleanupResources=true
[2020.03.29-17.14.42:607][ 91]LogSlate: InvalidateAllWidgets triggered.  All widgets were invalidated
[2020.03.29-17.14.42:616][ 91]LogPlayLevel: Display: Shutting down PIE online subsystems
[2020.03.29-17.14.42:617][ 91]LogBlueprintUserMessages: Late EndPlayMap Detection: Level '/Game/ThirdPersonBP/Maps/ThirdPersonExampleMap.ThirdPersonExampleMap:PersistentLevel' has LevelScriptBlueprint '/Game/ThirdPersonBP/Maps/ThirdPersonExampleMap.ThirdPersonExampleMap:PersistentLevel.ThirdPersonExampleMap' with GeneratedClass '/Game/ThirdPersonBP/Maps/ThirdPersonExampleMap.ThirdPersonExampleMap_C' with ClassGeneratedBy '/Game/ThirdPersonBP/Maps/ThirdPersonExampleMap.ThirdPersonExampleMap:PersistentLevel.ThirdPersonExampleMap'
[2020.03.29-17.14.42:621][ 91]LogSlate: InvalidateAllWidgets triggered.  All widgets were invalidated
[2020.03.29-17.14.42:658][ 91]LogAudioMixer: Display: No commands were queued while flushing the source manager.
[2020.03.29-17.14.42:662][ 91]LogSlate: Updating window title bar state: overlay mode, drag disabled, window buttons hidden, title bar hidden
[2020.03.29-17.14.42:690][ 91]LogUObjectHash: Compacting FUObjectHashTables data took   4.36ms
[2020.03.29-17.14.42:729][ 92]LogPlayLevel: Display: Destroying online subsystem :Context_5
[2020.03.29-17.14.46:930][339]LogSlate: Prevented a slow task dialog from being summoned while a context menu was open
[2020.03.29-17.15.05:162][424]LogSavePackage: Moving '../../../../../../UnityOtherProjct/ProjectePuigdemont/PROVA_EXAMEN_REPOSITORI/PROVA3/Saved/ENEMY7E40D03F45396234044E97B1C7D430FC.tmp' to '../../../../../../UnityOtherProjct/ProjectePuigdemont/PROVA_EXAMEN_REPOSITORI/PROVA3/Content/ThirdPersonBP/Blueprints/ENEMY.uasset'
[2020.03.29-17.15.05:179][424]AssetCheck: New page: Asset Save: ENEMY
[2020.03.29-17.15.05:179][424]LogContentValidation: Display: Validating Blueprint /Game/ThirdPersonBP/Blueprints/ENEMY.ENEMY
[2020.03.29-17.15.05:795][461]BlueprintLog: New page: Compile ENEMY
[2020.03.29-17.15.06:108][461]LogUObjectHash: Compacting FUObjectHashTables data took   4.56ms
[2020.03.29-17.16.17:285][728]LogEditorViewport: Clicking on Actor (LMB): INITIAL_PLACE_C (INITIAL_PLACE)
[2020.03.29-17.16.18:432][795]Cmd: DELETE
[2020.03.29-17.16.18:432][795]Cmd: ACTOR DELETE
[2020.03.29-17.16.18:436][795]LogEditorActor: Deleted Actor: INITIAL_PLACE_C
[2020.03.29-17.16.18:484][795]LogUObjectHash: Compacting FUObjectHashTables data took   4.93ms
[2020.03.29-17.16.18:486][795]LogEditorActor: Deleted 1 Actors (0.055 secs)
[2020.03.29-17.16.20:486][912]LogUObjectHash: Compacting FUObjectHashTables data took   0.96ms
[2020.03.29-17.16.20:889][912]LogSavePackage: Moving '../../../../../../UnityOtherProjct/ProjectePuigdemont/PROVA_EXAMEN_REPOSITORI/PROVA3/Saved/ThirdPersonExampleMap1E07EE5E4DBBF81492BC108CCEF2C76F.tmp' to '../../../../../../UnityOtherProjct/ProjectePuigdemont/PROVA_EXAMEN_REPOSITORI/PROVA3/Content/ThirdPersonBP/Maps/ThirdPersonExampleMap.umap'
[2020.03.29-17.16.21:074][912]LogSavePackage: Moving '../../../../../../UnityOtherProjct/ProjectePuigdemont/PROVA_EXAMEN_REPOSITORI/PROVA3/Saved/ThirdPersonExampleMap_BuiltDataDCC6A4B845E125F67D6E35954DF94900.tmp' to '../../../../../../UnityOtherProjct/ProjectePuigdemont/PROVA_EXAMEN_REPOSITORI/PROVA3/Content/ThirdPersonBP/Maps/ThirdPersonExampleMap_BuiltData.uasset'
[2020.03.29-17.16.21:093][912]AssetCheck: New page: Asset Save: multiple assets
[2020.03.29-17.16.21:093][912]LogContentValidation: Display: Validating World /Game/ThirdPersonBP/Maps/ThirdPersonExampleMap.ThirdPersonExampleMap
[2020.03.29-17.16.21:093][912]LogContentValidation: Display: Validating MapBuildDataRegistry /Game/ThirdPersonBP/Maps/ThirdPersonExampleMap_BuiltData.ThirdPersonExampleMap_BuiltData
[2020.03.29-17.16.58:990][177]LogUObjectHash: Compacting FUObjectHashTables data took   4.11ms
[2020.03.29-17.17.05:167][541]LogUObjectHash: Compacting FUObjectHashTables data took   4.28ms
[2020.03.29-17.17.05:557][541]LogSavePackage: Moving '../../../../../../UnityOtherProjct/ProjectePuigdemont/PROVA_EXAMEN_REPOSITORI/PROVA3/Saved/ThirdPersonExampleMapE0297FEE4CF1DB640BEC889A9F298610.tmp' to '../../../../../../UnityOtherProjct/ProjectePuigdemont/PROVA_EXAMEN_REPOSITORI/PROVA3/Content/ThirdPersonBP/Maps/ThirdPersonExampleMap.umap'
[2020.03.29-17.17.05:698][541]LogSavePackage: Moving '../../../../../../UnityOtherProjct/ProjectePuigdemont/PROVA_EXAMEN_REPOSITORI/PROVA3/Saved/ThirdPersonExampleMap_BuiltData57DB31BF496F9CF26C59FC9C404C578D.tmp' to '../../../../../../UnityOtherProjct/ProjectePuigdemont/PROVA_EXAMEN_REPOSITORI/PROVA3/Content/ThirdPersonBP/Maps/ThirdPersonExampleMap_BuiltData.uasset'
[2020.03.29-17.17.05:717][541]AssetCheck: New page: Asset Save: multiple assets
[2020.03.29-17.17.05:717][541]LogContentValidation: Display: Validating World /Game/ThirdPersonBP/Maps/ThirdPersonExampleMap.ThirdPersonExampleMap
[2020.03.29-17.17.05:717][541]LogContentValidation: Display: Validating MapBuildDataRegistry /Game/ThirdPersonBP/Maps/ThirdPersonExampleMap_BuiltData.ThirdPersonExampleMap_BuiltData
